Starting unprovisioning process
WARNING: A new Bicep release is available: v0.27.1. Upgrade now by running "az bicep upgrade".
INFO: Command ran in 697.035 seconds (init: 0.181, invoke: 696.855)
{
  "id": "/subscriptions/f0afb0df-9549-4bb4-8af8-683201ed7aaa/resourceGroups/RG-AustraliaEast-bicep-4/providers/Microsoft.Resources/deployments/cleanup",
  "location": null,
  "name": "cleanup",
  "properties": {
    "correlationId": "1837150e-55d3-417f-93d7-9aebd30cd739",
    "debugSetting": null,
    "dependencies": [],
    "duration": "PT11M9.1776559S",
    "error": null,
    "mode": "Complete",
    "onErrorDeployment": null,
    "outputResources": [],
    "outputs": null,
    "parameters": null,
    "parametersLink": null,
    "providers": [],
    "provisioningState": "Succeeded",
    "templateHash": "6609161197123188811",
    "templateLink": null,
    "timestamp": "2024-05-14T22:03:18.877867+00:00",
    "validatedResources": null
  },
  "resourceGroup": "RG-AustraliaEast-bicep-4",
  "tags": null,
  "type": "Microsoft.Resources/deployments"
}
