Starting unprovisioning process
INFO: Command ran in 705.149 seconds (init: 0.182, invoke: 704.967)
{
  "id": "/subscriptions/f0afb0df-9549-4bb4-8af8-683201ed7aaa/resourceGroups/RG-SwedenCentral-ARM-5/providers/Microsoft.Resources/deployments/cleanup",
  "location": null,
  "name": "cleanup",
  "properties": {
    "correlationId": "27397a90-2515-415c-bd4b-1ae93a7ec0ee",
    "debugSetting": null,
    "dependencies": [],
    "duration": "PT11M13.5811422S",
    "error": null,
    "mode": "Complete",
    "onErrorDeployment": null,
    "outputResources": [],
    "outputs": {},
    "parameters": {},
    "parametersLink": null,
    "providers": [],
    "provisioningState": "Succeeded",
    "templateHash": "11635883502557795404",
    "templateLink": null,
    "timestamp": "2024-05-14T23:44:22.220622+00:00",
    "validatedResources": null
  },
  "resourceGroup": "RG-SwedenCentral-ARM-5",
  "tags": null,
  "type": "Microsoft.Resources/deployments"
}
