Starting unprovisioning process
WARNING: A new Bicep release is available: v0.26.170. Upgrade now by running "az bicep upgrade".
INFO: Command ran in 711.826 seconds (init: 0.221, invoke: 711.605)
{
  "id": "/subscriptions/33f27ac9-52ef-43de-b518-ef0b994e7f1b/resourceGroups/RG-SwedenCentral-bicep-2/providers/Microsoft.Resources/deployments/cleanup",
  "location": null,
  "name": "cleanup",
  "properties": {
    "correlationId": "a9690358-751f-47bd-bc9d-d56b67cfd94d",
    "debugSetting": null,
    "dependencies": [],
    "duration": "PT11M11.3662632S",
    "error": null,
    "mode": "Complete",
    "onErrorDeployment": null,
    "outputResources": [],
    "outputs": null,
    "parameters": null,
    "parametersLink": null,
    "providers": [],
    "provisioningState": "Succeeded",
    "templateHash": "6609161197123188811",
    "templateLink": null,
    "timestamp": "2024-04-21T08:19:53.508913+00:00",
    "validatedResources": null
  },
  "resourceGroup": "RG-SwedenCentral-bicep-2",
  "tags": null,
  "type": "Microsoft.Resources/deployments"
}
