Starting unprovisioning process
INFO: Command ran in 708.696 seconds (init: 0.183, invoke: 708.513)
{
  "id": "/subscriptions/f0afb0df-9549-4bb4-8af8-683201ed7aaa/resourceGroups/RG-SwedenCentral-bicep-1/providers/Microsoft.Resources/deployments/cleanup",
  "location": null,
  "name": "cleanup",
  "properties": {
    "correlationId": "59b27399-41d7-4d5a-8008-092ba5558ac3",
    "debugSetting": null,
    "dependencies": [],
    "duration": "PT11M13.6113628S",
    "error": null,
    "mode": "Complete",
    "onErrorDeployment": null,
    "outputResources": [],
    "outputs": {},
    "parameters": {},
    "parametersLink": null,
    "providers": [],
    "provisioningState": "Succeeded",
    "templateHash": "11635883502557795404",
    "templateLink": null,
    "timestamp": "2024-06-01T12:59:17.524783+00:00",
    "validatedResources": null
  },
  "resourceGroup": "RG-SwedenCentral-bicep-1",
  "tags": null,
  "type": "Microsoft.Resources/deployments"
}
