Starting provisioning process
INFO: Command ran in 491.280 seconds (init: 0.240, invoke: 491.040)
{
  "id": "/subscriptions/33f27ac9-52ef-43de-b518-ef0b994e7f1b/resourceGroups/RG-EastUS-ARM-3/providers/Microsoft.Resources/deployments/root",
  "location": null,
  "name": "root",
  "properties": {
    "correlationId": "2de1457a-b320-44ae-945f-fc46ced00bbb",
    "debugSetting": null,
    "dependencies": [],
    "duration": "PT7M59.6992672S",
    "error": null,
    "mode": "Incremental",
    "onErrorDeployment": null,
    "outputResources": [
      {
        "id": "/subscriptions/33f27ac9-52ef-43de-b518-ef0b994e7f1b/resourceGroups/RG-EastUS-ARM-3/providers/Microsoft.Compute/virtualMachines/adds1",
        "resourceGroup": "RG-EastUS-ARM-3"
      },
      {
        "id": "/subscriptions/33f27ac9-52ef-43de-b518-ef0b994e7f1b/resourceGroups/RG-EastUS-ARM-3/providers/Microsoft.KeyVault/vaults/kv-wq7azbwvnsoay",
        "resourceGroup": "RG-EastUS-ARM-3"
      },
      {
        "id": "/subscriptions/33f27ac9-52ef-43de-b518-ef0b994e7f1b/resourceGroups/RG-EastUS-ARM-3/providers/Microsoft.KeyVault/vaults/kv-wq7azbwvnsoay/secrets/adminpassword",
        "resourceGroup": "RG-EastUS-ARM-3"
      },
      {
        "id": "/subscriptions/33f27ac9-52ef-43de-b518-ef0b994e7f1b/resourceGroups/RG-EastUS-ARM-3/providers/Microsoft.KeyVault/vaults/kv-wq7azbwvnsoay/secrets/adminuser",
        "resourceGroup": "RG-EastUS-ARM-3"
      },
      {
        "id": "/subscriptions/33f27ac9-52ef-43de-b518-ef0b994e7f1b/resourceGroups/RG-EastUS-ARM-3/providers/Microsoft.KeyVault/vaults/kv-wq7azbwvnsoay/secrets/log-shared-arm-01-ID",
        "resourceGroup": "RG-EastUS-ARM-3"
      },
      {
        "id": "/subscriptions/33f27ac9-52ef-43de-b518-ef0b994e7f1b/resourceGroups/RG-EastUS-ARM-3/providers/Microsoft.KeyVault/vaults/kv-wq7azbwvnsoay/secrets/stwq7azbwvnsoay",
        "resourceGroup": "RG-EastUS-ARM-3"
      },
      {
        "id": "/subscriptions/33f27ac9-52ef-43de-b518-ef0b994e7f1b/resourceGroups/RG-EastUS-ARM-3/providers/Microsoft.Network/bastionHosts/bst-ARM-01",
        "resourceGroup": "RG-EastUS-ARM-3"
      },
      {
        "id": "/subscriptions/33f27ac9-52ef-43de-b518-ef0b994e7f1b/resourceGroups/RG-EastUS-ARM-3/providers/Microsoft.Network/networkInterfaces/nic-adds11",
        "resourceGroup": "RG-EastUS-ARM-3"
      },
      {
        "id": "/subscriptions/33f27ac9-52ef-43de-b518-ef0b994e7f1b/resourceGroups/RG-EastUS-ARM-3/providers/Microsoft.Network/networkSecurityGroups/nsg-vnet-shared-01.AzureBastionSubnet",
        "resourceGroup": "RG-EastUS-ARM-3"
      },
      {
        "id": "/subscriptions/33f27ac9-52ef-43de-b518-ef0b994e7f1b/resourceGroups/RG-EastUS-ARM-3/providers/Microsoft.Network/networkSecurityGroups/nsg-vnet-shared-01.snet-adds-01",
        "resourceGroup": "RG-EastUS-ARM-3"
      },
      {
        "id": "/subscriptions/33f27ac9-52ef-43de-b518-ef0b994e7f1b/resourceGroups/RG-EastUS-ARM-3/providers/Microsoft.Network/networkSecurityGroups/nsg-vnet-shared-01.snet-misc-01",
        "resourceGroup": "RG-EastUS-ARM-3"
      },
      {
        "id": "/subscriptions/33f27ac9-52ef-43de-b518-ef0b994e7f1b/resourceGroups/RG-EastUS-ARM-3/providers/Microsoft.Network/networkSecurityGroups/nsg-vnet-shared-01.snet-misc-02",
        "resourceGroup": "RG-EastUS-ARM-3"
      },
      {
        "id": "/subscriptions/33f27ac9-52ef-43de-b518-ef0b994e7f1b/resourceGroups/RG-EastUS-ARM-3/providers/Microsoft.Network/publicIPAddresses/pip-bst-ARM-01",
        "resourceGroup": "RG-EastUS-ARM-3"
      },
      {
        "id": "/subscriptions/33f27ac9-52ef-43de-b518-ef0b994e7f1b/resourceGroups/RG-EastUS-ARM-3/providers/Microsoft.Network/virtualNetworks/vnet-shared-01",
        "resourceGroup": "RG-EastUS-ARM-3"
      },
      {
        "id": "/subscriptions/33f27ac9-52ef-43de-b518-ef0b994e7f1b/resourceGroups/RG-EastUS-ARM-3/providers/Microsoft.OperationalInsights/workspaces/log-shared-arm-01",
        "resourceGroup": "RG-EastUS-ARM-3"
      },
      {
        "id": "/subscriptions/33f27ac9-52ef-43de-b518-ef0b994e7f1b/resourceGroups/RG-EastUS-ARM-3/providers/Microsoft.Storage/storageAccounts/stwq7azbwvnsoay",
        "resourceGroup": "RG-EastUS-ARM-3"
      },
      {
        "id": "/subscriptions/33f27ac9-52ef-43de-b518-ef0b994e7f1b/resourceGroups/RG-EastUS-ARM-3/providers/Microsoft.Storage/storageAccounts/stwq7azbwvnsoay/blobServices/default/containers/scripts",
        "resourceGroup": "RG-EastUS-ARM-3"
      }
    ],
    "outputs": null,
    "parameters": {
      "adminUsername": {
        "type": "String",
        "value": "bootstrapadmin"
      },
      "armClientObjectId": {
        "type": "String",
        "value": "c4b9d2d3-0fe4-46e4-a0b0-e8f0ce1bbbde"
      },
      "dnsServers": {
        "type": "Array",
        "value": [
          "10.1.1.4",
          "168.63.129.16"
        ]
      },
      "location": {
        "type": "String",
        "value": "eastus"
      },
      "ownerObjectId": {
        "type": "String",
        "value": "5e1a0937-9b34-46ca-adde-41e4a5d58f58"
      },
      "resourceGroupName": {
        "type": "String",
        "value": "RG-EastUS-ARM-3"
      },
      "subscriptionId": {
        "type": "String",
        "value": "33f27ac9-52ef-43de-b518-ef0b994e7f1b"
      }
    },
    "parametersLink": null,
    "providers": [
      {
        "id": null,
        "namespace": "Microsoft.Resources",
        "providerAuthorizationConsentState": null,
        "registrationPolicy": null,
        "registrationState": null,
        "resourceTypes": [
          {
            "aliases": null,
            "apiProfiles": null,
            "apiVersions": null,
            "capabilities": null,
            "defaultApiVersion": null,
            "locationMappings": null,
            "locations": [
              null
            ],
            "properties": null,
            "resourceType": "deployments",
            "zoneMappings": null
          }
        ]
      }
    ],
    "provisioningState": "Succeeded",
    "templateHash": "6586550861175567386",
    "templateLink": null,
    "timestamp": "2024-04-17T06:54:42.669066+00:00",
    "validatedResources": null
  },
  "resourceGroup": "RG-EastUS-ARM-3",
  "tags": null,
  "type": "Microsoft.Resources/deployments"
}
