Starting unprovisioning process
INFO: Command ran in 669.539 seconds (init: 0.205, invoke: 669.334)
{
  "id": "/subscriptions/f0afb0df-9549-4bb4-8af8-683201ed7aaa/resourceGroups/RG-EastUS-bicep-5/providers/Microsoft.Resources/deployments/cleanup",
  "location": null,
  "name": "cleanup",
  "properties": {
    "correlationId": "2b67204b-5dbc-46d4-97c9-5a72e2cc1c89",
    "debugSetting": null,
    "dependencies": [],
    "duration": "PT11M2.814492S",
    "error": null,
    "mode": "Complete",
    "onErrorDeployment": null,
    "outputResources": [],
    "outputs": {},
    "parameters": {},
    "parametersLink": null,
    "providers": [],
    "provisioningState": "Succeeded",
    "templateHash": "11635883502557795404",
    "templateLink": null,
    "timestamp": "2024-06-01T20:23:06.927627+00:00",
    "validatedResources": null
  },
  "resourceGroup": "RG-EastUS-bicep-5",
  "tags": null,
  "type": "Microsoft.Resources/deployments"
}
