Starting unprovisioning process
INFO: Command ran in 703.544 seconds (init: 0.223, invoke: 703.321)
{
  "id": "/subscriptions/33f27ac9-52ef-43de-b518-ef0b994e7f1b/resourceGroups/RG-SoutheastAsia-ARM-3/providers/Microsoft.Resources/deployments/cleanup",
  "location": null,
  "name": "cleanup",
  "properties": {
    "correlationId": "662efee0-3d96-4e03-b0da-3a4759f7a862",
    "debugSetting": null,
    "dependencies": [],
    "duration": "PT11M12.9060106S",
    "error": null,
    "mode": "Complete",
    "onErrorDeployment": null,
    "outputResources": [],
    "outputs": {},
    "parameters": {},
    "parametersLink": null,
    "providers": [],
    "provisioningState": "Succeeded",
    "templateHash": "11635883502557795404",
    "templateLink": null,
    "timestamp": "2024-04-16T08:33:38.092386+00:00",
    "validatedResources": null
  },
  "resourceGroup": "RG-SoutheastAsia-ARM-3",
  "tags": null,
  "type": "Microsoft.Resources/deployments"
}
