Starting unprovisioning process
WARNING: A new Bicep release is available: v0.27.1. Upgrade now by running "az bicep upgrade".
INFO: Command ran in 696.237 seconds (init: 0.181, invoke: 696.056)
{
  "id": "/subscriptions/f0afb0df-9549-4bb4-8af8-683201ed7aaa/resourceGroups/RG-EastUS-bicep-1/providers/Microsoft.Resources/deployments/cleanup",
  "location": null,
  "name": "cleanup",
  "properties": {
    "correlationId": "19c3e43c-fdf6-4d42-b762-1ff4dca7f948",
    "debugSetting": null,
    "dependencies": [],
    "duration": "PT11M2.8138558S",
    "error": null,
    "mode": "Complete",
    "onErrorDeployment": null,
    "outputResources": [],
    "outputs": null,
    "parameters": null,
    "parametersLink": null,
    "providers": [],
    "provisioningState": "Succeeded",
    "templateHash": "6609161197123188811",
    "templateLink": null,
    "timestamp": "2024-05-15T10:57:52.369472+00:00",
    "validatedResources": null
  },
  "resourceGroup": "RG-EastUS-bicep-1",
  "tags": null,
  "type": "Microsoft.Resources/deployments"
}
