Starting unprovisioning process
INFO: Command ran in 520.854 seconds (init: 0.185, invoke: 520.669)
{
  "id": "/subscriptions/f0afb0df-9549-4bb4-8af8-683201ed7aaa/resourceGroups/RG-SwedenCentral-ARM-1/providers/Microsoft.Resources/deployments/cleanup",
  "location": null,
  "name": "cleanup",
  "properties": {
    "correlationId": "094ccf74-980b-465d-9141-cd6acb0580c9",
    "debugSetting": null,
    "dependencies": [],
    "duration": "PT8M11.5744443S",
    "error": null,
    "mode": "Complete",
    "onErrorDeployment": null,
    "outputResources": [],
    "outputs": {},
    "parameters": {},
    "parametersLink": null,
    "providers": [],
    "provisioningState": "Succeeded",
    "templateHash": "11635883502557795404",
    "templateLink": null,
    "timestamp": "2024-05-14T10:25:16.686609+00:00",
    "validatedResources": null
  },
  "resourceGroup": "RG-SwedenCentral-ARM-1",
  "tags": null,
  "type": "Microsoft.Resources/deployments"
}
