Starting unprovisioning process
WARNING: A new Bicep release is available: v0.27.1. Upgrade now by running "az bicep upgrade".
INFO: Command ran in 695.508 seconds (init: 0.180, invoke: 695.328)
{
  "id": "/subscriptions/f0afb0df-9549-4bb4-8af8-683201ed7aaa/resourceGroups/RG-EastUS-bicep-5/providers/Microsoft.Resources/deployments/cleanup",
  "location": null,
  "name": "cleanup",
  "properties": {
    "correlationId": "8b353de2-1e6f-4eb2-993a-cb84392411fc",
    "debugSetting": null,
    "dependencies": [],
    "duration": "PT11M3.4476655S",
    "error": null,
    "mode": "Complete",
    "onErrorDeployment": null,
    "outputResources": [],
    "outputs": null,
    "parameters": null,
    "parametersLink": null,
    "providers": [],
    "provisioningState": "Succeeded",
    "templateHash": "6609161197123188811",
    "templateLink": null,
    "timestamp": "2024-05-16T04:29:15.613103+00:00",
    "validatedResources": null
  },
  "resourceGroup": "RG-EastUS-bicep-5",
  "tags": null,
  "type": "Microsoft.Resources/deployments"
}
