Starting unprovisioning process
INFO: Command ran in 694.395 seconds (init: 0.185, invoke: 694.210)
{
  "id": "/subscriptions/f0afb0df-9549-4bb4-8af8-683201ed7aaa/resourceGroups/RG-EastUS-bicep-3/providers/Microsoft.Resources/deployments/cleanup",
  "location": null,
  "name": "cleanup",
  "properties": {
    "correlationId": "a33292a7-0446-41a3-bdfd-3fb2eeed6a53",
    "debugSetting": null,
    "dependencies": [],
    "duration": "PT11M3.6506352S",
    "error": null,
    "mode": "Complete",
    "onErrorDeployment": null,
    "outputResources": [],
    "outputs": {},
    "parameters": {},
    "parametersLink": null,
    "providers": [],
    "provisioningState": "Succeeded",
    "templateHash": "11635883502557795404",
    "templateLink": null,
    "timestamp": "2024-06-01T17:00:00.113109+00:00",
    "validatedResources": null
  },
  "resourceGroup": "RG-EastUS-bicep-3",
  "tags": null,
  "type": "Microsoft.Resources/deployments"
}
