Starting unprovisioning process
INFO: Command ran in 693.525 seconds (init: 0.182, invoke: 693.343)
{
  "id": "/subscriptions/f0afb0df-9549-4bb4-8af8-683201ed7aaa/resourceGroups/RG-AustraliaEast-ARM-5/providers/Microsoft.Resources/deployments/cleanup",
  "location": null,
  "name": "cleanup",
  "properties": {
    "correlationId": "327d3c55-d185-48e3-94f9-091ae7363c1b",
    "debugSetting": null,
    "dependencies": [],
    "duration": "PT11M9.0958521S",
    "error": null,
    "mode": "Complete",
    "onErrorDeployment": null,
    "outputResources": [],
    "outputs": {},
    "parameters": {},
    "parametersLink": null,
    "providers": [],
    "provisioningState": "Succeeded",
    "templateHash": "11635883502557795404",
    "templateLink": null,
    "timestamp": "2024-05-19T01:54:36.881921+00:00",
    "validatedResources": null
  },
  "resourceGroup": "RG-AustraliaEast-ARM-5",
  "tags": null,
  "type": "Microsoft.Resources/deployments"
}
