Starting unprovisioning process
INFO: Command ran in 702.440 seconds (init: 0.182, invoke: 702.258)
{
  "id": "/subscriptions/f0afb0df-9549-4bb4-8af8-683201ed7aaa/resourceGroups/RG-SwedenCentral-ARM-2/providers/Microsoft.Resources/deployments/cleanup",
  "location": null,
  "name": "cleanup",
  "properties": {
    "correlationId": "34193f4b-9a5e-4f32-ac86-3df7e3be9082",
    "debugSetting": null,
    "dependencies": [],
    "duration": "PT11M10.8016928S",
    "error": null,
    "mode": "Complete",
    "onErrorDeployment": null,
    "outputResources": [],
    "outputs": {},
    "parameters": {},
    "parametersLink": null,
    "providers": [],
    "provisioningState": "Succeeded",
    "templateHash": "11635883502557795404",
    "templateLink": null,
    "timestamp": "2024-05-20T09:31:03.155334+00:00",
    "validatedResources": null
  },
  "resourceGroup": "RG-SwedenCentral-ARM-2",
  "tags": null,
  "type": "Microsoft.Resources/deployments"
}
