------------------------- STARTING TESTS ------------------------- 

     Bootstraping deployment with pre-requisites ...
          Azure Subscription ID:    f0afb0df-9549-4bb4-8af8-683201ed7aaa
          Azure Subscription:       'Azure subscription 1'...
          Azure Tenant ID:          0d0b34fb-8aab-495b-9b5e-b511560eeaab
          Azure App ID:             500e7256-fffb-43fd-b5c2-90d46d6ec76f
          Azure Service Principal:  'terraform-deploy'...
          Azure Client Secret:      set

          Populating terraform.tfvars file ...
               terraform.tfvars already contains 'aad_tenant_id'. Skipping population.
          Populating ARM parameters file   ... Done
          Populating bicep parameters file ...
               .bicepparam already contains 'ownerObjectId'. Skipping population.

     Bootstrapping COMPLETE 

     --------------------     

     Creating Resource Group ...
          Azure Subscription ID:    f0afb0df-9549-4bb4-8af8-683201ed7aaa
          Found resource group:    RG-EastUS-terraform-1

     Initializing Terraform ... DONE 
     Cleaning up resources through terraform destroy ... DONE 


------------------------- TEST BEGIN -------------------------
             terraform - azure - EastUS - 1
--------------------------------------------------------------

Starting provisioning process
Provision successfull
Starting unprovisioning process
Unprovision successfull

--------------------------- TEST END --------------------------
             terraform - azure - EastUS - 1
---------------------------------------------------------------


     Creating Resource Group ...
          Azure Subscription ID:    f0afb0df-9549-4bb4-8af8-683201ed7aaa
          Found resource group:    RG-SwedenCentral-terraform-1

     Initializing Terraform ... DONE 
     Cleaning up resources through terraform destroy ... DONE 


------------------------- TEST BEGIN -------------------------
             terraform - azure - SwedenCentral - 1
--------------------------------------------------------------

Starting provisioning process
Provision successfull
Starting unprovisioning process
Unprovision successfull

--------------------------- TEST END --------------------------
             terraform - azure - SwedenCentral - 1
---------------------------------------------------------------


     Creating Resource Group ...
          Azure Subscription ID:    f0afb0df-9549-4bb4-8af8-683201ed7aaa
          Found resource group:    RG-AustraliaEast-terraform-1

     Initializing Terraform ... DONE 
     Cleaning up resources through terraform destroy ... DONE 


------------------------- TEST BEGIN -------------------------
             terraform - azure - AustraliaEast - 1
--------------------------------------------------------------

Starting provisioning process
Provision successfull
Starting unprovisioning process
Unprovision successfull

--------------------------- TEST END --------------------------
             terraform - azure - AustraliaEast - 1
---------------------------------------------------------------


     Creating Resource Group ...
          Azure Subscription ID:    f0afb0df-9549-4bb4-8af8-683201ed7aaa
          Creating resource group 'RG-EastUS-ARM-1'...
{
  "id": "/subscriptions/f0afb0df-9549-4bb4-8af8-683201ed7aaa/resourceGroups/RG-EastUS-ARM-1",
  "location": "eastus",
  "managedBy": null,
  "name": "RG-EastUS-ARM-1",
  "properties": {
    "provisioningState": "Succeeded"
  },
  "tags": null,
  "type": "Microsoft.Resources/resourceGroups"
}

     Cleaning up ARM ...

     --------------------     

------------------------- TEST BEGIN -------------------------
             ARM - azure - EastUS - 1
--------------------------------------------------------------

Starting provisioning process
Provision successfull
Starting unprovisioning process
Unprovision successfull

--------------------------- TEST END --------------------------
             ARM - azure - EastUS - 1
---------------------------------------------------------------


     Creating Resource Group ...
          Azure Subscription ID:    f0afb0df-9549-4bb4-8af8-683201ed7aaa
          Creating resource group 'RG-SwedenCentral-ARM-1'...
{
  "id": "/subscriptions/f0afb0df-9549-4bb4-8af8-683201ed7aaa/resourceGroups/RG-SwedenCentral-ARM-1",
  "location": "swedencentral",
  "managedBy": null,
  "name": "RG-SwedenCentral-ARM-1",
  "properties": {
    "provisioningState": "Succeeded"
  },
  "tags": null,
  "type": "Microsoft.Resources/resourceGroups"
}

     Cleaning up ARM ...

     --------------------     

------------------------- TEST BEGIN -------------------------
             ARM - azure - SwedenCentral - 1
--------------------------------------------------------------

Starting provisioning process
Provision successfull
Starting unprovisioning process
Unprovision successfull

--------------------------- TEST END --------------------------
             ARM - azure - SwedenCentral - 1
---------------------------------------------------------------


     Creating Resource Group ...
          Azure Subscription ID:    f0afb0df-9549-4bb4-8af8-683201ed7aaa
          Creating resource group 'RG-AustraliaEast-ARM-1'...
{
  "id": "/subscriptions/f0afb0df-9549-4bb4-8af8-683201ed7aaa/resourceGroups/RG-AustraliaEast-ARM-1",
  "location": "australiaeast",
  "managedBy": null,
  "name": "RG-AustraliaEast-ARM-1",
  "properties": {
    "provisioningState": "Succeeded"
  },
  "tags": null,
  "type": "Microsoft.Resources/resourceGroups"
}

     Cleaning up ARM ...

     --------------------     

------------------------- TEST BEGIN -------------------------
             ARM - azure - AustraliaEast - 1
--------------------------------------------------------------

Starting provisioning process
Provision successfull
Starting unprovisioning process
Unprovision successfull

--------------------------- TEST END --------------------------
             ARM - azure - AustraliaEast - 1
---------------------------------------------------------------


     Creating Resource Group ...
          Azure Subscription ID:    f0afb0df-9549-4bb4-8af8-683201ed7aaa
          Creating resource group 'RG-EastUS-bicep-1'...
{
  "id": "/subscriptions/f0afb0df-9549-4bb4-8af8-683201ed7aaa/resourceGroups/RG-EastUS-bicep-1",
  "location": "eastus",
  "managedBy": null,
  "name": "RG-EastUS-bicep-1",
  "properties": {
    "provisioningState": "Succeeded"
  },
  "tags": null,
  "type": "Microsoft.Resources/resourceGroups"
}

     Cleaning up Bicep ...

     --------------------     

------------------------- TEST BEGIN -------------------------
             bicep - azure - EastUS - 1
--------------------------------------------------------------

Starting provisioning process
Provision successfull
Starting unprovisioning process
Unprovision successfull

--------------------------- TEST END --------------------------
             bicep - azure - EastUS - 1
---------------------------------------------------------------


     Creating Resource Group ...
          Azure Subscription ID:    f0afb0df-9549-4bb4-8af8-683201ed7aaa
          Creating resource group 'RG-SwedenCentral-bicep-1'...
{
  "id": "/subscriptions/f0afb0df-9549-4bb4-8af8-683201ed7aaa/resourceGroups/RG-SwedenCentral-bicep-1",
  "location": "swedencentral",
  "managedBy": null,
  "name": "RG-SwedenCentral-bicep-1",
  "properties": {
    "provisioningState": "Succeeded"
  },
  "tags": null,
  "type": "Microsoft.Resources/resourceGroups"
}

     Cleaning up Bicep ...

     --------------------     

------------------------- TEST BEGIN -------------------------
             bicep - azure - SwedenCentral - 1
--------------------------------------------------------------

Starting provisioning process
Provision successfull
Starting unprovisioning process
Unprovision successfull

--------------------------- TEST END --------------------------
             bicep - azure - SwedenCentral - 1
---------------------------------------------------------------


     Creating Resource Group ...
          Azure Subscription ID:    f0afb0df-9549-4bb4-8af8-683201ed7aaa
          Creating resource group 'RG-AustraliaEast-bicep-1'...
{
  "id": "/subscriptions/f0afb0df-9549-4bb4-8af8-683201ed7aaa/resourceGroups/RG-AustraliaEast-bicep-1",
  "location": "australiaeast",
  "managedBy": null,
  "name": "RG-AustraliaEast-bicep-1",
  "properties": {
    "provisioningState": "Succeeded"
  },
  "tags": null,
  "type": "Microsoft.Resources/resourceGroups"
}

     Cleaning up Bicep ...

     --------------------     

------------------------- TEST BEGIN -------------------------
             bicep - azure - AustraliaEast - 1
--------------------------------------------------------------

Starting provisioning process
Provision successfull
Starting unprovisioning process
Unprovision successfull

--------------------------- TEST END --------------------------
             bicep - azure - AustraliaEast - 1
---------------------------------------------------------------


     Creating Resource Group ...
          Azure Subscription ID:    f0afb0df-9549-4bb4-8af8-683201ed7aaa
          Creating resource group 'RG-EastUS-terraform-2'...
{
  "id": "/subscriptions/f0afb0df-9549-4bb4-8af8-683201ed7aaa/resourceGroups/RG-EastUS-terraform-2",
  "location": "eastus",
  "managedBy": null,
  "name": "RG-EastUS-terraform-2",
  "properties": {
    "provisioningState": "Succeeded"
  },
  "tags": null,
  "type": "Microsoft.Resources/resourceGroups"
}

     Initializing Terraform ... DONE 
     Cleaning up resources through terraform destroy ... DONE 


------------------------- TEST BEGIN -------------------------
             terraform - azure - EastUS - 2
--------------------------------------------------------------

Starting provisioning process
Provision successfull
Starting unprovisioning process
Unprovision successfull

--------------------------- TEST END --------------------------
             terraform - azure - EastUS - 2
---------------------------------------------------------------


     Creating Resource Group ...
          Azure Subscription ID:    f0afb0df-9549-4bb4-8af8-683201ed7aaa
          Creating resource group 'RG-SwedenCentral-terraform-2'...
{
  "id": "/subscriptions/f0afb0df-9549-4bb4-8af8-683201ed7aaa/resourceGroups/RG-SwedenCentral-terraform-2",
  "location": "swedencentral",
  "managedBy": null,
  "name": "RG-SwedenCentral-terraform-2",
  "properties": {
    "provisioningState": "Succeeded"
  },
  "tags": null,
  "type": "Microsoft.Resources/resourceGroups"
}

     Initializing Terraform ... DONE 
     Cleaning up resources through terraform destroy ... DONE 


------------------------- TEST BEGIN -------------------------
             terraform - azure - SwedenCentral - 2
--------------------------------------------------------------

Starting provisioning process
Provision successfull
Starting unprovisioning process
Unprovision successfull

--------------------------- TEST END --------------------------
             terraform - azure - SwedenCentral - 2
---------------------------------------------------------------


     Creating Resource Group ...
          Azure Subscription ID:    f0afb0df-9549-4bb4-8af8-683201ed7aaa
          Creating resource group 'RG-AustraliaEast-terraform-2'...
{
  "id": "/subscriptions/f0afb0df-9549-4bb4-8af8-683201ed7aaa/resourceGroups/RG-AustraliaEast-terraform-2",
  "location": "australiaeast",
  "managedBy": null,
  "name": "RG-AustraliaEast-terraform-2",
  "properties": {
    "provisioningState": "Succeeded"
  },
  "tags": null,
  "type": "Microsoft.Resources/resourceGroups"
}

     Initializing Terraform ... DONE 
     Cleaning up resources through terraform destroy ... DONE 


------------------------- TEST BEGIN -------------------------
             terraform - azure - AustraliaEast - 2
--------------------------------------------------------------

Starting provisioning process
Provision successfull
Starting unprovisioning process
Unprovision successfull

--------------------------- TEST END --------------------------
             terraform - azure - AustraliaEast - 2
---------------------------------------------------------------


     Creating Resource Group ...
          Azure Subscription ID:    f0afb0df-9549-4bb4-8af8-683201ed7aaa
          Creating resource group 'RG-EastUS-ARM-2'...
{
  "id": "/subscriptions/f0afb0df-9549-4bb4-8af8-683201ed7aaa/resourceGroups/RG-EastUS-ARM-2",
  "location": "eastus",
  "managedBy": null,
  "name": "RG-EastUS-ARM-2",
  "properties": {
    "provisioningState": "Succeeded"
  },
  "tags": null,
  "type": "Microsoft.Resources/resourceGroups"
}

     Cleaning up ARM ...

     --------------------     

------------------------- TEST BEGIN -------------------------
             ARM - azure - EastUS - 2
--------------------------------------------------------------

Starting provisioning process
Provision successfull
Starting unprovisioning process
Unprovision successfull

--------------------------- TEST END --------------------------
             ARM - azure - EastUS - 2
---------------------------------------------------------------


     Creating Resource Group ...
          Azure Subscription ID:    f0afb0df-9549-4bb4-8af8-683201ed7aaa
          Creating resource group 'RG-SwedenCentral-ARM-2'...
{
  "id": "/subscriptions/f0afb0df-9549-4bb4-8af8-683201ed7aaa/resourceGroups/RG-SwedenCentral-ARM-2",
  "location": "swedencentral",
  "managedBy": null,
  "name": "RG-SwedenCentral-ARM-2",
  "properties": {
    "provisioningState": "Succeeded"
  },
  "tags": null,
  "type": "Microsoft.Resources/resourceGroups"
}

     Cleaning up ARM ...

     --------------------     

------------------------- TEST BEGIN -------------------------
             ARM - azure - SwedenCentral - 2
--------------------------------------------------------------

Starting provisioning process
Provision successfull
Starting unprovisioning process
Unprovision successfull

--------------------------- TEST END --------------------------
             ARM - azure - SwedenCentral - 2
---------------------------------------------------------------


     Creating Resource Group ...
          Azure Subscription ID:    f0afb0df-9549-4bb4-8af8-683201ed7aaa
          Creating resource group 'RG-AustraliaEast-ARM-2'...
{
  "id": "/subscriptions/f0afb0df-9549-4bb4-8af8-683201ed7aaa/resourceGroups/RG-AustraliaEast-ARM-2",
  "location": "australiaeast",
  "managedBy": null,
  "name": "RG-AustraliaEast-ARM-2",
  "properties": {
    "provisioningState": "Succeeded"
  },
  "tags": null,
  "type": "Microsoft.Resources/resourceGroups"
}

     Cleaning up ARM ...

     --------------------     

------------------------- TEST BEGIN -------------------------
             ARM - azure - AustraliaEast - 2
--------------------------------------------------------------

Starting provisioning process
Provision successfull
Starting unprovisioning process
Unprovision successfull

--------------------------- TEST END --------------------------
             ARM - azure - AustraliaEast - 2
---------------------------------------------------------------


     Creating Resource Group ...
          Azure Subscription ID:    f0afb0df-9549-4bb4-8af8-683201ed7aaa
          Creating resource group 'RG-EastUS-bicep-2'...
{
  "id": "/subscriptions/f0afb0df-9549-4bb4-8af8-683201ed7aaa/resourceGroups/RG-EastUS-bicep-2",
  "location": "eastus",
  "managedBy": null,
  "name": "RG-EastUS-bicep-2",
  "properties": {
    "provisioningState": "Succeeded"
  },
  "tags": null,
  "type": "Microsoft.Resources/resourceGroups"
}

     Cleaning up Bicep ...

     --------------------     

------------------------- TEST BEGIN -------------------------
             bicep - azure - EastUS - 2
--------------------------------------------------------------

Starting provisioning process
Provision Failed
Retrying...

     Cleaning up Bicep ...

     --------------------     
Starting provisioning process
Provision successfull
Starting unprovisioning process
Unprovision successfull

--------------------------- TEST END --------------------------
             bicep - azure - EastUS - 2
---------------------------------------------------------------


     Creating Resource Group ...
          Azure Subscription ID:    f0afb0df-9549-4bb4-8af8-683201ed7aaa
          Creating resource group 'RG-SwedenCentral-bicep-2'...
{
  "id": "/subscriptions/f0afb0df-9549-4bb4-8af8-683201ed7aaa/resourceGroups/RG-SwedenCentral-bicep-2",
  "location": "swedencentral",
  "managedBy": null,
  "name": "RG-SwedenCentral-bicep-2",
  "properties": {
    "provisioningState": "Succeeded"
  },
  "tags": null,
  "type": "Microsoft.Resources/resourceGroups"
}

     Cleaning up Bicep ...

     --------------------     

------------------------- TEST BEGIN -------------------------
             bicep - azure - SwedenCentral - 2
--------------------------------------------------------------

Starting provisioning process
Provision successfull
Starting unprovisioning process
Unprovision successfull

--------------------------- TEST END --------------------------
             bicep - azure - SwedenCentral - 2
---------------------------------------------------------------


     Creating Resource Group ...
          Azure Subscription ID:    f0afb0df-9549-4bb4-8af8-683201ed7aaa
          Creating resource group 'RG-AustraliaEast-bicep-2'...
{
  "id": "/subscriptions/f0afb0df-9549-4bb4-8af8-683201ed7aaa/resourceGroups/RG-AustraliaEast-bicep-2",
  "location": "australiaeast",
  "managedBy": null,
  "name": "RG-AustraliaEast-bicep-2",
  "properties": {
    "provisioningState": "Succeeded"
  },
  "tags": null,
  "type": "Microsoft.Resources/resourceGroups"
}

     Cleaning up Bicep ...

     --------------------     

------------------------- TEST BEGIN -------------------------
             bicep - azure - AustraliaEast - 2
--------------------------------------------------------------

Starting provisioning process
Provision successfull
Starting unprovisioning process
Unprovision successfull

--------------------------- TEST END --------------------------
             bicep - azure - AustraliaEast - 2
---------------------------------------------------------------


     Creating Resource Group ...
          Azure Subscription ID:    f0afb0df-9549-4bb4-8af8-683201ed7aaa
          Creating resource group 'RG-EastUS-terraform-3'...
{
  "id": "/subscriptions/f0afb0df-9549-4bb4-8af8-683201ed7aaa/resourceGroups/RG-EastUS-terraform-3",
  "location": "eastus",
  "managedBy": null,
  "name": "RG-EastUS-terraform-3",
  "properties": {
    "provisioningState": "Succeeded"
  },
  "tags": null,
  "type": "Microsoft.Resources/resourceGroups"
}

     Initializing Terraform ... DONE 
     Cleaning up resources through terraform destroy ... DONE 


------------------------- TEST BEGIN -------------------------
             terraform - azure - EastUS - 3
--------------------------------------------------------------

Starting provisioning process
Provision successfull
Starting unprovisioning process
Unprovision successfull

--------------------------- TEST END --------------------------
             terraform - azure - EastUS - 3
---------------------------------------------------------------


     Creating Resource Group ...
          Azure Subscription ID:    f0afb0df-9549-4bb4-8af8-683201ed7aaa
          Creating resource group 'RG-SwedenCentral-terraform-3'...
{
  "id": "/subscriptions/f0afb0df-9549-4bb4-8af8-683201ed7aaa/resourceGroups/RG-SwedenCentral-terraform-3",
  "location": "swedencentral",
  "managedBy": null,
  "name": "RG-SwedenCentral-terraform-3",
  "properties": {
    "provisioningState": "Succeeded"
  },
  "tags": null,
  "type": "Microsoft.Resources/resourceGroups"
}

     Initializing Terraform ... DONE 
     Cleaning up resources through terraform destroy ... DONE 


------------------------- TEST BEGIN -------------------------
             terraform - azure - SwedenCentral - 3
--------------------------------------------------------------

Starting provisioning process
Provision successfull
Starting unprovisioning process
Unprovision successfull

--------------------------- TEST END --------------------------
             terraform - azure - SwedenCentral - 3
---------------------------------------------------------------


     Creating Resource Group ...
          Azure Subscription ID:    f0afb0df-9549-4bb4-8af8-683201ed7aaa
          Creating resource group 'RG-AustraliaEast-terraform-3'...
{
  "id": "/subscriptions/f0afb0df-9549-4bb4-8af8-683201ed7aaa/resourceGroups/RG-AustraliaEast-terraform-3",
  "location": "australiaeast",
  "managedBy": null,
  "name": "RG-AustraliaEast-terraform-3",
  "properties": {
    "provisioningState": "Succeeded"
  },
  "tags": null,
  "type": "Microsoft.Resources/resourceGroups"
}

     Initializing Terraform ... DONE 
     Cleaning up resources through terraform destroy ... DONE 


------------------------- TEST BEGIN -------------------------
             terraform - azure - AustraliaEast - 3
--------------------------------------------------------------

Starting provisioning process
Provision successfull
Starting unprovisioning process
Unprovision successfull

--------------------------- TEST END --------------------------
             terraform - azure - AustraliaEast - 3
---------------------------------------------------------------


     Creating Resource Group ...
          Azure Subscription ID:    f0afb0df-9549-4bb4-8af8-683201ed7aaa
          Creating resource group 'RG-EastUS-ARM-3'...
{
  "id": "/subscriptions/f0afb0df-9549-4bb4-8af8-683201ed7aaa/resourceGroups/RG-EastUS-ARM-3",
  "location": "eastus",
  "managedBy": null,
  "name": "RG-EastUS-ARM-3",
  "properties": {
    "provisioningState": "Succeeded"
  },
  "tags": null,
  "type": "Microsoft.Resources/resourceGroups"
}

     Cleaning up ARM ...

     --------------------     

------------------------- TEST BEGIN -------------------------
             ARM - azure - EastUS - 3
--------------------------------------------------------------

Starting provisioning process
Provision successfull
Starting unprovisioning process
Unprovision successfull

--------------------------- TEST END --------------------------
             ARM - azure - EastUS - 3
---------------------------------------------------------------


     Creating Resource Group ...
          Azure Subscription ID:    f0afb0df-9549-4bb4-8af8-683201ed7aaa
          Creating resource group 'RG-SwedenCentral-ARM-3'...
{
  "id": "/subscriptions/f0afb0df-9549-4bb4-8af8-683201ed7aaa/resourceGroups/RG-SwedenCentral-ARM-3",
  "location": "swedencentral",
  "managedBy": null,
  "name": "RG-SwedenCentral-ARM-3",
  "properties": {
    "provisioningState": "Succeeded"
  },
  "tags": null,
  "type": "Microsoft.Resources/resourceGroups"
}

     Cleaning up ARM ...

     --------------------     

------------------------- TEST BEGIN -------------------------
             ARM - azure - SwedenCentral - 3
--------------------------------------------------------------

Starting provisioning process
Provision successfull
Starting unprovisioning process
Unprovision successfull

--------------------------- TEST END --------------------------
             ARM - azure - SwedenCentral - 3
---------------------------------------------------------------


     Creating Resource Group ...
          Azure Subscription ID:    f0afb0df-9549-4bb4-8af8-683201ed7aaa
          Creating resource group 'RG-AustraliaEast-ARM-3'...
{
  "id": "/subscriptions/f0afb0df-9549-4bb4-8af8-683201ed7aaa/resourceGroups/RG-AustraliaEast-ARM-3",
  "location": "australiaeast",
  "managedBy": null,
  "name": "RG-AustraliaEast-ARM-3",
  "properties": {
    "provisioningState": "Succeeded"
  },
  "tags": null,
  "type": "Microsoft.Resources/resourceGroups"
}

     Cleaning up ARM ...

     --------------------     

------------------------- TEST BEGIN -------------------------
             ARM - azure - AustraliaEast - 3
--------------------------------------------------------------

Starting provisioning process
Provision successfull
Starting unprovisioning process
Unprovision successfull

--------------------------- TEST END --------------------------
             ARM - azure - AustraliaEast - 3
---------------------------------------------------------------


     Creating Resource Group ...
          Azure Subscription ID:    f0afb0df-9549-4bb4-8af8-683201ed7aaa
          Creating resource group 'RG-EastUS-bicep-3'...
{
  "id": "/subscriptions/f0afb0df-9549-4bb4-8af8-683201ed7aaa/resourceGroups/RG-EastUS-bicep-3",
  "location": "eastus",
  "managedBy": null,
  "name": "RG-EastUS-bicep-3",
  "properties": {
    "provisioningState": "Succeeded"
  },
  "tags": null,
  "type": "Microsoft.Resources/resourceGroups"
}

     Cleaning up Bicep ...

     --------------------     

------------------------- TEST BEGIN -------------------------
             bicep - azure - EastUS - 3
--------------------------------------------------------------

Starting provisioning process
Provision successfull
Starting unprovisioning process
Unprovision successfull

--------------------------- TEST END --------------------------
             bicep - azure - EastUS - 3
---------------------------------------------------------------


     Creating Resource Group ...
          Azure Subscription ID:    f0afb0df-9549-4bb4-8af8-683201ed7aaa
          Creating resource group 'RG-SwedenCentral-bicep-3'...
{
  "id": "/subscriptions/f0afb0df-9549-4bb4-8af8-683201ed7aaa/resourceGroups/RG-SwedenCentral-bicep-3",
  "location": "swedencentral",
  "managedBy": null,
  "name": "RG-SwedenCentral-bicep-3",
  "properties": {
    "provisioningState": "Succeeded"
  },
  "tags": null,
  "type": "Microsoft.Resources/resourceGroups"
}

     Cleaning up Bicep ...

     --------------------     

------------------------- TEST BEGIN -------------------------
             bicep - azure - SwedenCentral - 3
--------------------------------------------------------------

Starting provisioning process
Provision successfull
Starting unprovisioning process
Unprovision successfull

--------------------------- TEST END --------------------------
             bicep - azure - SwedenCentral - 3
---------------------------------------------------------------


     Creating Resource Group ...
          Azure Subscription ID:    f0afb0df-9549-4bb4-8af8-683201ed7aaa
          Creating resource group 'RG-AustraliaEast-bicep-3'...
{
  "id": "/subscriptions/f0afb0df-9549-4bb4-8af8-683201ed7aaa/resourceGroups/RG-AustraliaEast-bicep-3",
  "location": "australiaeast",
  "managedBy": null,
  "name": "RG-AustraliaEast-bicep-3",
  "properties": {
    "provisioningState": "Succeeded"
  },
  "tags": null,
  "type": "Microsoft.Resources/resourceGroups"
}

     Cleaning up Bicep ...

     --------------------     

------------------------- TEST BEGIN -------------------------
             bicep - azure - AustraliaEast - 3
--------------------------------------------------------------

Starting provisioning process
Provision successfull
Starting unprovisioning process
Unprovision successfull

--------------------------- TEST END --------------------------
             bicep - azure - AustraliaEast - 3
---------------------------------------------------------------


     Creating Resource Group ...
          Azure Subscription ID:    f0afb0df-9549-4bb4-8af8-683201ed7aaa
          Creating resource group 'RG-EastUS-terraform-4'...
{
  "id": "/subscriptions/f0afb0df-9549-4bb4-8af8-683201ed7aaa/resourceGroups/RG-EastUS-terraform-4",
  "location": "eastus",
  "managedBy": null,
  "name": "RG-EastUS-terraform-4",
  "properties": {
    "provisioningState": "Succeeded"
  },
  "tags": null,
  "type": "Microsoft.Resources/resourceGroups"
}

     Initializing Terraform ... DONE 
     Cleaning up resources through terraform destroy ... DONE 


------------------------- TEST BEGIN -------------------------
             terraform - azure - EastUS - 4
--------------------------------------------------------------

Starting provisioning process
Provision successfull
Starting unprovisioning process
Unprovision successfull

--------------------------- TEST END --------------------------
             terraform - azure - EastUS - 4
---------------------------------------------------------------


     Creating Resource Group ...
          Azure Subscription ID:    f0afb0df-9549-4bb4-8af8-683201ed7aaa
          Creating resource group 'RG-SwedenCentral-terraform-4'...
{
  "id": "/subscriptions/f0afb0df-9549-4bb4-8af8-683201ed7aaa/resourceGroups/RG-SwedenCentral-terraform-4",
  "location": "swedencentral",
  "managedBy": null,
  "name": "RG-SwedenCentral-terraform-4",
  "properties": {
    "provisioningState": "Succeeded"
  },
  "tags": null,
  "type": "Microsoft.Resources/resourceGroups"
}

     Initializing Terraform ... DONE 
     Cleaning up resources through terraform destroy ... DONE 


------------------------- TEST BEGIN -------------------------
             terraform - azure - SwedenCentral - 4
--------------------------------------------------------------

Starting provisioning process
Provision successfull
Starting unprovisioning process
Unprovision successfull

--------------------------- TEST END --------------------------
             terraform - azure - SwedenCentral - 4
---------------------------------------------------------------


     Creating Resource Group ...
          Azure Subscription ID:    f0afb0df-9549-4bb4-8af8-683201ed7aaa
          Creating resource group 'RG-AustraliaEast-terraform-4'...
{
  "id": "/subscriptions/f0afb0df-9549-4bb4-8af8-683201ed7aaa/resourceGroups/RG-AustraliaEast-terraform-4",
  "location": "australiaeast",
  "managedBy": null,
  "name": "RG-AustraliaEast-terraform-4",
  "properties": {
    "provisioningState": "Succeeded"
  },
  "tags": null,
  "type": "Microsoft.Resources/resourceGroups"
}

     Initializing Terraform ... DONE 
     Cleaning up resources through terraform destroy ... DONE 


------------------------- TEST BEGIN -------------------------
             terraform - azure - AustraliaEast - 4
--------------------------------------------------------------

Starting provisioning process
Provision successfull
Starting unprovisioning process
Unprovision successfull

--------------------------- TEST END --------------------------
             terraform - azure - AustraliaEast - 4
---------------------------------------------------------------


     Creating Resource Group ...
          Azure Subscription ID:    f0afb0df-9549-4bb4-8af8-683201ed7aaa
          Creating resource group 'RG-EastUS-ARM-4'...
{
  "id": "/subscriptions/f0afb0df-9549-4bb4-8af8-683201ed7aaa/resourceGroups/RG-EastUS-ARM-4",
  "location": "eastus",
  "managedBy": null,
  "name": "RG-EastUS-ARM-4",
  "properties": {
    "provisioningState": "Succeeded"
  },
  "tags": null,
  "type": "Microsoft.Resources/resourceGroups"
}

     Cleaning up ARM ...

     --------------------     

------------------------- TEST BEGIN -------------------------
             ARM - azure - EastUS - 4
--------------------------------------------------------------

Starting provisioning process
Provision Failed
Retrying...

     Cleaning up ARM ...

     --------------------     
Starting provisioning process
Provision Failed
Retrying...

     Cleaning up ARM ...

     --------------------     
Starting provisioning process
Provision successfull
Starting unprovisioning process
Unprovision successfull

--------------------------- TEST END --------------------------
             ARM - azure - EastUS - 4
---------------------------------------------------------------


     Creating Resource Group ...
          Azure Subscription ID:    f0afb0df-9549-4bb4-8af8-683201ed7aaa
          Creating resource group 'RG-SwedenCentral-ARM-4'...
{
  "id": "/subscriptions/f0afb0df-9549-4bb4-8af8-683201ed7aaa/resourceGroups/RG-SwedenCentral-ARM-4",
  "location": "swedencentral",
  "managedBy": null,
  "name": "RG-SwedenCentral-ARM-4",
  "properties": {
    "provisioningState": "Succeeded"
  },
  "tags": null,
  "type": "Microsoft.Resources/resourceGroups"
}

     Cleaning up ARM ...

     --------------------     

------------------------- TEST BEGIN -------------------------
             ARM - azure - SwedenCentral - 4
--------------------------------------------------------------

Starting provisioning process
Provision successfull
Starting unprovisioning process
Unprovision successfull

--------------------------- TEST END --------------------------
             ARM - azure - SwedenCentral - 4
---------------------------------------------------------------


     Creating Resource Group ...
          Azure Subscription ID:    f0afb0df-9549-4bb4-8af8-683201ed7aaa
          Creating resource group 'RG-AustraliaEast-ARM-4'...
{
  "id": "/subscriptions/f0afb0df-9549-4bb4-8af8-683201ed7aaa/resourceGroups/RG-AustraliaEast-ARM-4",
  "location": "australiaeast",
  "managedBy": null,
  "name": "RG-AustraliaEast-ARM-4",
  "properties": {
    "provisioningState": "Succeeded"
  },
  "tags": null,
  "type": "Microsoft.Resources/resourceGroups"
}

     Cleaning up ARM ...

     --------------------     

------------------------- TEST BEGIN -------------------------
             ARM - azure - AustraliaEast - 4
--------------------------------------------------------------

Starting provisioning process
Provision successfull
Starting unprovisioning process
Unprovision successfull

--------------------------- TEST END --------------------------
             ARM - azure - AustraliaEast - 4
---------------------------------------------------------------


     Creating Resource Group ...
          Azure Subscription ID:    f0afb0df-9549-4bb4-8af8-683201ed7aaa
          Creating resource group 'RG-EastUS-bicep-4'...
{
  "id": "/subscriptions/f0afb0df-9549-4bb4-8af8-683201ed7aaa/resourceGroups/RG-EastUS-bicep-4",
  "location": "eastus",
  "managedBy": null,
  "name": "RG-EastUS-bicep-4",
  "properties": {
    "provisioningState": "Succeeded"
  },
  "tags": null,
  "type": "Microsoft.Resources/resourceGroups"
}

     Cleaning up Bicep ...

     --------------------     

------------------------- TEST BEGIN -------------------------
             bicep - azure - EastUS - 4
--------------------------------------------------------------

Starting provisioning process
Provision successfull
Starting unprovisioning process
Unprovision successfull

--------------------------- TEST END --------------------------
             bicep - azure - EastUS - 4
---------------------------------------------------------------


     Creating Resource Group ...
          Azure Subscription ID:    f0afb0df-9549-4bb4-8af8-683201ed7aaa
          Creating resource group 'RG-SwedenCentral-bicep-4'...
{
  "id": "/subscriptions/f0afb0df-9549-4bb4-8af8-683201ed7aaa/resourceGroups/RG-SwedenCentral-bicep-4",
  "location": "swedencentral",
  "managedBy": null,
  "name": "RG-SwedenCentral-bicep-4",
  "properties": {
    "provisioningState": "Succeeded"
  },
  "tags": null,
  "type": "Microsoft.Resources/resourceGroups"
}

     Cleaning up Bicep ...

     --------------------     

------------------------- TEST BEGIN -------------------------
             bicep - azure - SwedenCentral - 4
--------------------------------------------------------------

Starting provisioning process
Provision successfull
Starting unprovisioning process
Unprovision successfull

--------------------------- TEST END --------------------------
             bicep - azure - SwedenCentral - 4
---------------------------------------------------------------


     Creating Resource Group ...
          Azure Subscription ID:    f0afb0df-9549-4bb4-8af8-683201ed7aaa
          Creating resource group 'RG-AustraliaEast-bicep-4'...
{
  "id": "/subscriptions/f0afb0df-9549-4bb4-8af8-683201ed7aaa/resourceGroups/RG-AustraliaEast-bicep-4",
  "location": "australiaeast",
  "managedBy": null,
  "name": "RG-AustraliaEast-bicep-4",
  "properties": {
    "provisioningState": "Succeeded"
  },
  "tags": null,
  "type": "Microsoft.Resources/resourceGroups"
}

     Cleaning up Bicep ...

     --------------------     

------------------------- TEST BEGIN -------------------------
             bicep - azure - AustraliaEast - 4
--------------------------------------------------------------

Starting provisioning process
Provision successfull
Starting unprovisioning process
Unprovision successfull

--------------------------- TEST END --------------------------
             bicep - azure - AustraliaEast - 4
---------------------------------------------------------------


     Creating Resource Group ...
          Azure Subscription ID:    f0afb0df-9549-4bb4-8af8-683201ed7aaa
          Creating resource group 'RG-EastUS-terraform-5'...
{
  "id": "/subscriptions/f0afb0df-9549-4bb4-8af8-683201ed7aaa/resourceGroups/RG-EastUS-terraform-5",
  "location": "eastus",
  "managedBy": null,
  "name": "RG-EastUS-terraform-5",
  "properties": {
    "provisioningState": "Succeeded"
  },
  "tags": null,
  "type": "Microsoft.Resources/resourceGroups"
}

     Initializing Terraform ... DONE 
     Cleaning up resources through terraform destroy ... DONE 


------------------------- TEST BEGIN -------------------------
             terraform - azure - EastUS - 5
--------------------------------------------------------------

Starting provisioning process
Provision successfull
Starting unprovisioning process
Unprovision successfull

--------------------------- TEST END --------------------------
             terraform - azure - EastUS - 5
---------------------------------------------------------------


     Creating Resource Group ...
          Azure Subscription ID:    f0afb0df-9549-4bb4-8af8-683201ed7aaa
          Creating resource group 'RG-SwedenCentral-terraform-5'...
{
  "id": "/subscriptions/f0afb0df-9549-4bb4-8af8-683201ed7aaa/resourceGroups/RG-SwedenCentral-terraform-5",
  "location": "swedencentral",
  "managedBy": null,
  "name": "RG-SwedenCentral-terraform-5",
  "properties": {
    "provisioningState": "Succeeded"
  },
  "tags": null,
  "type": "Microsoft.Resources/resourceGroups"
}

     Initializing Terraform ... DONE 
     Cleaning up resources through terraform destroy ... DONE 


------------------------- TEST BEGIN -------------------------
             terraform - azure - SwedenCentral - 5
--------------------------------------------------------------

Starting provisioning process
Provision successfull
Starting unprovisioning process
Unprovision successfull

--------------------------- TEST END --------------------------
             terraform - azure - SwedenCentral - 5
---------------------------------------------------------------


     Creating Resource Group ...
          Azure Subscription ID:    f0afb0df-9549-4bb4-8af8-683201ed7aaa
          Creating resource group 'RG-AustraliaEast-terraform-5'...
{
  "id": "/subscriptions/f0afb0df-9549-4bb4-8af8-683201ed7aaa/resourceGroups/RG-AustraliaEast-terraform-5",
  "location": "australiaeast",
  "managedBy": null,
  "name": "RG-AustraliaEast-terraform-5",
  "properties": {
    "provisioningState": "Succeeded"
  },
  "tags": null,
  "type": "Microsoft.Resources/resourceGroups"
}

     Initializing Terraform ... DONE 
     Cleaning up resources through terraform destroy ... DONE 


------------------------- TEST BEGIN -------------------------
             terraform - azure - AustraliaEast - 5
--------------------------------------------------------------

Starting provisioning process
Provision successfull
Starting unprovisioning process
Unprovision Failed
Retrying...
Starting unprovisioning process
Unprovision successfull

--------------------------- TEST END --------------------------
             terraform - azure - AustraliaEast - 5
---------------------------------------------------------------


     Creating Resource Group ...
          Azure Subscription ID:    f0afb0df-9549-4bb4-8af8-683201ed7aaa
          Creating resource group 'RG-EastUS-ARM-5'...
{
  "id": "/subscriptions/f0afb0df-9549-4bb4-8af8-683201ed7aaa/resourceGroups/RG-EastUS-ARM-5",
  "location": "eastus",
  "managedBy": null,
  "name": "RG-EastUS-ARM-5",
  "properties": {
    "provisioningState": "Succeeded"
  },
  "tags": null,
  "type": "Microsoft.Resources/resourceGroups"
}

     Cleaning up ARM ...

     --------------------     

------------------------- TEST BEGIN -------------------------
             ARM - azure - EastUS - 5
--------------------------------------------------------------

Starting provisioning process
Provision successfull
Starting unprovisioning process
Unprovision successfull

--------------------------- TEST END --------------------------
             ARM - azure - EastUS - 5
---------------------------------------------------------------


     Creating Resource Group ...
          Azure Subscription ID:    f0afb0df-9549-4bb4-8af8-683201ed7aaa
          Creating resource group 'RG-SwedenCentral-ARM-5'...
{
  "id": "/subscriptions/f0afb0df-9549-4bb4-8af8-683201ed7aaa/resourceGroups/RG-SwedenCentral-ARM-5",
  "location": "swedencentral",
  "managedBy": null,
  "name": "RG-SwedenCentral-ARM-5",
  "properties": {
    "provisioningState": "Succeeded"
  },
  "tags": null,
  "type": "Microsoft.Resources/resourceGroups"
}

     Cleaning up ARM ...

     --------------------     

------------------------- TEST BEGIN -------------------------
             ARM - azure - SwedenCentral - 5
--------------------------------------------------------------

Starting provisioning process
Provision successfull
Starting unprovisioning process
Unprovision successfull

--------------------------- TEST END --------------------------
             ARM - azure - SwedenCentral - 5
---------------------------------------------------------------


     Creating Resource Group ...
          Azure Subscription ID:    f0afb0df-9549-4bb4-8af8-683201ed7aaa
          Creating resource group 'RG-AustraliaEast-ARM-5'...
{
  "id": "/subscriptions/f0afb0df-9549-4bb4-8af8-683201ed7aaa/resourceGroups/RG-AustraliaEast-ARM-5",
  "location": "australiaeast",
  "managedBy": null,
  "name": "RG-AustraliaEast-ARM-5",
  "properties": {
    "provisioningState": "Succeeded"
  },
  "tags": null,
  "type": "Microsoft.Resources/resourceGroups"
}

     Cleaning up ARM ...

     --------------------     

------------------------- TEST BEGIN -------------------------
             ARM - azure - AustraliaEast - 5
--------------------------------------------------------------

Starting provisioning process
Provision successfull
Starting unprovisioning process
Unprovision successfull

--------------------------- TEST END --------------------------
             ARM - azure - AustraliaEast - 5
---------------------------------------------------------------


     Creating Resource Group ...
          Azure Subscription ID:    f0afb0df-9549-4bb4-8af8-683201ed7aaa
          Creating resource group 'RG-EastUS-bicep-5'...
{
  "id": "/subscriptions/f0afb0df-9549-4bb4-8af8-683201ed7aaa/resourceGroups/RG-EastUS-bicep-5",
  "location": "eastus",
  "managedBy": null,
  "name": "RG-EastUS-bicep-5",
  "properties": {
    "provisioningState": "Succeeded"
  },
  "tags": null,
  "type": "Microsoft.Resources/resourceGroups"
}

     Cleaning up Bicep ...

     --------------------     

------------------------- TEST BEGIN -------------------------
             bicep - azure - EastUS - 5
--------------------------------------------------------------

Starting provisioning process
Provision successfull
Starting unprovisioning process
Unprovision successfull

--------------------------- TEST END --------------------------
             bicep - azure - EastUS - 5
---------------------------------------------------------------


     Creating Resource Group ...
          Azure Subscription ID:    f0afb0df-9549-4bb4-8af8-683201ed7aaa
          Creating resource group 'RG-SwedenCentral-bicep-5'...
{
  "id": "/subscriptions/f0afb0df-9549-4bb4-8af8-683201ed7aaa/resourceGroups/RG-SwedenCentral-bicep-5",
  "location": "swedencentral",
  "managedBy": null,
  "name": "RG-SwedenCentral-bicep-5",
  "properties": {
    "provisioningState": "Succeeded"
  },
  "tags": null,
  "type": "Microsoft.Resources/resourceGroups"
}

     Cleaning up Bicep ...

     --------------------     

------------------------- TEST BEGIN -------------------------
             bicep - azure - SwedenCentral - 5
--------------------------------------------------------------

Starting provisioning process
Provision successfull
Starting unprovisioning process
Unprovision successfull

--------------------------- TEST END --------------------------
             bicep - azure - SwedenCentral - 5
---------------------------------------------------------------


     Creating Resource Group ...
          Azure Subscription ID:    f0afb0df-9549-4bb4-8af8-683201ed7aaa
          Creating resource group 'RG-AustraliaEast-bicep-5'...
{
  "id": "/subscriptions/f0afb0df-9549-4bb4-8af8-683201ed7aaa/resourceGroups/RG-AustraliaEast-bicep-5",
  "location": "australiaeast",
  "managedBy": null,
  "name": "RG-AustraliaEast-bicep-5",
  "properties": {
    "provisioningState": "Succeeded"
  },
  "tags": null,
  "type": "Microsoft.Resources/resourceGroups"
}

     Cleaning up Bicep ...

     --------------------     

------------------------- TEST BEGIN -------------------------
             bicep - azure - AustraliaEast - 5
--------------------------------------------------------------

Starting provisioning process
Provision successfull
Starting unprovisioning process
Unprovision successfull

--------------------------- TEST END --------------------------
             bicep - azure - AustraliaEast - 5
---------------------------------------------------------------

