------------------------- STARTING TESTS ------------------------- 

     Bootstraping deployment with pre-requisites ...
          Azure Subscription ID:    f0afb0df-9549-4bb4-8af8-683201ed7aaa
          Azure Subscription:       'Azure subscription 1'...
          Azure Tenant ID:          0d0b34fb-8aab-495b-9b5e-b511560eeaab
          Azure App ID:             500e7256-fffb-43fd-b5c2-90d46d6ec76f
          Azure Service Principal:  'terraform-deploy'...
          Azure Client Secret:      set

          Populating terraform.tfvars file ... Done
          Populating ARM parameters file   ... Done
          Populating bicep parameters file ... Done


     Bootstrapping COMPLETE 

     --------------------     

     Creating Resource Group ...
          Azure Subscription ID:    f0afb0df-9549-4bb4-8af8-683201ed7aaa
          Found resource group:    RG-EastUS-bicep-1

     Cleaning up Bicep ...

     --------------------     

------------------------- TEST BEGIN -------------------------
             bicep - azure - EastUS - 1
--------------------------------------------------------------

Starting provisioning process
Provision successfull
Starting unprovisioning process
Unprovision successfull

--------------------------- TEST END --------------------------
             bicep - azure - EastUS - 1
---------------------------------------------------------------


     Creating Resource Group ...
          Azure Subscription ID:    f0afb0df-9549-4bb4-8af8-683201ed7aaa
          Found resource group:    RG-SwedenCentral-bicep-1

     Cleaning up Bicep ...

     --------------------     

------------------------- TEST BEGIN -------------------------
             bicep - azure - SwedenCentral - 1
--------------------------------------------------------------

Starting provisioning process
Provision successfull
Starting unprovisioning process
Unprovision successfull

--------------------------- TEST END --------------------------
             bicep - azure - SwedenCentral - 1
---------------------------------------------------------------


     Creating Resource Group ...
          Azure Subscription ID:    f0afb0df-9549-4bb4-8af8-683201ed7aaa
          Found resource group:    RG-AustraliaEast-bicep-1

     Cleaning up Bicep ...

     --------------------     

------------------------- TEST BEGIN -------------------------
             bicep - azure - AustraliaEast - 1
--------------------------------------------------------------

Starting provisioning process
Provision successfull
Starting unprovisioning process
Unprovision successfull

--------------------------- TEST END --------------------------
             bicep - azure - AustraliaEast - 1
---------------------------------------------------------------


     Creating Resource Group ...
          Azure Subscription ID:    f0afb0df-9549-4bb4-8af8-683201ed7aaa
          Found resource group:    RG-EastUS-bicep-2

     Cleaning up Bicep ...

     --------------------     

------------------------- TEST BEGIN -------------------------
             bicep - azure - EastUS - 2
--------------------------------------------------------------

Starting provisioning process
Provision successfull
Starting unprovisioning process
Unprovision successfull

--------------------------- TEST END --------------------------
             bicep - azure - EastUS - 2
---------------------------------------------------------------


     Creating Resource Group ...
          Azure Subscription ID:    f0afb0df-9549-4bb4-8af8-683201ed7aaa
          Found resource group:    RG-SwedenCentral-bicep-2

     Cleaning up Bicep ...

     --------------------     

------------------------- TEST BEGIN -------------------------
             bicep - azure - SwedenCentral - 2
--------------------------------------------------------------

Starting provisioning process
Provision Failed
Retrying...

     Cleaning up Bicep ...

     --------------------     
Starting provisioning process
Provision Failed
Retrying...

     Cleaning up Bicep ...

     --------------------     
Starting provisioning process
Provision successfull
Starting unprovisioning process
Unprovision successfull

--------------------------- TEST END --------------------------
             bicep - azure - SwedenCentral - 2
---------------------------------------------------------------


     Creating Resource Group ...
          Azure Subscription ID:    f0afb0df-9549-4bb4-8af8-683201ed7aaa
          Found resource group:    RG-AustraliaEast-bicep-2

     Cleaning up Bicep ...

     --------------------     

------------------------- TEST BEGIN -------------------------
             bicep - azure - AustraliaEast - 2
--------------------------------------------------------------

Starting provisioning process
Provision successfull
Starting unprovisioning process
Unprovision successfull

--------------------------- TEST END --------------------------
             bicep - azure - AustraliaEast - 2
---------------------------------------------------------------


     Creating Resource Group ...
          Azure Subscription ID:    f0afb0df-9549-4bb4-8af8-683201ed7aaa
          Found resource group:    RG-EastUS-bicep-3

     Cleaning up Bicep ...

     --------------------     

------------------------- TEST BEGIN -------------------------
             bicep - azure - EastUS - 3
--------------------------------------------------------------

Starting provisioning process
Provision successfull
Starting unprovisioning process
Unprovision successfull

--------------------------- TEST END --------------------------
             bicep - azure - EastUS - 3
---------------------------------------------------------------


     Creating Resource Group ...
          Azure Subscription ID:    f0afb0df-9549-4bb4-8af8-683201ed7aaa
          Found resource group:    RG-SwedenCentral-bicep-3

     Cleaning up Bicep ...

     --------------------     

------------------------- TEST BEGIN -------------------------
             bicep - azure - SwedenCentral - 3
--------------------------------------------------------------

Starting provisioning process
Provision successfull
Starting unprovisioning process
Unprovision successfull

--------------------------- TEST END --------------------------
             bicep - azure - SwedenCentral - 3
---------------------------------------------------------------


     Creating Resource Group ...
          Azure Subscription ID:    f0afb0df-9549-4bb4-8af8-683201ed7aaa
          Found resource group:    RG-AustraliaEast-bicep-3

     Cleaning up Bicep ...

     --------------------     

------------------------- TEST BEGIN -------------------------
             bicep - azure - AustraliaEast - 3
--------------------------------------------------------------

Starting provisioning process
Provision successfull
Starting unprovisioning process
Unprovision successfull

--------------------------- TEST END --------------------------
             bicep - azure - AustraliaEast - 3
---------------------------------------------------------------


     Creating Resource Group ...
          Azure Subscription ID:    f0afb0df-9549-4bb4-8af8-683201ed7aaa
          Found resource group:    RG-EastUS-bicep-4

     Cleaning up Bicep ...

     --------------------     

------------------------- TEST BEGIN -------------------------
             bicep - azure - EastUS - 4
--------------------------------------------------------------

Starting provisioning process
Provision successfull
Starting unprovisioning process
Unprovision successfull

--------------------------- TEST END --------------------------
             bicep - azure - EastUS - 4
---------------------------------------------------------------


     Creating Resource Group ...
          Azure Subscription ID:    f0afb0df-9549-4bb4-8af8-683201ed7aaa
          Found resource group:    RG-SwedenCentral-bicep-4

     Cleaning up Bicep ...

     --------------------     

------------------------- TEST BEGIN -------------------------
             bicep - azure - SwedenCentral - 4
--------------------------------------------------------------

Starting provisioning process
Provision successfull
Starting unprovisioning process
Unprovision successfull

--------------------------- TEST END --------------------------
             bicep - azure - SwedenCentral - 4
---------------------------------------------------------------


     Creating Resource Group ...
          Azure Subscription ID:    f0afb0df-9549-4bb4-8af8-683201ed7aaa
          Found resource group:    RG-AustraliaEast-bicep-4

     Cleaning up Bicep ...

     --------------------     

------------------------- TEST BEGIN -------------------------
             bicep - azure - AustraliaEast - 4
--------------------------------------------------------------

Starting provisioning process
Provision successfull
Starting unprovisioning process
Unprovision successfull

--------------------------- TEST END --------------------------
             bicep - azure - AustraliaEast - 4
---------------------------------------------------------------


     Creating Resource Group ...
          Azure Subscription ID:    f0afb0df-9549-4bb4-8af8-683201ed7aaa
          Found resource group:    RG-EastUS-bicep-5

     Cleaning up Bicep ...

     --------------------     

------------------------- TEST BEGIN -------------------------
             bicep - azure - EastUS - 5
--------------------------------------------------------------

Starting provisioning process
Provision successfull
Starting unprovisioning process
Unprovision successfull

--------------------------- TEST END --------------------------
             bicep - azure - EastUS - 5
---------------------------------------------------------------


     Creating Resource Group ...
          Azure Subscription ID:    f0afb0df-9549-4bb4-8af8-683201ed7aaa
          Found resource group:    RG-SwedenCentral-bicep-5

     Cleaning up Bicep ...

     --------------------     

------------------------- TEST BEGIN -------------------------
             bicep - azure - SwedenCentral - 5
--------------------------------------------------------------

Starting provisioning process
Provision successfull
Starting unprovisioning process
Unprovision successfull

--------------------------- TEST END --------------------------
             bicep - azure - SwedenCentral - 5
---------------------------------------------------------------


     Creating Resource Group ...
          Azure Subscription ID:    f0afb0df-9549-4bb4-8af8-683201ed7aaa
          Found resource group:    RG-AustraliaEast-bicep-5

     Cleaning up Bicep ...

     --------------------     

------------------------- TEST BEGIN -------------------------
             bicep - azure - AustraliaEast - 5
--------------------------------------------------------------

Starting provisioning process
Provision successfull
Starting unprovisioning process
Unprovision successfull

--------------------------- TEST END --------------------------
             bicep - azure - AustraliaEast - 5
---------------------------------------------------------------

