Starting provisioning process
ERROR: {"status":"Failed","error":{"code":"DeploymentFailed","target":"/subscriptions/f0afb0df-9549-4bb4-8af8-683201ed7aaa/resourceGroups/RG-EastUS-ARM-4/providers/Microsoft.Resources/deployments/root","message":"At least one resource deployment operation failed. Please list deployment operations for details. Please see https://aka.ms/arm-deployment-operations for usage details.","details":[{"code":"ResourceDeploymentFailure","target":"/subscriptions/f0afb0df-9549-4bb4-8af8-683201ed7aaa/resourceGroups/RG-EastUS-ARM-4/providers/Microsoft.Resources/deployments/module04","message":"The resource write operation failed to complete successfully, because it reached terminal provisioning state 'Failed'.","details":[{"code":"DeploymentFailed","target":"/subscriptions/f0afb0df-9549-4bb4-8af8-683201ed7aaa/resourceGroups/RG-EastUS-ARM-4/providers/Microsoft.Resources/deployments/module04","message":"At least one resource deployment operation failed. Please list deployment operations for details. Please see https://aka.ms/arm-deployment-operations for usage details.","details":[{"code":"ServerNotFound","message":"Subscription 'f0afb0df-9549-4bb4-8af8-683201ed7aaa' does not have the server 'mysql-m46q3cbtam5c2'."}]}]}]}}
INFO: Command ran in 1147.630 seconds (init: 0.185, invoke: 1147.445)
Starting provisioning process
{
  "id": "/subscriptions/f0afb0df-9549-4bb4-8af8-683201ed7aaa/resourceGroups/RG-EastUS-ARM-4/providers/Microsoft.Resources/deployments/root",
  "location": null,
  "name": "root",
  "properties": {
    "correlationId": "0ea11eff-3e5b-4dad-89d5-0eb120a75226",
    "debugSetting": null,
    "dependencies": [
      {
        "dependsOn": [
          {
            "id": "/subscriptions/f0afb0df-9549-4bb4-8af8-683201ed7aaa/resourceGroups/RG-EastUS-ARM-4/providers/Microsoft.Resources/deployments/module01",
            "resourceGroup": "RG-EastUS-ARM-4",
            "resourceName": "module01",
            "resourceType": "Microsoft.Resources/deployments"
          }
        ],
        "id": "/subscriptions/f0afb0df-9549-4bb4-8af8-683201ed7aaa/resourceGroups/RG-EastUS-ARM-4/providers/Microsoft.Resources/deployments/module02",
        "resourceGroup": "RG-EastUS-ARM-4",
        "resourceName": "module02",
        "resourceType": "Microsoft.Resources/deployments"
      },
      {
        "dependsOn": [
          {
            "id": "/subscriptions/f0afb0df-9549-4bb4-8af8-683201ed7aaa/resourceGroups/RG-EastUS-ARM-4/providers/Microsoft.Resources/deployments/module01",
            "resourceGroup": "RG-EastUS-ARM-4",
            "resourceName": "module01",
            "resourceType": "Microsoft.Resources/deployments"
          },
          {
            "id": "/subscriptions/f0afb0df-9549-4bb4-8af8-683201ed7aaa/resourceGroups/RG-EastUS-ARM-4/providers/Microsoft.Resources/deployments/module02",
            "resourceGroup": "RG-EastUS-ARM-4",
            "resourceName": "module02",
            "resourceType": "Microsoft.Resources/deployments"
          }
        ],
        "id": "/subscriptions/f0afb0df-9549-4bb4-8af8-683201ed7aaa/resourceGroups/RG-EastUS-ARM-4/providers/Microsoft.Resources/deployments/module03",
        "resourceGroup": "RG-EastUS-ARM-4",
        "resourceName": "module03",
        "resourceType": "Microsoft.Resources/deployments"
      },
      {
        "dependsOn": [
          {
            "id": "/subscriptions/f0afb0df-9549-4bb4-8af8-683201ed7aaa/resourceGroups/RG-EastUS-ARM-4/providers/Microsoft.Resources/deployments/module01",
            "resourceGroup": "RG-EastUS-ARM-4",
            "resourceName": "module01",
            "resourceType": "Microsoft.Resources/deployments"
          },
          {
            "id": "/subscriptions/f0afb0df-9549-4bb4-8af8-683201ed7aaa/resourceGroups/RG-EastUS-ARM-4/providers/Microsoft.Resources/deployments/module02",
            "resourceGroup": "RG-EastUS-ARM-4",
            "resourceName": "module02",
            "resourceType": "Microsoft.Resources/deployments"
          }
        ],
        "id": "/subscriptions/f0afb0df-9549-4bb4-8af8-683201ed7aaa/resourceGroups/RG-EastUS-ARM-4/providers/Microsoft.Resources/deployments/module04",
        "resourceGroup": "RG-EastUS-ARM-4",
        "resourceName": "module04",
        "resourceType": "Microsoft.Resources/deployments"
      }
    ],
    "duration": "PT17M57.9468591S",
    "error": null,
    "mode": "Incremental",
    "onErrorDeployment": null,
    "outputResources": [
      {
        "id": "/subscriptions/f0afb0df-9549-4bb4-8af8-683201ed7aaa/resourceGroups/RG-EastUS-ARM-4/providers/Microsoft.Compute/disks/disk-mssqlwin1vol_sqldata_M",
        "resourceGroup": "RG-EastUS-ARM-4"
      },
      {
        "id": "/subscriptions/f0afb0df-9549-4bb4-8af8-683201ed7aaa/resourceGroups/RG-EastUS-ARM-4/providers/Microsoft.Compute/disks/disk-mssqlwin1vol_sqllog_L",
        "resourceGroup": "RG-EastUS-ARM-4"
      },
      {
        "id": "/subscriptions/f0afb0df-9549-4bb4-8af8-683201ed7aaa/resourceGroups/RG-EastUS-ARM-4/providers/Microsoft.Compute/virtualMachines/adds1",
        "resourceGroup": "RG-EastUS-ARM-4"
      },
      {
        "id": "/subscriptions/f0afb0df-9549-4bb4-8af8-683201ed7aaa/resourceGroups/RG-EastUS-ARM-4/providers/Microsoft.Compute/virtualMachines/jumplinux1",
        "resourceGroup": "RG-EastUS-ARM-4"
      },
      {
        "id": "/subscriptions/f0afb0df-9549-4bb4-8af8-683201ed7aaa/resourceGroups/RG-EastUS-ARM-4/providers/Microsoft.Compute/virtualMachines/mssqlwin1",
        "resourceGroup": "RG-EastUS-ARM-4"
      },
      {
        "id": "/subscriptions/f0afb0df-9549-4bb4-8af8-683201ed7aaa/resourceGroups/RG-EastUS-ARM-4/providers/Microsoft.DBforMySQL/flexibleServers/mysql-m46q3cbtam5c2",
        "resourceGroup": "RG-EastUS-ARM-4"
      },
      {
        "id": "/subscriptions/f0afb0df-9549-4bb4-8af8-683201ed7aaa/resourceGroups/RG-EastUS-ARM-4/providers/Microsoft.DBforMySQL/flexibleServers/mysql-m46q3cbtam5c2/databases/testdb",
        "resourceGroup": "RG-EastUS-ARM-4"
      },
      {
        "id": "/subscriptions/f0afb0df-9549-4bb4-8af8-683201ed7aaa/resourceGroups/RG-EastUS-ARM-4/providers/Microsoft.KeyVault/vaults/kv-m46q3cbtam5c2",
        "resourceGroup": "RG-EastUS-ARM-4"
      },
      {
        "id": "/subscriptions/f0afb0df-9549-4bb4-8af8-683201ed7aaa/resourceGroups/RG-EastUS-ARM-4/providers/Microsoft.KeyVault/vaults/kv-m46q3cbtam5c2/accessPolicies/add",
        "resourceGroup": "RG-EastUS-ARM-4"
      },
      {
        "id": "/subscriptions/f0afb0df-9549-4bb4-8af8-683201ed7aaa/resourceGroups/RG-EastUS-ARM-4/providers/Microsoft.KeyVault/vaults/kv-m46q3cbtam5c2/secrets/adminpassword",
        "resourceGroup": "RG-EastUS-ARM-4"
      },
      {
        "id": "/subscriptions/f0afb0df-9549-4bb4-8af8-683201ed7aaa/resourceGroups/RG-EastUS-ARM-4/providers/Microsoft.KeyVault/vaults/kv-m46q3cbtam5c2/secrets/adminuser",
        "resourceGroup": "RG-EastUS-ARM-4"
      },
      {
        "id": "/subscriptions/f0afb0df-9549-4bb4-8af8-683201ed7aaa/resourceGroups/RG-EastUS-ARM-4/providers/Microsoft.KeyVault/vaults/kv-m46q3cbtam5c2/secrets/log-shared-arm-01-ID",
        "resourceGroup": "RG-EastUS-ARM-4"
      },
      {
        "id": "/subscriptions/f0afb0df-9549-4bb4-8af8-683201ed7aaa/resourceGroups/RG-EastUS-ARM-4/providers/Microsoft.KeyVault/vaults/kv-m46q3cbtam5c2/secrets/stm46q3cbtam5c2",
        "resourceGroup": "RG-EastUS-ARM-4"
      },
      {
        "id": "/subscriptions/f0afb0df-9549-4bb4-8af8-683201ed7aaa/resourceGroups/RG-EastUS-ARM-4/providers/Microsoft.Network/bastionHosts/bst-ARM-01",
        "resourceGroup": "RG-EastUS-ARM-4"
      },
      {
        "id": "/subscriptions/f0afb0df-9549-4bb4-8af8-683201ed7aaa/resourceGroups/RG-EastUS-ARM-4/providers/Microsoft.Network/networkInterfaces/nic-adds11",
        "resourceGroup": "RG-EastUS-ARM-4"
      },
      {
        "id": "/subscriptions/f0afb0df-9549-4bb4-8af8-683201ed7aaa/resourceGroups/RG-EastUS-ARM-4/providers/Microsoft.Network/networkInterfaces/nic-jumplinux1-1",
        "resourceGroup": "RG-EastUS-ARM-4"
      },
      {
        "id": "/subscriptions/f0afb0df-9549-4bb4-8af8-683201ed7aaa/resourceGroups/RG-EastUS-ARM-4/providers/Microsoft.Network/networkInterfaces/nic-jumpwin1-1",
        "resourceGroup": "RG-EastUS-ARM-4"
      },
      {
        "id": "/subscriptions/f0afb0df-9549-4bb4-8af8-683201ed7aaa/resourceGroups/RG-EastUS-ARM-4/providers/Microsoft.Network/networkInterfaces/nic-mssqlwin1-1",
        "resourceGroup": "RG-EastUS-ARM-4"
      },
      {
        "id": "/subscriptions/f0afb0df-9549-4bb4-8af8-683201ed7aaa/resourceGroups/RG-EastUS-ARM-4/providers/Microsoft.Network/networkSecurityGroups/nsg-vnet-app-01.snet-app-01",
        "resourceGroup": "RG-EastUS-ARM-4"
      },
      {
        "id": "/subscriptions/f0afb0df-9549-4bb4-8af8-683201ed7aaa/resourceGroups/RG-EastUS-ARM-4/providers/Microsoft.Network/networkSecurityGroups/nsg-vnet-app-01.snet-db-01",
        "resourceGroup": "RG-EastUS-ARM-4"
      },
      {
        "id": "/subscriptions/f0afb0df-9549-4bb4-8af8-683201ed7aaa/resourceGroups/RG-EastUS-ARM-4/providers/Microsoft.Network/networkSecurityGroups/nsg-vnet-app-01.snet-misc-03",
        "resourceGroup": "RG-EastUS-ARM-4"
      },
      {
        "id": "/subscriptions/f0afb0df-9549-4bb4-8af8-683201ed7aaa/resourceGroups/RG-EastUS-ARM-4/providers/Microsoft.Network/networkSecurityGroups/nsg-vnet-app-01.snet-privatelink-01",
        "resourceGroup": "RG-EastUS-ARM-4"
      },
      {
        "id": "/subscriptions/f0afb0df-9549-4bb4-8af8-683201ed7aaa/resourceGroups/RG-EastUS-ARM-4/providers/Microsoft.Network/networkSecurityGroups/nsg-vnet-shared-01.AzureBastionSubnet",
        "resourceGroup": "RG-EastUS-ARM-4"
      },
      {
        "id": "/subscriptions/f0afb0df-9549-4bb4-8af8-683201ed7aaa/resourceGroups/RG-EastUS-ARM-4/providers/Microsoft.Network/networkSecurityGroups/nsg-vnet-shared-01.snet-adds-01",
        "resourceGroup": "RG-EastUS-ARM-4"
      },
      {
        "id": "/subscriptions/f0afb0df-9549-4bb4-8af8-683201ed7aaa/resourceGroups/RG-EastUS-ARM-4/providers/Microsoft.Network/networkSecurityGroups/nsg-vnet-shared-01.snet-misc-01",
        "resourceGroup": "RG-EastUS-ARM-4"
      },
      {
        "id": "/subscriptions/f0afb0df-9549-4bb4-8af8-683201ed7aaa/resourceGroups/RG-EastUS-ARM-4/providers/Microsoft.Network/networkSecurityGroups/nsg-vnet-shared-01.snet-misc-02",
        "resourceGroup": "RG-EastUS-ARM-4"
      },
      {
        "id": "/subscriptions/f0afb0df-9549-4bb4-8af8-683201ed7aaa/resourceGroups/RG-EastUS-ARM-4/providers/Microsoft.Network/privateDnsZones/privatelink.database.windows.net",
        "resourceGroup": "RG-EastUS-ARM-4"
      },
      {
        "id": "/subscriptions/f0afb0df-9549-4bb4-8af8-683201ed7aaa/resourceGroups/RG-EastUS-ARM-4/providers/Microsoft.Network/privateDnsZones/privatelink.database.windows.net/virtualNetworkLinks/pdnslink-privatelink.database.windows.net-vnet-app-01",
        "resourceGroup": "RG-EastUS-ARM-4"
      },
      {
        "id": "/subscriptions/f0afb0df-9549-4bb4-8af8-683201ed7aaa/resourceGroups/RG-EastUS-ARM-4/providers/Microsoft.Network/privateDnsZones/privatelink.database.windows.net/virtualNetworkLinks/pdnslink-privatelink.database.windows.net-vnet-shared-01",
        "resourceGroup": "RG-EastUS-ARM-4"
      },
      {
        "id": "/subscriptions/f0afb0df-9549-4bb4-8af8-683201ed7aaa/resourceGroups/RG-EastUS-ARM-4/providers/Microsoft.Network/privateDnsZones/privatelink.file.core.windows.net",
        "resourceGroup": "RG-EastUS-ARM-4"
      },
      {
        "id": "/subscriptions/f0afb0df-9549-4bb4-8af8-683201ed7aaa/resourceGroups/RG-EastUS-ARM-4/providers/Microsoft.Network/privateDnsZones/privatelink.file.core.windows.net/A/stm46q3cbtam5c2",
        "resourceGroup": "RG-EastUS-ARM-4"
      },
      {
        "id": "/subscriptions/f0afb0df-9549-4bb4-8af8-683201ed7aaa/resourceGroups/RG-EastUS-ARM-4/providers/Microsoft.Network/privateDnsZones/privatelink.file.core.windows.net/virtualNetworkLinks/pdnslink-privatelink.file.core.windows.net-vnet-app-01",
        "resourceGroup": "RG-EastUS-ARM-4"
      },
      {
        "id": "/subscriptions/f0afb0df-9549-4bb4-8af8-683201ed7aaa/resourceGroups/RG-EastUS-ARM-4/providers/Microsoft.Network/privateDnsZones/privatelink.file.core.windows.net/virtualNetworkLinks/pdnslink-privatelink.file.core.windows.net-vnet-shared-01",
        "resourceGroup": "RG-EastUS-ARM-4"
      },
      {
        "id": "/subscriptions/f0afb0df-9549-4bb4-8af8-683201ed7aaa/resourceGroups/RG-EastUS-ARM-4/providers/Microsoft.Network/privateDnsZones/privatelink.mysql.database.azure.com",
        "resourceGroup": "RG-EastUS-ARM-4"
      },
      {
        "id": "/subscriptions/f0afb0df-9549-4bb4-8af8-683201ed7aaa/resourceGroups/RG-EastUS-ARM-4/providers/Microsoft.Network/privateDnsZones/privatelink.mysql.database.azure.com/A/mysql-m46q3cbtam5c2",
        "resourceGroup": "RG-EastUS-ARM-4"
      },
      {
        "id": "/subscriptions/f0afb0df-9549-4bb4-8af8-683201ed7aaa/resourceGroups/RG-EastUS-ARM-4/providers/Microsoft.Network/privateDnsZones/privatelink.mysql.database.azure.com/virtualNetworkLinks/pdnslink-privatelink.mysql.database.azure.com-vnet-app-01",
        "resourceGroup": "RG-EastUS-ARM-4"
      },
      {
        "id": "/subscriptions/f0afb0df-9549-4bb4-8af8-683201ed7aaa/resourceGroups/RG-EastUS-ARM-4/providers/Microsoft.Network/privateDnsZones/privatelink.mysql.database.azure.com/virtualNetworkLinks/pdnslink-privatelink.mysql.database.azure.com-vnet-shared-01",
        "resourceGroup": "RG-EastUS-ARM-4"
      },
      {
        "id": "/subscriptions/f0afb0df-9549-4bb4-8af8-683201ed7aaa/resourceGroups/RG-EastUS-ARM-4/providers/Microsoft.Network/privateEndpoints/pend-mysql-m46q3cbtam5c2",
        "resourceGroup": "RG-EastUS-ARM-4"
      },
      {
        "id": "/subscriptions/f0afb0df-9549-4bb4-8af8-683201ed7aaa/resourceGroups/RG-EastUS-ARM-4/providers/Microsoft.Network/privateEndpoints/pend-stm46q3cbtam5c2-file",
        "resourceGroup": "RG-EastUS-ARM-4"
      },
      {
        "id": "/subscriptions/f0afb0df-9549-4bb4-8af8-683201ed7aaa/resourceGroups/RG-EastUS-ARM-4/providers/Microsoft.Network/publicIPAddresses/pip-bst-ARM-01",
        "resourceGroup": "RG-EastUS-ARM-4"
      },
      {
        "id": "/subscriptions/f0afb0df-9549-4bb4-8af8-683201ed7aaa/resourceGroups/RG-EastUS-ARM-4/providers/Microsoft.Network/virtualNetworks/vnet-app-01",
        "resourceGroup": "RG-EastUS-ARM-4"
      },
      {
        "id": "/subscriptions/f0afb0df-9549-4bb4-8af8-683201ed7aaa/resourceGroups/RG-EastUS-ARM-4/providers/Microsoft.Network/virtualNetworks/vnet-app-01/virtualNetworkPeerings/vnet_app_01_to_vnet_shared_01_peering",
        "resourceGroup": "RG-EastUS-ARM-4"
      },
      {
        "id": "/subscriptions/f0afb0df-9549-4bb4-8af8-683201ed7aaa/resourceGroups/RG-EastUS-ARM-4/providers/Microsoft.Network/virtualNetworks/vnet-shared-01",
        "resourceGroup": "RG-EastUS-ARM-4"
      },
      {
        "id": "/subscriptions/f0afb0df-9549-4bb4-8af8-683201ed7aaa/resourceGroups/RG-EastUS-ARM-4/providers/Microsoft.Network/virtualNetworks/vnet-shared-01/virtualNetworkPeerings/vnet_shared_01_to_vnet_app_01_peering",
        "resourceGroup": "RG-EastUS-ARM-4"
      },
      {
        "id": "/subscriptions/f0afb0df-9549-4bb4-8af8-683201ed7aaa/resourceGroups/RG-EastUS-ARM-4/providers/Microsoft.OperationalInsights/workspaces/log-shared-arm-01",
        "resourceGroup": "RG-EastUS-ARM-4"
      },
      {
        "id": "/subscriptions/f0afb0df-9549-4bb4-8af8-683201ed7aaa/resourceGroups/RG-EastUS-ARM-4/providers/Microsoft.Storage/storageAccounts/stm46q3cbtam5c2",
        "resourceGroup": "RG-EastUS-ARM-4"
      },
      {
        "id": "/subscriptions/f0afb0df-9549-4bb4-8af8-683201ed7aaa/resourceGroups/RG-EastUS-ARM-4/providers/Microsoft.Storage/storageAccounts/stm46q3cbtam5c2/blobServices/default/containers/scripts",
        "resourceGroup": "RG-EastUS-ARM-4"
      },
      {
        "id": "/subscriptions/f0afb0df-9549-4bb4-8af8-683201ed7aaa/resourceGroups/RG-EastUS-ARM-4/providers/Microsoft.Storage/storageAccounts/stm46q3cbtam5c2/fileServices/default/shares/myfileshare",
        "resourceGroup": "RG-EastUS-ARM-4"
      }
    ],
    "outputs": null,
    "parameters": {
      "adminUsername": {
        "type": "String",
        "value": "bootstrapadmin"
      },
      "armClientObjectId": {
        "type": "String",
        "value": "385d2034-9ca3-4b02-99ca-5edc4654f183"
      },
      "dnsServers": {
        "type": "Array",
        "value": [
          "10.1.1.4",
          "168.63.129.16"
        ]
      },
      "location": {
        "type": "String",
        "value": "eastus"
      },
      "ownerObjectId": {
        "type": "String",
        "value": "d007f379-1e9f-4e5a-8758-5a424f73c1f5"
      },
      "resourceGroupName": {
        "type": "String",
        "value": "RG-EastUS-ARM-4"
      },
      "subscriptionId": {
        "type": "String",
        "value": "f0afb0df-9549-4bb4-8af8-683201ed7aaa"
      }
    },
    "parametersLink": null,
    "providers": [
      {
        "id": null,
        "namespace": "Microsoft.Resources",
        "providerAuthorizationConsentState": null,
        "registrationPolicy": null,
        "registrationState": null,
        "resourceTypes": [
          {
            "aliases": null,
            "apiProfiles": null,
            "apiVersions": null,
            "capabilities": null,
            "defaultApiVersion": null,
            "locationMappings": null,
            "locations": [
              null
            ],
            "properties": null,
            "resourceType": "deployments",
            "zoneMappings": null
          }
        ]
      }
    ],
    "provisioningState": "Succeeded",
    "templateHash": "4817322005004378776",
    "templateLink": null,
    "timestamp": "2024-05-18T19:07:47.512013+00:00",
    "validatedResources": null
  },
  "resourceGroup": "RG-EastUS-ARM-4",
  "tags": null,
  "type": "Microsoft.Resources/deployments"
}
INFO: Command ran in 1086.135 seconds (init: 0.188, invoke: 1085.947)
