Starting unprovisioning process
INFO: Command ran in 690.971 seconds (init: 0.180, invoke: 690.791)
{
  "id": "/subscriptions/f0afb0df-9549-4bb4-8af8-683201ed7aaa/resourceGroups/RG-AustraliaEast-ARM-5/providers/Microsoft.Resources/deployments/cleanup",
  "location": null,
  "name": "cleanup",
  "properties": {
    "correlationId": "a822e720-9fee-4054-9005-10c6eb4fe334",
    "debugSetting": null,
    "dependencies": [],
    "duration": "PT11M10.2290496S",
    "error": null,
    "mode": "Complete",
    "onErrorDeployment": null,
    "outputResources": [],
    "outputs": {},
    "parameters": {},
    "parametersLink": null,
    "providers": [],
    "provisioningState": "Succeeded",
    "templateHash": "11635883502557795404",
    "templateLink": null,
    "timestamp": "2024-05-16T03:45:44.356523+00:00",
    "validatedResources": null
  },
  "resourceGroup": "RG-AustraliaEast-ARM-5",
  "tags": null,
  "type": "Microsoft.Resources/deployments"
}
