Starting unprovisioning process
INFO: Command ran in 693.697 seconds (init: 0.194, invoke: 693.503)
{
  "id": "/subscriptions/f0afb0df-9549-4bb4-8af8-683201ed7aaa/resourceGroups/RG-EastUS-bicep-2/providers/Microsoft.Resources/deployments/cleanup",
  "location": null,
  "name": "cleanup",
  "properties": {
    "correlationId": "177a0fb8-cc5a-48ee-bfca-85ee17ce7ec5",
    "debugSetting": null,
    "dependencies": [],
    "duration": "PT11M3.4645147S",
    "error": null,
    "mode": "Complete",
    "onErrorDeployment": null,
    "outputResources": [],
    "outputs": {},
    "parameters": {},
    "parametersLink": null,
    "providers": [],
    "provisioningState": "Succeeded",
    "templateHash": "11635883502557795404",
    "templateLink": null,
    "timestamp": "2024-06-01T14:04:00.821975+00:00",
    "validatedResources": null
  },
  "resourceGroup": "RG-EastUS-bicep-2",
  "tags": null,
  "type": "Microsoft.Resources/deployments"
}
