Starting unprovisioning process
WARNING: A new Bicep release is available: v0.27.1. Upgrade now by running "az bicep upgrade".
INFO: Command ran in 526.418 seconds (init: 0.184, invoke: 526.234)
{
  "id": "/subscriptions/f0afb0df-9549-4bb4-8af8-683201ed7aaa/resourceGroups/RG-SwedenCentral-bicep-3/providers/Microsoft.Resources/deployments/cleanup",
  "location": null,
  "name": "cleanup",
  "properties": {
    "correlationId": "fb897181-9158-45d9-aec3-df240ee4a110",
    "debugSetting": null,
    "dependencies": [],
    "duration": "PT8M7.932777S",
    "error": null,
    "mode": "Complete",
    "onErrorDeployment": null,
    "outputResources": [],
    "outputs": null,
    "parameters": null,
    "parametersLink": null,
    "providers": [],
    "provisioningState": "Succeeded",
    "templateHash": "6609161197123188811",
    "templateLink": null,
    "timestamp": "2024-05-15T18:58:57.367162+00:00",
    "validatedResources": null
  },
  "resourceGroup": "RG-SwedenCentral-bicep-3",
  "tags": null,
  "type": "Microsoft.Resources/deployments"
}
