Starting unprovisioning process
WARNING: A new Bicep release is available: v0.27.1. Upgrade now by running "az bicep upgrade".
INFO: Command ran in 697.196 seconds (init: 0.182, invoke: 697.014)
{
  "id": "/subscriptions/f0afb0df-9549-4bb4-8af8-683201ed7aaa/resourceGroups/RG-EastUS-bicep-4/providers/Microsoft.Resources/deployments/cleanup",
  "location": null,
  "name": "cleanup",
  "properties": {
    "correlationId": "4f85b220-d206-4090-bda2-1dcb148dc06d",
    "debugSetting": null,
    "dependencies": [],
    "duration": "PT11M2.3959821S",
    "error": null,
    "mode": "Complete",
    "onErrorDeployment": null,
    "outputResources": [],
    "outputs": null,
    "parameters": null,
    "parametersLink": null,
    "providers": [],
    "provisioningState": "Succeeded",
    "templateHash": "6609161197123188811",
    "templateLink": null,
    "timestamp": "2024-05-16T00:28:44.884222+00:00",
    "validatedResources": null
  },
  "resourceGroup": "RG-EastUS-bicep-4",
  "tags": null,
  "type": "Microsoft.Resources/deployments"
}
