Starting unprovisioning process
INFO: Command ran in 694.577 seconds (init: 0.239, invoke: 694.338)
{
  "id": "/subscriptions/33f27ac9-52ef-43de-b518-ef0b994e7f1b/resourceGroups/RG-EastUS-ARM-3/providers/Microsoft.Resources/deployments/cleanup",
  "location": null,
  "name": "cleanup",
  "properties": {
    "correlationId": "4f34023c-5537-4f27-8538-ea7307433bb7",
    "debugSetting": null,
    "dependencies": [],
    "duration": "PT11M3.681745S",
    "error": null,
    "mode": "Complete",
    "onErrorDeployment": null,
    "outputResources": [],
    "outputs": {},
    "parameters": {},
    "parametersLink": null,
    "providers": [],
    "provisioningState": "Succeeded",
    "templateHash": "11635883502557795404",
    "templateLink": null,
    "timestamp": "2024-04-19T09:51:25.782668+00:00",
    "validatedResources": null
  },
  "resourceGroup": "RG-EastUS-ARM-3",
  "tags": null,
  "type": "Microsoft.Resources/deployments"
}
