Starting unprovisioning process
WARNING: A new Bicep release is available: v0.26.170. Upgrade now by running "az bicep upgrade".
INFO: Command ran in 711.639 seconds (init: 0.227, invoke: 711.412)
{
  "id": "/subscriptions/33f27ac9-52ef-43de-b518-ef0b994e7f1b/resourceGroups/RG-SoutheastAsia-bicep-2/providers/Microsoft.Resources/deployments/cleanup",
  "location": null,
  "name": "cleanup",
  "properties": {
    "correlationId": "cea5c03c-5563-4710-9f7c-ff0d877648c0",
    "debugSetting": null,
    "dependencies": [],
    "duration": "PT11M13.9192377S",
    "error": null,
    "mode": "Complete",
    "onErrorDeployment": null,
    "outputResources": [],
    "outputs": null,
    "parameters": null,
    "parametersLink": null,
    "providers": [],
    "provisioningState": "Succeeded",
    "templateHash": "6609161197123188811",
    "templateLink": null,
    "timestamp": "2024-04-16T06:19:18.451338+00:00",
    "validatedResources": null
  },
  "resourceGroup": "RG-SoutheastAsia-bicep-2",
  "tags": null,
  "type": "Microsoft.Resources/deployments"
}
