Starting unprovisioning process
INFO: Command ran in 693.777 seconds (init: 0.179, invoke: 693.598)
{
  "id": "/subscriptions/f0afb0df-9549-4bb4-8af8-683201ed7aaa/resourceGroups/RG-AustraliaEast-ARM-3/providers/Microsoft.Resources/deployments/cleanup",
  "location": null,
  "name": "cleanup",
  "properties": {
    "correlationId": "629d418e-1e32-402d-befa-78f6bfe83874",
    "debugSetting": null,
    "dependencies": [],
    "duration": "PT11M8.8794063S",
    "error": null,
    "mode": "Complete",
    "onErrorDeployment": null,
    "outputResources": [],
    "outputs": {},
    "parameters": {},
    "parametersLink": null,
    "providers": [],
    "provisioningState": "Succeeded",
    "templateHash": "11635883502557795404",
    "templateLink": null,
    "timestamp": "2024-05-15T18:16:30.165196+00:00",
    "validatedResources": null
  },
  "resourceGroup": "RG-AustraliaEast-ARM-3",
  "tags": null,
  "type": "Microsoft.Resources/deployments"
}
