Starting unprovisioning process
INFO: Command ran in 704.612 seconds (init: 0.183, invoke: 704.428)
{
  "id": "/subscriptions/f0afb0df-9549-4bb4-8af8-683201ed7aaa/resourceGroups/RG-SwedenCentral-ARM-1/providers/Microsoft.Resources/deployments/cleanup",
  "location": null,
  "name": "cleanup",
  "properties": {
    "correlationId": "67eeee48-006a-4023-a4bb-cb688ffa171a",
    "debugSetting": null,
    "dependencies": [],
    "duration": "PT11M12.5757339S",
    "error": null,
    "mode": "Complete",
    "onErrorDeployment": null,
    "outputResources": [],
    "outputs": {},
    "parameters": {},
    "parametersLink": null,
    "providers": [],
    "provisioningState": "Succeeded",
    "templateHash": "11635883502557795404",
    "templateLink": null,
    "timestamp": "2024-05-20T02:14:16.014751+00:00",
    "validatedResources": null
  },
  "resourceGroup": "RG-SwedenCentral-ARM-1",
  "tags": null,
  "type": "Microsoft.Resources/deployments"
}
