Starting unprovisioning process
INFO: Command ran in 696.371 seconds (init: 0.179, invoke: 696.192)
{
  "id": "/subscriptions/f0afb0df-9549-4bb4-8af8-683201ed7aaa/resourceGroups/RG-AustraliaEast-ARM-5/providers/Microsoft.Resources/deployments/cleanup",
  "location": null,
  "name": "cleanup",
  "properties": {
    "correlationId": "eeda1dd4-3dbb-4b01-afc5-b5bfdb24f1d2",
    "debugSetting": null,
    "dependencies": [],
    "duration": "PT11M7.4287207S",
    "error": null,
    "mode": "Complete",
    "onErrorDeployment": null,
    "outputResources": [],
    "outputs": {},
    "parameters": {},
    "parametersLink": null,
    "providers": [],
    "provisioningState": "Succeeded",
    "templateHash": "11635883502557795404",
    "templateLink": null,
    "timestamp": "2024-05-15T00:05:31.173884+00:00",
    "validatedResources": null
  },
  "resourceGroup": "RG-AustraliaEast-ARM-5",
  "tags": null,
  "type": "Microsoft.Resources/deployments"
}
