------------------------- STARTING TESTS ------------------------- 

     Bootstraping deployment with pre-requisites ...
          Azure Subscription ID:    33f27ac9-52ef-43de-b518-ef0b994e7f1b
          Azure Subscription:       'Azure subscription 1'...
          Azure Tenant ID:          c8001d36-ba17-4be2-b907-931bc500e970
          Azure App ID:             8e1cc064-d4e1-4b2d-a0b4-a9f679a348f9
          Azure Service Principal:  'terraform-1'...
          Azure Client Secret:      set

          Populating terraform.tfvars file ... Done
          Populating ARM parameters file   ... Done
          Populating bicep parameters file ... Done


     Bootstrapping COMPLETE 

     --------------------     

     Creating Resource Group ...
          Azure Subscription ID:    33f27ac9-52ef-43de-b518-ef0b994e7f1b
          Found resource group:    RG-EastUS-terraform-1

     Initializing Terraform ... DONE 
     Cleaning up resources through terraform destroy ... DONE 


------------------------- TEST BEGIN -------------------------
             terraform - azure - EastUS - 1
--------------------------------------------------------------

Starting provisioning process
Provision successfull
Starting unprovisioning process
Unprovision Failed
Retrying...
Starting unprovisioning process
Unprovision Failed
Retrying...
Starting unprovisioning process
Unprovision Failed
No more retrys... skipping

--------------------------- TEST END --------------------------
             terraform - azure - EastUS - 1
---------------------------------------------------------------


     Creating Resource Group ...
          Azure Subscription ID:    33f27ac9-52ef-43de-b518-ef0b994e7f1b
          Found resource group:    RG-SwedenCentral-terraform-1

     Initializing Terraform ... DONE 
     Cleaning up resources through terraform destroy ...
     Error: cmd_unprovision failed
     Retrying...
     Error: cmd_unprovision failed
     Retrying...
     Error: cmd_unprovision failed
     No more retrys... skipping


------------------------- TEST BEGIN -------------------------
             terraform - azure - SwedenCentral - 1
--------------------------------------------------------------

Starting provisioning process
Provision Failed
Retrying...

     Initializing Terraform ... DONE 
     Cleaning up resources through terraform destroy ... DONE 

Starting provisioning process
Provision successfull
Starting unprovisioning process
Unprovision successfull

--------------------------- TEST END --------------------------
             terraform - azure - SwedenCentral - 1
---------------------------------------------------------------


     Creating Resource Group ...
          Azure Subscription ID:    33f27ac9-52ef-43de-b518-ef0b994e7f1b
          Found resource group:    RG-AustraliaEast-terraform-1

     Initializing Terraform ... DONE 
     Cleaning up resources through terraform destroy ... DONE 


------------------------- TEST BEGIN -------------------------
             terraform - azure - AustraliaEast - 1
--------------------------------------------------------------

Starting provisioning process
Provision successfull
Starting unprovisioning process
Unprovision successfull

--------------------------- TEST END --------------------------
             terraform - azure - AustraliaEast - 1
---------------------------------------------------------------


     Creating Resource Group ...
          Azure Subscription ID:    33f27ac9-52ef-43de-b518-ef0b994e7f1b
          Found resource group:    RG-EastUS-ARM-1

     Cleaning up ARM ...

     --------------------     

------------------------- TEST BEGIN -------------------------
             ARM - azure - EastUS - 1
--------------------------------------------------------------

Starting provisioning process
Provision successfull
Starting unprovisioning process
Unprovision successfull

--------------------------- TEST END --------------------------
             ARM - azure - EastUS - 1
---------------------------------------------------------------


     Creating Resource Group ...
          Azure Subscription ID:    33f27ac9-52ef-43de-b518-ef0b994e7f1b
          Found resource group:    RG-SwedenCentral-ARM-1

     Cleaning up ARM ...

     --------------------     

------------------------- TEST BEGIN -------------------------
             ARM - azure - SwedenCentral - 1
--------------------------------------------------------------

Starting provisioning process
Provision successfull
Starting unprovisioning process
Unprovision successfull

--------------------------- TEST END --------------------------
             ARM - azure - SwedenCentral - 1
---------------------------------------------------------------


     Creating Resource Group ...
          Azure Subscription ID:    33f27ac9-52ef-43de-b518-ef0b994e7f1b
          Found resource group:    RG-AustraliaEast-ARM-1

     Cleaning up ARM ...

     --------------------     

------------------------- TEST BEGIN -------------------------
             ARM - azure - AustraliaEast - 1
--------------------------------------------------------------

Starting provisioning process
Provision successfull
Starting unprovisioning process
Unprovision successfull

--------------------------- TEST END --------------------------
             ARM - azure - AustraliaEast - 1
---------------------------------------------------------------


     Creating Resource Group ...
          Azure Subscription ID:    33f27ac9-52ef-43de-b518-ef0b994e7f1b
          Found resource group:    RG-EastUS-bicep-1

     Cleaning up Bicep ...

     --------------------     

------------------------- TEST BEGIN -------------------------
             bicep - azure - EastUS - 1
--------------------------------------------------------------

Starting provisioning process
Provision successfull
Starting unprovisioning process
Unprovision successfull

--------------------------- TEST END --------------------------
             bicep - azure - EastUS - 1
---------------------------------------------------------------


     Creating Resource Group ...
          Azure Subscription ID:    33f27ac9-52ef-43de-b518-ef0b994e7f1b
          Found resource group:    RG-SwedenCentral-bicep-1

     Cleaning up Bicep ...

     --------------------     

------------------------- TEST BEGIN -------------------------
             bicep - azure - SwedenCentral - 1
--------------------------------------------------------------

Starting provisioning process
Provision successfull
Starting unprovisioning process
Unprovision successfull

--------------------------- TEST END --------------------------
             bicep - azure - SwedenCentral - 1
---------------------------------------------------------------


     Creating Resource Group ...
          Azure Subscription ID:    33f27ac9-52ef-43de-b518-ef0b994e7f1b
          Found resource group:    RG-AustraliaEast-bicep-1

     Cleaning up Bicep ...

     --------------------     

------------------------- TEST BEGIN -------------------------
             bicep - azure - AustraliaEast - 1
--------------------------------------------------------------

Starting provisioning process
Provision successfull
Starting unprovisioning process
Unprovision successfull

--------------------------- TEST END --------------------------
             bicep - azure - AustraliaEast - 1
---------------------------------------------------------------


     Creating Resource Group ...
          Azure Subscription ID:    33f27ac9-52ef-43de-b518-ef0b994e7f1b
          Found resource group:    RG-EastUS-terraform-2

     Initializing Terraform ... DONE 
     Cleaning up resources through terraform destroy ... DONE 


------------------------- TEST BEGIN -------------------------
             terraform - azure - EastUS - 2
--------------------------------------------------------------

Starting provisioning process
Provision successfull
Starting unprovisioning process
Unprovision successfull

--------------------------- TEST END --------------------------
             terraform - azure - EastUS - 2
---------------------------------------------------------------


     Creating Resource Group ...
          Azure Subscription ID:    33f27ac9-52ef-43de-b518-ef0b994e7f1b
          Found resource group:    RG-SwedenCentral-terraform-2

     Initializing Terraform ... DONE 
     Cleaning up resources through terraform destroy ... DONE 


------------------------- TEST BEGIN -------------------------
             terraform - azure - SwedenCentral - 2
--------------------------------------------------------------

Starting provisioning process
Provision successfull
Starting unprovisioning process
Unprovision successfull

--------------------------- TEST END --------------------------
             terraform - azure - SwedenCentral - 2
---------------------------------------------------------------


     Creating Resource Group ...
          Azure Subscription ID:    33f27ac9-52ef-43de-b518-ef0b994e7f1b
          Found resource group:    RG-AustraliaEast-terraform-2

     Initializing Terraform ... DONE 
     Cleaning up resources through terraform destroy ... DONE 


------------------------- TEST BEGIN -------------------------
             terraform - azure - AustraliaEast - 2
--------------------------------------------------------------

Starting provisioning process
Provision successfull
Starting unprovisioning process
Unprovision successfull

--------------------------- TEST END --------------------------
             terraform - azure - AustraliaEast - 2
---------------------------------------------------------------


     Creating Resource Group ...
          Azure Subscription ID:    33f27ac9-52ef-43de-b518-ef0b994e7f1b
          Found resource group:    RG-EastUS-ARM-2

     Cleaning up ARM ...

     --------------------     

------------------------- TEST BEGIN -------------------------
             ARM - azure - EastUS - 2
--------------------------------------------------------------

Starting provisioning process
Provision successfull
Starting unprovisioning process
Unprovision successfull

--------------------------- TEST END --------------------------
             ARM - azure - EastUS - 2
---------------------------------------------------------------


     Creating Resource Group ...
          Azure Subscription ID:    33f27ac9-52ef-43de-b518-ef0b994e7f1b
          Found resource group:    RG-SwedenCentral-ARM-2

     Cleaning up ARM ...

     --------------------     

------------------------- TEST BEGIN -------------------------
             ARM - azure - SwedenCentral - 2
--------------------------------------------------------------

Starting provisioning process
Provision successfull
Starting unprovisioning process
Unprovision successfull

--------------------------- TEST END --------------------------
             ARM - azure - SwedenCentral - 2
---------------------------------------------------------------


     Creating Resource Group ...
          Azure Subscription ID:    33f27ac9-52ef-43de-b518-ef0b994e7f1b
          Found resource group:    RG-AustraliaEast-ARM-2

     Cleaning up ARM ...

     --------------------     

------------------------- TEST BEGIN -------------------------
             ARM - azure - AustraliaEast - 2
--------------------------------------------------------------

Starting provisioning process
Provision successfull
Starting unprovisioning process
Unprovision successfull

--------------------------- TEST END --------------------------
             ARM - azure - AustraliaEast - 2
---------------------------------------------------------------


     Creating Resource Group ...
          Azure Subscription ID:    33f27ac9-52ef-43de-b518-ef0b994e7f1b
          Found resource group:    RG-EastUS-bicep-2

     Cleaning up Bicep ...

     --------------------     

------------------------- TEST BEGIN -------------------------
             bicep - azure - EastUS - 2
--------------------------------------------------------------

Starting provisioning process
Provision Failed
Retrying...

     Cleaning up Bicep ...

     --------------------     
Starting provisioning process
Provision Failed
Retrying...

     Cleaning up Bicep ...

     --------------------     
Starting provisioning process
Provision successfull
Starting unprovisioning process
Unprovision successfull

--------------------------- TEST END --------------------------
             bicep - azure - EastUS - 2
---------------------------------------------------------------


     Creating Resource Group ...
          Azure Subscription ID:    33f27ac9-52ef-43de-b518-ef0b994e7f1b
          Found resource group:    RG-SwedenCentral-bicep-2

     Cleaning up Bicep ...

     --------------------     

------------------------- TEST BEGIN -------------------------
             bicep - azure - SwedenCentral - 2
--------------------------------------------------------------

Starting provisioning process
Provision successfull
Starting unprovisioning process
Unprovision successfull

--------------------------- TEST END --------------------------
             bicep - azure - SwedenCentral - 2
---------------------------------------------------------------


     Creating Resource Group ...
          Azure Subscription ID:    33f27ac9-52ef-43de-b518-ef0b994e7f1b
          Found resource group:    RG-AustraliaEast-bicep-2

     Cleaning up Bicep ...

     --------------------     

------------------------- TEST BEGIN -------------------------
             bicep - azure - AustraliaEast - 2
--------------------------------------------------------------

Starting provisioning process
Provision successfull
Starting unprovisioning process
Unprovision successfull

--------------------------- TEST END --------------------------
             bicep - azure - AustraliaEast - 2
---------------------------------------------------------------


     Creating Resource Group ...
          Azure Subscription ID:    33f27ac9-52ef-43de-b518-ef0b994e7f1b
          Found resource group:    RG-EastUS-terraform-3

     Initializing Terraform ... DONE 
     Cleaning up resources through terraform destroy ... DONE 


------------------------- TEST BEGIN -------------------------
             terraform - azure - EastUS - 3
--------------------------------------------------------------

Starting provisioning process
Provision successfull
Starting unprovisioning process
Unprovision Failed
Retrying...
Starting unprovisioning process
Unprovision Failed
Retrying...
Starting unprovisioning process
Unprovision Failed
No more retrys... skipping

--------------------------- TEST END --------------------------
             terraform - azure - EastUS - 3
---------------------------------------------------------------


     Creating Resource Group ...
          Azure Subscription ID:    33f27ac9-52ef-43de-b518-ef0b994e7f1b
          Found resource group:    RG-SwedenCentral-terraform-3

     Initializing Terraform ... DONE 
     Cleaning up resources through terraform destroy ...
     Error: cmd_unprovision failed
     Retrying...
     Error: cmd_unprovision failed
     Retrying... DONE 


------------------------- TEST BEGIN -------------------------
             terraform - azure - SwedenCentral - 3
--------------------------------------------------------------

Starting provisioning process
Provision successfull
Starting unprovisioning process
Unprovision successfull

--------------------------- TEST END --------------------------
             terraform - azure - SwedenCentral - 3
---------------------------------------------------------------


     Creating Resource Group ...
          Azure Subscription ID:    33f27ac9-52ef-43de-b518-ef0b994e7f1b
          Found resource group:    RG-AustraliaEast-terraform-3

     Initializing Terraform ... DONE 
     Cleaning up resources through terraform destroy ... DONE 


------------------------- TEST BEGIN -------------------------
             terraform - azure - AustraliaEast - 3
--------------------------------------------------------------

Starting provisioning process
Provision successfull
Starting unprovisioning process
Unprovision successfull

--------------------------- TEST END --------------------------
             terraform - azure - AustraliaEast - 3
---------------------------------------------------------------


     Creating Resource Group ...
          Azure Subscription ID:    33f27ac9-52ef-43de-b518-ef0b994e7f1b
          Found resource group:    RG-EastUS-ARM-3

     Cleaning up ARM ...

     --------------------     

------------------------- TEST BEGIN -------------------------
             ARM - azure - EastUS - 3
--------------------------------------------------------------

Starting provisioning process
Provision successfull
Starting unprovisioning process
Unprovision successfull

--------------------------- TEST END --------------------------
             ARM - azure - EastUS - 3
---------------------------------------------------------------


     Creating Resource Group ...
          Azure Subscription ID:    33f27ac9-52ef-43de-b518-ef0b994e7f1b
          Found resource group:    RG-SwedenCentral-ARM-3

     Cleaning up ARM ...

     --------------------     

------------------------- TEST BEGIN -------------------------
             ARM - azure - SwedenCentral - 3
--------------------------------------------------------------

Starting provisioning process
Provision successfull
Starting unprovisioning process
Unprovision successfull

--------------------------- TEST END --------------------------
             ARM - azure - SwedenCentral - 3
---------------------------------------------------------------


     Creating Resource Group ...
          Azure Subscription ID:    33f27ac9-52ef-43de-b518-ef0b994e7f1b
          Found resource group:    RG-AustraliaEast-ARM-3

     Cleaning up ARM ...

     --------------------     

------------------------- TEST BEGIN -------------------------
             ARM - azure - AustraliaEast - 3
--------------------------------------------------------------

Starting provisioning process
Provision successfull
Starting unprovisioning process
Unprovision successfull

--------------------------- TEST END --------------------------
             ARM - azure - AustraliaEast - 3
---------------------------------------------------------------


     Creating Resource Group ...
          Azure Subscription ID:    33f27ac9-52ef-43de-b518-ef0b994e7f1b
          Found resource group:    RG-EastUS-bicep-3

     Cleaning up Bicep ...

     --------------------     

------------------------- TEST BEGIN -------------------------
             bicep - azure - EastUS - 3
--------------------------------------------------------------

Starting provisioning process
Provision successfull
Starting unprovisioning process
Unprovision successfull

--------------------------- TEST END --------------------------
             bicep - azure - EastUS - 3
---------------------------------------------------------------


     Creating Resource Group ...
          Azure Subscription ID:    33f27ac9-52ef-43de-b518-ef0b994e7f1b
          Found resource group:    RG-SwedenCentral-bicep-3

     Cleaning up Bicep ...

     --------------------     

------------------------- TEST BEGIN -------------------------
             bicep - azure - SwedenCentral - 3
--------------------------------------------------------------

Starting provisioning process
Provision successfull
Starting unprovisioning process
Unprovision successfull

--------------------------- TEST END --------------------------
             bicep - azure - SwedenCentral - 3
---------------------------------------------------------------


     Creating Resource Group ...
          Azure Subscription ID:    33f27ac9-52ef-43de-b518-ef0b994e7f1b
          Found resource group:    RG-AustraliaEast-bicep-3

     Cleaning up Bicep ...

     --------------------     

------------------------- TEST BEGIN -------------------------
             bicep - azure - AustraliaEast - 3
--------------------------------------------------------------

Starting provisioning process
Provision successfull
Starting unprovisioning process
Unprovision successfull

--------------------------- TEST END --------------------------
             bicep - azure - AustraliaEast - 3
---------------------------------------------------------------

