Starting unprovisioning process
WARNING: A new Bicep release is available: v0.26.170. Upgrade now by running "az bicep upgrade".
INFO: Command ran in 710.008 seconds (init: 0.257, invoke: 709.751)
{
  "id": "/subscriptions/33f27ac9-52ef-43de-b518-ef0b994e7f1b/resourceGroups/RG-SwedenCentral-bicep-2/providers/Microsoft.Resources/deployments/cleanup",
  "location": null,
  "name": "cleanup",
  "properties": {
    "correlationId": "1df73b40-5c08-4dd9-8530-60f2041f405d",
    "debugSetting": null,
    "dependencies": [],
    "duration": "PT11M15.5705235S",
    "error": null,
    "mode": "Complete",
    "onErrorDeployment": null,
    "outputResources": [],
    "outputs": null,
    "parameters": null,
    "parametersLink": null,
    "providers": [],
    "provisioningState": "Succeeded",
    "templateHash": "6609161197123188811",
    "templateLink": null,
    "timestamp": "2024-04-17T21:27:59.799793+00:00",
    "validatedResources": null
  },
  "resourceGroup": "RG-SwedenCentral-bicep-2",
  "tags": null,
  "type": "Microsoft.Resources/deployments"
}
