Starting unprovisioning process
WARNING: A new Bicep release is available: v0.27.1. Upgrade now by running "az bicep upgrade".
INFO: Command ran in 1191.634 seconds (init: 0.182, invoke: 1191.453)
{
  "id": "/subscriptions/f0afb0df-9549-4bb4-8af8-683201ed7aaa/resourceGroups/RG-SwedenCentral-bicep-4/providers/Microsoft.Resources/deployments/cleanup",
  "location": null,
  "name": "cleanup",
  "properties": {
    "correlationId": "433635a2-a3c4-4022-ac22-f901b5d16658",
    "debugSetting": null,
    "dependencies": [],
    "duration": "PT19M22.647067S",
    "error": null,
    "mode": "Complete",
    "onErrorDeployment": null,
    "outputResources": [],
    "outputs": null,
    "parameters": null,
    "parametersLink": null,
    "providers": [],
    "provisioningState": "Succeeded",
    "templateHash": "6609161197123188811",
    "templateLink": null,
    "timestamp": "2024-05-17T05:04:39.345306+00:00",
    "validatedResources": null
  },
  "resourceGroup": "RG-SwedenCentral-bicep-4",
  "tags": null,
  "type": "Microsoft.Resources/deployments"
}
