Starting provisioning process
ERROR: {"status":"Failed","error":{"code":"DeploymentFailed","target":"/subscriptions/33f27ac9-52ef-43de-b518-ef0b994e7f1b/resourceGroups/RG-AustraliaEast-ARM-3/providers/Microsoft.Resources/deployments/root","message":"At least one resource deployment operation failed. Please list deployment operations for details. Please see https://aka.ms/arm-deployment-operations for usage details.","details":[{"code":"ResourceDeploymentFailure","target":"/subscriptions/33f27ac9-52ef-43de-b518-ef0b994e7f1b/resourceGroups/RG-AustraliaEast-ARM-3/providers/Microsoft.Resources/deployments/module01","message":"The resource write operation failed to complete successfully, because it reached terminal provisioning state 'Failed'.","details":[{"code":"DeploymentFailed","target":"/subscriptions/33f27ac9-52ef-43de-b518-ef0b994e7f1b/resourceGroups/RG-AustraliaEast-ARM-3/providers/Microsoft.Resources/deployments/module01","message":"At least one resource deployment operation failed. Please list deployment operations for details. Please see https://aka.ms/arm-deployment-operations for usage details.","details":[{"code":"ResourceDeploymentFailure","target":"/subscriptions/33f27ac9-52ef-43de-b518-ef0b994e7f1b/resourceGroups/RG-AustraliaEast-ARM-3/providers/Microsoft.Compute/virtualMachines/adds1","message":"The resource write operation failed to complete successfully, because it reached terminal provisioning state 'Failed'.","details":[{"code":"RetryableError","message":"A retryable error occurred."}]}]}]}]}}
INFO: Command ran in 546.214 seconds (init: 0.232, invoke: 545.982)
Starting provisioning process
INFO: Command ran in 554.661 seconds (init: 0.244, invoke: 554.417)
{
  "id": "/subscriptions/33f27ac9-52ef-43de-b518-ef0b994e7f1b/resourceGroups/RG-AustraliaEast-ARM-3/providers/Microsoft.Resources/deployments/root",
  "location": null,
  "name": "root",
  "properties": {
    "correlationId": "2f5c0e7a-e7b7-439c-a4c7-a06652d362b4",
    "debugSetting": null,
    "dependencies": [],
    "duration": "PT8M35.9980401S",
    "error": null,
    "mode": "Incremental",
    "onErrorDeployment": null,
    "outputResources": [
      {
        "id": "/subscriptions/33f27ac9-52ef-43de-b518-ef0b994e7f1b/resourceGroups/RG-AustraliaEast-ARM-3/providers/Microsoft.Compute/virtualMachines/adds1",
        "resourceGroup": "RG-AustraliaEast-ARM-3"
      },
      {
        "id": "/subscriptions/33f27ac9-52ef-43de-b518-ef0b994e7f1b/resourceGroups/RG-AustraliaEast-ARM-3/providers/Microsoft.KeyVault/vaults/kv-zhfq4ckzfynfu",
        "resourceGroup": "RG-AustraliaEast-ARM-3"
      },
      {
        "id": "/subscriptions/33f27ac9-52ef-43de-b518-ef0b994e7f1b/resourceGroups/RG-AustraliaEast-ARM-3/providers/Microsoft.KeyVault/vaults/kv-zhfq4ckzfynfu/secrets/adminpassword",
        "resourceGroup": "RG-AustraliaEast-ARM-3"
      },
      {
        "id": "/subscriptions/33f27ac9-52ef-43de-b518-ef0b994e7f1b/resourceGroups/RG-AustraliaEast-ARM-3/providers/Microsoft.KeyVault/vaults/kv-zhfq4ckzfynfu/secrets/adminuser",
        "resourceGroup": "RG-AustraliaEast-ARM-3"
      },
      {
        "id": "/subscriptions/33f27ac9-52ef-43de-b518-ef0b994e7f1b/resourceGroups/RG-AustraliaEast-ARM-3/providers/Microsoft.KeyVault/vaults/kv-zhfq4ckzfynfu/secrets/log-shared-arm-01-ID",
        "resourceGroup": "RG-AustraliaEast-ARM-3"
      },
      {
        "id": "/subscriptions/33f27ac9-52ef-43de-b518-ef0b994e7f1b/resourceGroups/RG-AustraliaEast-ARM-3/providers/Microsoft.KeyVault/vaults/kv-zhfq4ckzfynfu/secrets/stzhfq4ckzfynfu",
        "resourceGroup": "RG-AustraliaEast-ARM-3"
      },
      {
        "id": "/subscriptions/33f27ac9-52ef-43de-b518-ef0b994e7f1b/resourceGroups/RG-AustraliaEast-ARM-3/providers/Microsoft.Network/bastionHosts/bst-ARM-01",
        "resourceGroup": "RG-AustraliaEast-ARM-3"
      },
      {
        "id": "/subscriptions/33f27ac9-52ef-43de-b518-ef0b994e7f1b/resourceGroups/RG-AustraliaEast-ARM-3/providers/Microsoft.Network/networkInterfaces/nic-adds11",
        "resourceGroup": "RG-AustraliaEast-ARM-3"
      },
      {
        "id": "/subscriptions/33f27ac9-52ef-43de-b518-ef0b994e7f1b/resourceGroups/RG-AustraliaEast-ARM-3/providers/Microsoft.Network/networkSecurityGroups/nsg-vnet-shared-01.AzureBastionSubnet",
        "resourceGroup": "RG-AustraliaEast-ARM-3"
      },
      {
        "id": "/subscriptions/33f27ac9-52ef-43de-b518-ef0b994e7f1b/resourceGroups/RG-AustraliaEast-ARM-3/providers/Microsoft.Network/networkSecurityGroups/nsg-vnet-shared-01.snet-adds-01",
        "resourceGroup": "RG-AustraliaEast-ARM-3"
      },
      {
        "id": "/subscriptions/33f27ac9-52ef-43de-b518-ef0b994e7f1b/resourceGroups/RG-AustraliaEast-ARM-3/providers/Microsoft.Network/networkSecurityGroups/nsg-vnet-shared-01.snet-misc-01",
        "resourceGroup": "RG-AustraliaEast-ARM-3"
      },
      {
        "id": "/subscriptions/33f27ac9-52ef-43de-b518-ef0b994e7f1b/resourceGroups/RG-AustraliaEast-ARM-3/providers/Microsoft.Network/networkSecurityGroups/nsg-vnet-shared-01.snet-misc-02",
        "resourceGroup": "RG-AustraliaEast-ARM-3"
      },
      {
        "id": "/subscriptions/33f27ac9-52ef-43de-b518-ef0b994e7f1b/resourceGroups/RG-AustraliaEast-ARM-3/providers/Microsoft.Network/publicIPAddresses/pip-bst-ARM-01",
        "resourceGroup": "RG-AustraliaEast-ARM-3"
      },
      {
        "id": "/subscriptions/33f27ac9-52ef-43de-b518-ef0b994e7f1b/resourceGroups/RG-AustraliaEast-ARM-3/providers/Microsoft.Network/virtualNetworks/vnet-shared-01",
        "resourceGroup": "RG-AustraliaEast-ARM-3"
      },
      {
        "id": "/subscriptions/33f27ac9-52ef-43de-b518-ef0b994e7f1b/resourceGroups/RG-AustraliaEast-ARM-3/providers/Microsoft.OperationalInsights/workspaces/log-shared-arm-01",
        "resourceGroup": "RG-AustraliaEast-ARM-3"
      },
      {
        "id": "/subscriptions/33f27ac9-52ef-43de-b518-ef0b994e7f1b/resourceGroups/RG-AustraliaEast-ARM-3/providers/Microsoft.Storage/storageAccounts/stzhfq4ckzfynfu",
        "resourceGroup": "RG-AustraliaEast-ARM-3"
      },
      {
        "id": "/subscriptions/33f27ac9-52ef-43de-b518-ef0b994e7f1b/resourceGroups/RG-AustraliaEast-ARM-3/providers/Microsoft.Storage/storageAccounts/stzhfq4ckzfynfu/blobServices/default/containers/scripts",
        "resourceGroup": "RG-AustraliaEast-ARM-3"
      }
    ],
    "outputs": null,
    "parameters": {
      "adminUsername": {
        "type": "String",
        "value": "bootstrapadmin"
      },
      "armClientObjectId": {
        "type": "String",
        "value": "c4b9d2d3-0fe4-46e4-a0b0-e8f0ce1bbbde"
      },
      "dnsServers": {
        "type": "Array",
        "value": [
          "10.1.1.4",
          "168.63.129.16"
        ]
      },
      "location": {
        "type": "String",
        "value": "australiaeast"
      },
      "ownerObjectId": {
        "type": "String",
        "value": "5e1a0937-9b34-46ca-adde-41e4a5d58f58"
      },
      "resourceGroupName": {
        "type": "String",
        "value": "RG-AustraliaEast-ARM-3"
      },
      "subscriptionId": {
        "type": "String",
        "value": "33f27ac9-52ef-43de-b518-ef0b994e7f1b"
      }
    },
    "parametersLink": null,
    "providers": [
      {
        "id": null,
        "namespace": "Microsoft.Resources",
        "providerAuthorizationConsentState": null,
        "registrationPolicy": null,
        "registrationState": null,
        "resourceTypes": [
          {
            "aliases": null,
            "apiProfiles": null,
            "apiVersions": null,
            "capabilities": null,
            "defaultApiVersion": null,
            "locationMappings": null,
            "locations": [
              null
            ],
            "properties": null,
            "resourceType": "deployments",
            "zoneMappings": null
          }
        ]
      }
    ],
    "provisioningState": "Succeeded",
    "templateHash": "6586550861175567386",
    "templateLink": null,
    "timestamp": "2024-04-17T07:58:19.335125+00:00",
    "validatedResources": null
  },
  "resourceGroup": "RG-AustraliaEast-ARM-3",
  "tags": null,
  "type": "Microsoft.Resources/deployments"
}
