Starting unprovisioning process
INFO: Command ran in 693.306 seconds (init: 0.253, invoke: 693.052)
{
  "id": "/subscriptions/33f27ac9-52ef-43de-b518-ef0b994e7f1b/resourceGroups/RG-EastUS-ARM-2/providers/Microsoft.Resources/deployments/cleanup",
  "location": null,
  "name": "cleanup",
  "properties": {
    "correlationId": "6245ba41-b591-46bf-ad33-089e16364ba3",
    "debugSetting": null,
    "dependencies": [],
    "duration": "PT11M3.314095S",
    "error": null,
    "mode": "Complete",
    "onErrorDeployment": null,
    "outputResources": [],
    "outputs": {},
    "parameters": {},
    "parametersLink": null,
    "providers": [],
    "provisioningState": "Succeeded",
    "templateHash": "11635883502557795404",
    "templateLink": null,
    "timestamp": "2024-04-20T01:56:15.818413+00:00",
    "validatedResources": null
  },
  "resourceGroup": "RG-EastUS-ARM-2",
  "tags": null,
  "type": "Microsoft.Resources/deployments"
}
