Starting unprovisioning process
INFO: Command ran in 705.631 seconds (init: 0.252, invoke: 705.380)
{
  "id": "/subscriptions/33f27ac9-52ef-43de-b518-ef0b994e7f1b/resourceGroups/RG-SwedenCentral-ARM-1/providers/Microsoft.Resources/deployments/cleanup",
  "location": null,
  "name": "cleanup",
  "properties": {
    "correlationId": "f6b3c561-156c-4c1e-a9d1-b2a367c068cc",
    "debugSetting": null,
    "dependencies": [],
    "duration": "PT11M13.2844355S",
    "error": null,
    "mode": "Complete",
    "onErrorDeployment": null,
    "outputResources": [],
    "outputs": {},
    "parameters": {},
    "parametersLink": null,
    "providers": [],
    "provisioningState": "Succeeded",
    "templateHash": "11635883502557795404",
    "templateLink": null,
    "timestamp": "2024-04-19T01:47:50.708320+00:00",
    "validatedResources": null
  },
  "resourceGroup": "RG-SwedenCentral-ARM-1",
  "tags": null,
  "type": "Microsoft.Resources/deployments"
}
