Starting unprovisioning process
INFO: Command ran in 704.226 seconds (init: 0.181, invoke: 704.045)
{
  "id": "/subscriptions/f0afb0df-9549-4bb4-8af8-683201ed7aaa/resourceGroups/RG-SwedenCentral-ARM-5/providers/Microsoft.Resources/deployments/cleanup",
  "location": null,
  "name": "cleanup",
  "properties": {
    "correlationId": "ce0e5d01-f928-4261-804d-9ffe0a471c72",
    "debugSetting": null,
    "dependencies": [],
    "duration": "PT11M14.4318094S",
    "error": null,
    "mode": "Complete",
    "onErrorDeployment": null,
    "outputResources": [],
    "outputs": {},
    "parameters": {},
    "parametersLink": null,
    "providers": [],
    "provisioningState": "Succeeded",
    "templateHash": "11635883502557795404",
    "templateLink": null,
    "timestamp": "2024-05-17T08:38:31.806380+00:00",
    "validatedResources": null
  },
  "resourceGroup": "RG-SwedenCentral-ARM-5",
  "tags": null,
  "type": "Microsoft.Resources/deployments"
}
