Starting unprovisioning process
INFO: Command ran in 706.503 seconds (init: 0.240, invoke: 706.262)
{
  "id": "/subscriptions/33f27ac9-52ef-43de-b518-ef0b994e7f1b/resourceGroups/RG-SoutheastAsia-ARM-2/providers/Microsoft.Resources/deployments/cleanup",
  "location": null,
  "name": "cleanup",
  "properties": {
    "correlationId": "d4f5464b-60a5-4dea-a4c5-69d16fda65e5",
    "debugSetting": null,
    "dependencies": [],
    "duration": "PT11M18.7621632S",
    "error": null,
    "mode": "Complete",
    "onErrorDeployment": null,
    "outputResources": [],
    "outputs": {},
    "parameters": {},
    "parametersLink": null,
    "providers": [],
    "provisioningState": "Succeeded",
    "templateHash": "11635883502557795404",
    "templateLink": null,
    "timestamp": "2024-04-16T05:14:42.067138+00:00",
    "validatedResources": null
  },
  "resourceGroup": "RG-SoutheastAsia-ARM-2",
  "tags": null,
  "type": "Microsoft.Resources/deployments"
}
