Starting unprovisioning process
WARNING: A new Bicep release is available: v0.27.1. Upgrade now by running "az bicep upgrade".
INFO: Command ran in 696.876 seconds (init: 0.188, invoke: 696.688)
{
  "id": "/subscriptions/f0afb0df-9549-4bb4-8af8-683201ed7aaa/resourceGroups/RG-AustraliaEast-bicep-5/providers/Microsoft.Resources/deployments/cleanup",
  "location": null,
  "name": "cleanup",
  "properties": {
    "correlationId": "17d25fed-5041-4fd8-956b-f2f4d5e55963",
    "debugSetting": null,
    "dependencies": [],
    "duration": "PT11M10.1053492S",
    "error": null,
    "mode": "Complete",
    "onErrorDeployment": null,
    "outputResources": [],
    "outputs": null,
    "parameters": null,
    "parametersLink": null,
    "providers": [],
    "provisioningState": "Succeeded",
    "templateHash": "6609161197123188811",
    "templateLink": null,
    "timestamp": "2024-05-19T03:47:17.264419+00:00",
    "validatedResources": null
  },
  "resourceGroup": "RG-AustraliaEast-bicep-5",
  "tags": null,
  "type": "Microsoft.Resources/deployments"
}
