Starting unprovisioning process
INFO: Command ran in 710.039 seconds (init: 0.223, invoke: 709.816)
{
  "id": "/subscriptions/33f27ac9-52ef-43de-b518-ef0b994e7f1b/resourceGroups/RG-SwedenCentral-ARM-3/providers/Microsoft.Resources/deployments/cleanup",
  "location": null,
  "name": "cleanup",
  "properties": {
    "correlationId": "7cc770f3-947b-4bcd-8ad9-81a2be85cba9",
    "debugSetting": null,
    "dependencies": [],
    "duration": "PT11M13.4584191S",
    "error": null,
    "mode": "Complete",
    "onErrorDeployment": null,
    "outputResources": [],
    "outputs": {},
    "parameters": {},
    "parametersLink": null,
    "providers": [],
    "provisioningState": "Succeeded",
    "templateHash": "11635883502557795404",
    "templateLink": null,
    "timestamp": "2024-04-17T07:26:57.654798+00:00",
    "validatedResources": null
  },
  "resourceGroup": "RG-SwedenCentral-ARM-3",
  "tags": null,
  "type": "Microsoft.Resources/deployments"
}
