Starting unprovisioning process
INFO: Command ran in 695.860 seconds (init: 0.251, invoke: 695.609)
{
  "id": "/subscriptions/33f27ac9-52ef-43de-b518-ef0b994e7f1b/resourceGroups/RG-EastUS-ARM-1/providers/Microsoft.Resources/deployments/cleanup",
  "location": null,
  "name": "cleanup",
  "properties": {
    "correlationId": "32751060-61d2-4558-a44a-6985eeb6271c",
    "debugSetting": null,
    "dependencies": [],
    "duration": "PT11M3.3394981S",
    "error": null,
    "mode": "Complete",
    "onErrorDeployment": null,
    "outputResources": [],
    "outputs": {},
    "parameters": {},
    "parametersLink": null,
    "providers": [],
    "provisioningState": "Succeeded",
    "templateHash": "11635883502557795404",
    "templateLink": null,
    "timestamp": "2024-04-19T20:01:08.138531+00:00",
    "validatedResources": null
  },
  "resourceGroup": "RG-EastUS-ARM-1",
  "tags": null,
  "type": "Microsoft.Resources/deployments"
}
