Starting unprovisioning process
WARNING: A new Bicep release is available: v0.26.170. Upgrade now by running "az bicep upgrade".
INFO: Command ran in 686.040 seconds (init: 0.240, invoke: 685.800)
{
  "id": "/subscriptions/33f27ac9-52ef-43de-b518-ef0b994e7f1b/resourceGroups/RG-SwedenCentral-bicep-3/providers/Microsoft.Resources/deployments/cleanup",
  "location": null,
  "name": "cleanup",
  "properties": {
    "correlationId": "ae731d7e-ec13-457f-9954-42d6d1241409",
    "debugSetting": null,
    "dependencies": [],
    "duration": "PT11M13.9775472S",
    "error": null,
    "mode": "Complete",
    "onErrorDeployment": null,
    "outputResources": [],
    "outputs": null,
    "parameters": null,
    "parametersLink": null,
    "providers": [],
    "provisioningState": "Succeeded",
    "templateHash": "6609161197123188811",
    "templateLink": null,
    "timestamp": "2024-04-17T09:17:16.204821+00:00",
    "validatedResources": null
  },
  "resourceGroup": "RG-SwedenCentral-bicep-3",
  "tags": null,
  "type": "Microsoft.Resources/deployments"
}
