Starting unprovisioning process
INFO: Command ran in 693.909 seconds (init: 0.185, invoke: 693.725)
{
  "id": "/subscriptions/f0afb0df-9549-4bb4-8af8-683201ed7aaa/resourceGroups/RG-EastUS-ARM-5/providers/Microsoft.Resources/deployments/cleanup",
  "location": null,
  "name": "cleanup",
  "properties": {
    "correlationId": "4eb7ed04-e828-46cf-9484-7b883f5fab0d",
    "debugSetting": null,
    "dependencies": [],
    "duration": "PT11M3.0653921S",
    "error": null,
    "mode": "Complete",
    "onErrorDeployment": null,
    "outputResources": [],
    "outputs": {},
    "parameters": {},
    "parametersLink": null,
    "providers": [],
    "provisioningState": "Succeeded",
    "templateHash": "11635883502557795404",
    "templateLink": null,
    "timestamp": "2024-05-21T03:10:02.257203+00:00",
    "validatedResources": null
  },
  "resourceGroup": "RG-EastUS-ARM-5",
  "tags": null,
  "type": "Microsoft.Resources/deployments"
}
