Starting unprovisioning process
INFO: Command ran in 693.094 seconds (init: 0.181, invoke: 692.913)
{
  "id": "/subscriptions/f0afb0df-9549-4bb4-8af8-683201ed7aaa/resourceGroups/RG-EastUS-ARM-5/providers/Microsoft.Resources/deployments/cleanup",
  "location": null,
  "name": "cleanup",
  "properties": {
    "correlationId": "d7b3ff86-f45f-48f8-a88a-bf6567cab037",
    "debugSetting": null,
    "dependencies": [],
    "duration": "PT11M4.6072763S",
    "error": null,
    "mode": "Complete",
    "onErrorDeployment": null,
    "outputResources": [],
    "outputs": {},
    "parameters": {},
    "parametersLink": null,
    "providers": [],
    "provisioningState": "Succeeded",
    "templateHash": "11635883502557795404",
    "templateLink": null,
    "timestamp": "2024-05-17T08:14:47.926659+00:00",
    "validatedResources": null
  },
  "resourceGroup": "RG-EastUS-ARM-5",
  "tags": null,
  "type": "Microsoft.Resources/deployments"
}
