Starting unprovisioning process
INFO: Command ran in 694.450 seconds (init: 0.182, invoke: 694.267)
{
  "id": "/subscriptions/f0afb0df-9549-4bb4-8af8-683201ed7aaa/resourceGroups/RG-AustraliaEast-ARM-4/providers/Microsoft.Resources/deployments/cleanup",
  "location": null,
  "name": "cleanup",
  "properties": {
    "correlationId": "bf518103-7fd6-487f-9bb9-094d94d055dd",
    "debugSetting": null,
    "dependencies": [],
    "duration": "PT11M14.0482243S",
    "error": null,
    "mode": "Complete",
    "onErrorDeployment": null,
    "outputResources": [],
    "outputs": {},
    "parameters": {},
    "parametersLink": null,
    "providers": [],
    "provisioningState": "Succeeded",
    "templateHash": "11635883502557795404",
    "templateLink": null,
    "timestamp": "2024-05-16T00:06:08.473802+00:00",
    "validatedResources": null
  },
  "resourceGroup": "RG-AustraliaEast-ARM-4",
  "tags": null,
  "type": "Microsoft.Resources/deployments"
}
