Starting unprovisioning process
INFO: Command ran in 761.830 seconds (init: 0.187, invoke: 761.644)
{
  "id": "/subscriptions/f0afb0df-9549-4bb4-8af8-683201ed7aaa/resourceGroups/RG-AustraliaEast-bicep-1/providers/Microsoft.Resources/deployments/cleanup",
  "location": null,
  "name": "cleanup",
  "properties": {
    "correlationId": "342fd857-7ce3-45fb-9cfd-cb7d0c0a434d",
    "debugSetting": null,
    "dependencies": [],
    "duration": "PT12M16.1488341S",
    "error": null,
    "mode": "Complete",
    "onErrorDeployment": null,
    "outputResources": [],
    "outputs": {},
    "parameters": {},
    "parametersLink": null,
    "providers": [],
    "provisioningState": "Succeeded",
    "templateHash": "11635883502557795404",
    "templateLink": null,
    "timestamp": "2024-06-01T13:33:02.847587+00:00",
    "validatedResources": null
  },
  "resourceGroup": "RG-AustraliaEast-bicep-1",
  "tags": null,
  "type": "Microsoft.Resources/deployments"
}
