Starting unprovisioning process
INFO: Command ran in 693.583 seconds (init: 0.182, invoke: 693.401)
{
  "id": "/subscriptions/f0afb0df-9549-4bb4-8af8-683201ed7aaa/resourceGroups/RG-EastUS-ARM-3/providers/Microsoft.Resources/deployments/cleanup",
  "location": null,
  "name": "cleanup",
  "properties": {
    "correlationId": "77db9fed-63b2-41d3-9a99-9a964ca33690",
    "debugSetting": null,
    "dependencies": [],
    "duration": "PT11M2.7144339S",
    "error": null,
    "mode": "Complete",
    "onErrorDeployment": null,
    "outputResources": [],
    "outputs": {},
    "parameters": {},
    "parametersLink": null,
    "providers": [],
    "provisioningState": "Succeeded",
    "templateHash": "11635883502557795404",
    "templateLink": null,
    "timestamp": "2024-05-20T14:05:59.270963+00:00",
    "validatedResources": null
  },
  "resourceGroup": "RG-EastUS-ARM-3",
  "tags": null,
  "type": "Microsoft.Resources/deployments"
}
