Starting unprovisioning process
WARNING: A new Bicep release is available: v0.27.1. Upgrade now by running "az bicep upgrade".
INFO: Command ran in 768.086 seconds (init: 0.182, invoke: 767.904)
{
  "id": "/subscriptions/f0afb0df-9549-4bb4-8af8-683201ed7aaa/resourceGroups/RG-SwedenCentral-bicep-2/providers/Microsoft.Resources/deployments/cleanup",
  "location": null,
  "name": "cleanup",
  "properties": {
    "correlationId": "4886714c-326d-49c7-8036-b7d33e043e22",
    "debugSetting": null,
    "dependencies": [],
    "duration": "PT12M15.5134672S",
    "error": null,
    "mode": "Complete",
    "onErrorDeployment": null,
    "outputResources": [],
    "outputs": null,
    "parameters": null,
    "parametersLink": null,
    "providers": [],
    "provisioningState": "Succeeded",
    "templateHash": "6609161197123188811",
    "templateLink": null,
    "timestamp": "2024-05-18T10:28:36.420419+00:00",
    "validatedResources": null
  },
  "resourceGroup": "RG-SwedenCentral-bicep-2",
  "tags": null,
  "type": "Microsoft.Resources/deployments"
}
