Starting provisioning process
WARNING: A new Bicep release is available: v0.26.170. Upgrade now by running "az bicep upgrade".
WARNING: /home/deploymentazureuser/Module-01-Test-02/azure-iac-comparison/bicep/code/modules/module-01/module-01.bicep(16,7) : Warning no-unused-params: Parameter "automationAccountSku" is declared but never used. [https://aka.ms/bicep/linter/no-unused-params]

ERROR: {"status":"Failed","error":{"code":"DeploymentFailed","target":"/subscriptions/33f27ac9-52ef-43de-b518-ef0b994e7f1b/resourceGroups/RG-EastUS-bicep-3/providers/Microsoft.Resources/deployments/deployment1","message":"At least one resource deployment operation failed. Please list deployment operations for details. Please see https://aka.ms/arm-deployment-operations for usage details.","details":[{"code":"ResourceDeploymentFailure","target":"/subscriptions/33f27ac9-52ef-43de-b518-ef0b994e7f1b/resourceGroups/RG-EastUS-bicep-3/providers/Microsoft.Resources/deployments/module01Deployment","message":"The resource write operation failed to complete successfully, because it reached terminal provisioning state 'Failed'.","details":[{"code":"DeploymentFailed","target":"/subscriptions/33f27ac9-52ef-43de-b518-ef0b994e7f1b/resourceGroups/RG-EastUS-bicep-3/providers/Microsoft.Resources/deployments/module01Deployment","message":"At least one resource deployment operation failed. Please list deployment operations for details. Please see https://aka.ms/arm-deployment-operations for usage details.","details":[{"code":"ResourceDeploymentFailure","target":"/subscriptions/33f27ac9-52ef-43de-b518-ef0b994e7f1b/resourceGroups/RG-EastUS-bicep-3/providers/Microsoft.Compute/virtualMachines/adds1","message":"The resource write operation failed to complete successfully, because it reached terminal provisioning state 'Failed'.","details":[{"code":"RetryableError","message":"A retryable error occurred."}]}]}]}]}}
INFO: Command ran in 556.097 seconds (init: 0.251, invoke: 555.846)
Starting provisioning process
WARNING: A new Bicep release is available: v0.26.170. Upgrade now by running "az bicep upgrade".
WARNING: /home/deploymentazureuser/Module-01-Test-02/azure-iac-comparison/bicep/code/modules/module-01/module-01.bicep(16,7) : Warning no-unused-params: Parameter "automationAccountSku" is declared but never used. [https://aka.ms/bicep/linter/no-unused-params]

INFO: Command ran in 557.865 seconds (init: 0.223, invoke: 557.642)
{
  "id": "/subscriptions/33f27ac9-52ef-43de-b518-ef0b994e7f1b/resourceGroups/RG-EastUS-bicep-3/providers/Microsoft.Resources/deployments/deployment1",
  "location": null,
  "name": "deployment1",
  "properties": {
    "correlationId": "e470334d-48c0-4526-8e5a-0c7e28bfc07c",
    "debugSetting": null,
    "dependencies": [],
    "duration": "PT8M44.0392627S",
    "error": null,
    "mode": "Incremental",
    "onErrorDeployment": null,
    "outputResources": [
      {
        "id": "/subscriptions/33f27ac9-52ef-43de-b518-ef0b994e7f1b/resourceGroups/RG-EastUS-bicep-3/providers/Microsoft.Compute/virtualMachines/adds1",
        "resourceGroup": "RG-EastUS-bicep-3"
      },
      {
        "id": "/subscriptions/33f27ac9-52ef-43de-b518-ef0b994e7f1b/resourceGroups/RG-EastUS-bicep-3/providers/Microsoft.KeyVault/vaults/kv-gfcntdkmbt3rm",
        "resourceGroup": "RG-EastUS-bicep-3"
      },
      {
        "id": "/subscriptions/33f27ac9-52ef-43de-b518-ef0b994e7f1b/resourceGroups/RG-EastUS-bicep-3/providers/Microsoft.KeyVault/vaults/kv-gfcntdkmbt3rm/secrets/adminpassword",
        "resourceGroup": "RG-EastUS-bicep-3"
      },
      {
        "id": "/subscriptions/33f27ac9-52ef-43de-b518-ef0b994e7f1b/resourceGroups/RG-EastUS-bicep-3/providers/Microsoft.KeyVault/vaults/kv-gfcntdkmbt3rm/secrets/adminuser",
        "resourceGroup": "RG-EastUS-bicep-3"
      },
      {
        "id": "/subscriptions/33f27ac9-52ef-43de-b518-ef0b994e7f1b/resourceGroups/RG-EastUS-bicep-3/providers/Microsoft.KeyVault/vaults/kv-gfcntdkmbt3rm/secrets/log-shared-bicep-01-ID",
        "resourceGroup": "RG-EastUS-bicep-3"
      },
      {
        "id": "/subscriptions/33f27ac9-52ef-43de-b518-ef0b994e7f1b/resourceGroups/RG-EastUS-bicep-3/providers/Microsoft.KeyVault/vaults/kv-gfcntdkmbt3rm/secrets/stgfcntdkmbt3rm",
        "resourceGroup": "RG-EastUS-bicep-3"
      },
      {
        "id": "/subscriptions/33f27ac9-52ef-43de-b518-ef0b994e7f1b/resourceGroups/RG-EastUS-bicep-3/providers/Microsoft.Network/bastionHosts/bst-bicep-01",
        "resourceGroup": "RG-EastUS-bicep-3"
      },
      {
        "id": "/subscriptions/33f27ac9-52ef-43de-b518-ef0b994e7f1b/resourceGroups/RG-EastUS-bicep-3/providers/Microsoft.Network/networkInterfaces/nic-adds1-1",
        "resourceGroup": "RG-EastUS-bicep-3"
      },
      {
        "id": "/subscriptions/33f27ac9-52ef-43de-b518-ef0b994e7f1b/resourceGroups/RG-EastUS-bicep-3/providers/Microsoft.Network/networkSecurityGroups/nsg-vnet-shared-01.AzureBastionSubnet",
        "resourceGroup": "RG-EastUS-bicep-3"
      },
      {
        "id": "/subscriptions/33f27ac9-52ef-43de-b518-ef0b994e7f1b/resourceGroups/RG-EastUS-bicep-3/providers/Microsoft.Network/networkSecurityGroups/nsg-vnet-shared-01.snet-adds-01",
        "resourceGroup": "RG-EastUS-bicep-3"
      },
      {
        "id": "/subscriptions/33f27ac9-52ef-43de-b518-ef0b994e7f1b/resourceGroups/RG-EastUS-bicep-3/providers/Microsoft.Network/networkSecurityGroups/nsg-vnet-shared-01.snet-misc-01",
        "resourceGroup": "RG-EastUS-bicep-3"
      },
      {
        "id": "/subscriptions/33f27ac9-52ef-43de-b518-ef0b994e7f1b/resourceGroups/RG-EastUS-bicep-3/providers/Microsoft.Network/networkSecurityGroups/nsg-vnet-shared-01.snet-misc-02",
        "resourceGroup": "RG-EastUS-bicep-3"
      },
      {
        "id": "/subscriptions/33f27ac9-52ef-43de-b518-ef0b994e7f1b/resourceGroups/RG-EastUS-bicep-3/providers/Microsoft.Network/publicIPAddresses/pip-bst-bicep-01",
        "resourceGroup": "RG-EastUS-bicep-3"
      },
      {
        "id": "/subscriptions/33f27ac9-52ef-43de-b518-ef0b994e7f1b/resourceGroups/RG-EastUS-bicep-3/providers/Microsoft.Network/virtualNetworks/vnet-shared-01",
        "resourceGroup": "RG-EastUS-bicep-3"
      },
      {
        "id": "/subscriptions/33f27ac9-52ef-43de-b518-ef0b994e7f1b/resourceGroups/RG-EastUS-bicep-3/providers/Microsoft.OperationalInsights/workspaces/log-shared-bicep-01",
        "resourceGroup": "RG-EastUS-bicep-3"
      },
      {
        "id": "/subscriptions/33f27ac9-52ef-43de-b518-ef0b994e7f1b/resourceGroups/RG-EastUS-bicep-3/providers/Microsoft.Storage/storageAccounts/stgfcntdkmbt3rm",
        "resourceGroup": "RG-EastUS-bicep-3"
      },
      {
        "id": "/subscriptions/33f27ac9-52ef-43de-b518-ef0b994e7f1b/resourceGroups/RG-EastUS-bicep-3/providers/Microsoft.Storage/storageAccounts/stgfcntdkmbt3rm/blobServices/default",
        "resourceGroup": "RG-EastUS-bicep-3"
      },
      {
        "id": "/subscriptions/33f27ac9-52ef-43de-b518-ef0b994e7f1b/resourceGroups/RG-EastUS-bicep-3/providers/Microsoft.Storage/storageAccounts/stgfcntdkmbt3rm/blobServices/default/containers/scripts",
        "resourceGroup": "RG-EastUS-bicep-3"
      }
    ],
    "outputs": null,
    "parameters": {
      "adminUsername": {
        "type": "String",
        "value": "bootstrapadmin"
      },
      "armClientObjectId": {
        "type": "String",
        "value": "c4b9d2d3-0fe4-46e4-a0b0-e8f0ce1bbbde"
      },
      "dnsServers": {
        "type": "Array",
        "value": [
          "10.1.1.4",
          "168.63.129.16"
        ]
      },
      "location": {
        "type": "String",
        "value": "eastus"
      },
      "ownerObjectId": {
        "type": "String",
        "value": "5e1a0937-9b34-46ca-adde-41e4a5d58f58"
      }
    },
    "parametersLink": null,
    "providers": [
      {
        "id": null,
        "namespace": "Microsoft.Resources",
        "providerAuthorizationConsentState": null,
        "registrationPolicy": null,
        "registrationState": null,
        "resourceTypes": [
          {
            "aliases": null,
            "apiProfiles": null,
            "apiVersions": null,
            "capabilities": null,
            "defaultApiVersion": null,
            "locationMappings": null,
            "locations": [
              null
            ],
            "properties": null,
            "resourceType": "deployments",
            "zoneMappings": null
          }
        ]
      }
    ],
    "provisioningState": "Succeeded",
    "templateHash": "10102048362693420054",
    "templateLink": null,
    "timestamp": "2024-04-17T08:44:33.668439+00:00",
    "validatedResources": null
  },
  "resourceGroup": "RG-EastUS-bicep-3",
  "tags": null,
  "type": "Microsoft.Resources/deployments"
}
