Starting unprovisioning process
WARNING: A new Bicep release is available: v0.26.170. Upgrade now by running "az bicep upgrade".
INFO: Command ran in 676.850 seconds (init: 0.225, invoke: 676.626)
{
  "id": "/subscriptions/33f27ac9-52ef-43de-b518-ef0b994e7f1b/resourceGroups/RG-EastUS-bicep-3/providers/Microsoft.Resources/deployments/cleanup",
  "location": null,
  "name": "cleanup",
  "properties": {
    "correlationId": "09ce34c0-7418-4446-8482-fc67c026704f",
    "debugSetting": null,
    "dependencies": [],
    "duration": "PT11M2.9122735S",
    "error": null,
    "mode": "Complete",
    "onErrorDeployment": null,
    "outputResources": [],
    "outputs": null,
    "parameters": null,
    "parametersLink": null,
    "providers": [],
    "provisioningState": "Succeeded",
    "templateHash": "6609161197123188811",
    "templateLink": null,
    "timestamp": "2024-04-17T08:56:29.592451+00:00",
    "validatedResources": null
  },
  "resourceGroup": "RG-EastUS-bicep-3",
  "tags": null,
  "type": "Microsoft.Resources/deployments"
}
