Starting unprovisioning process
WARNING: A new Bicep release is available: v0.27.1. Upgrade now by running "az bicep upgrade".
INFO: Command ran in 696.488 seconds (init: 0.179, invoke: 696.309)
{
  "id": "/subscriptions/f0afb0df-9549-4bb4-8af8-683201ed7aaa/resourceGroups/RG-EastUS-bicep-5/providers/Microsoft.Resources/deployments/cleanup",
  "location": null,
  "name": "cleanup",
  "properties": {
    "correlationId": "896439e0-ce0e-4bda-bbef-e0691a1ba7a9",
    "debugSetting": null,
    "dependencies": [],
    "duration": "PT11M2.9529845S",
    "error": null,
    "mode": "Complete",
    "onErrorDeployment": null,
    "outputResources": [],
    "outputs": null,
    "parameters": null,
    "parametersLink": null,
    "providers": [],
    "provisioningState": "Succeeded",
    "templateHash": "6609161197123188811",
    "templateLink": null,
    "timestamp": "2024-05-15T00:27:43.493048+00:00",
    "validatedResources": null
  },
  "resourceGroup": "RG-EastUS-bicep-5",
  "tags": null,
  "type": "Microsoft.Resources/deployments"
}
