Starting unprovisioning process
WARNING: A new Bicep release is available: v0.26.170. Upgrade now by running "az bicep upgrade".
INFO: Command ran in 711.205 seconds (init: 0.237, invoke: 710.968)
{
  "id": "/subscriptions/33f27ac9-52ef-43de-b518-ef0b994e7f1b/resourceGroups/RG-SoutheastAsia-bicep-1/providers/Microsoft.Resources/deployments/cleanup",
  "location": null,
  "name": "cleanup",
  "properties": {
    "correlationId": "cd8a1288-73d2-4963-bb0f-03530ba571df",
    "debugSetting": null,
    "dependencies": [],
    "duration": "PT11M16.94199S",
    "error": null,
    "mode": "Complete",
    "onErrorDeployment": null,
    "outputResources": [],
    "outputs": null,
    "parameters": null,
    "parametersLink": null,
    "providers": [],
    "provisioningState": "Succeeded",
    "templateHash": "6609161197123188811",
    "templateLink": null,
    "timestamp": "2024-04-16T02:53:41.149739+00:00",
    "validatedResources": null
  },
  "resourceGroup": "RG-SoutheastAsia-bicep-1",
  "tags": null,
  "type": "Microsoft.Resources/deployments"
}
