Starting unprovisioning process
WARNING: A new Bicep release is available: v0.27.1. Upgrade now by running "az bicep upgrade".
INFO: Command ran in 513.762 seconds (init: 0.179, invoke: 513.583)
{
  "id": "/subscriptions/f0afb0df-9549-4bb4-8af8-683201ed7aaa/resourceGroups/RG-AustraliaEast-bicep-2/providers/Microsoft.Resources/deployments/cleanup",
  "location": null,
  "name": "cleanup",
  "properties": {
    "correlationId": "c68c9407-a8dd-48c8-b919-ecf6c16cdfda",
    "debugSetting": null,
    "dependencies": [],
    "duration": "PT8M7.7780232S",
    "error": null,
    "mode": "Complete",
    "onErrorDeployment": null,
    "outputResources": [],
    "outputs": null,
    "parameters": null,
    "parametersLink": null,
    "providers": [],
    "provisioningState": "Succeeded",
    "templateHash": "6609161197123188811",
    "templateLink": null,
    "timestamp": "2024-05-15T15:27:03.454099+00:00",
    "validatedResources": null
  },
  "resourceGroup": "RG-AustraliaEast-bicep-2",
  "tags": null,
  "type": "Microsoft.Resources/deployments"
}
