Starting unprovisioning process
WARNING: A new Bicep release is available: v0.26.170. Upgrade now by running "az bicep upgrade".
INFO: Command ran in 704.399 seconds (init: 0.250, invoke: 704.148)
{
  "id": "/subscriptions/33f27ac9-52ef-43de-b518-ef0b994e7f1b/resourceGroups/RG-AustraliaEast-bicep-3/providers/Microsoft.Resources/deployments/cleanup",
  "location": null,
  "name": "cleanup",
  "properties": {
    "correlationId": "7def7867-06d3-4fd5-b3b5-037e00e64645",
    "debugSetting": null,
    "dependencies": [],
    "duration": "PT11M8.6809442S",
    "error": null,
    "mode": "Complete",
    "onErrorDeployment": null,
    "outputResources": [],
    "outputs": null,
    "parameters": null,
    "parametersLink": null,
    "providers": [],
    "provisioningState": "Succeeded",
    "templateHash": "6609161197123188811",
    "templateLink": null,
    "timestamp": "2024-04-18T01:30:10.426739+00:00",
    "validatedResources": null
  },
  "resourceGroup": "RG-AustraliaEast-bicep-3",
  "tags": null,
  "type": "Microsoft.Resources/deployments"
}
