Starting unprovisioning process
INFO: Command ran in 704.600 seconds (init: 0.179, invoke: 704.421)
{
  "id": "/subscriptions/f0afb0df-9549-4bb4-8af8-683201ed7aaa/resourceGroups/RG-SwedenCentral-ARM-5/providers/Microsoft.Resources/deployments/cleanup",
  "location": null,
  "name": "cleanup",
  "properties": {
    "correlationId": "9f98edb9-93e2-43b7-a85b-3be9c2b31e2a",
    "debugSetting": null,
    "dependencies": [],
    "duration": "PT11M11.0825143S",
    "error": null,
    "mode": "Complete",
    "onErrorDeployment": null,
    "outputResources": [],
    "outputs": {},
    "parameters": {},
    "parametersLink": null,
    "providers": [],
    "provisioningState": "Succeeded",
    "templateHash": "11635883502557795404",
    "templateLink": null,
    "timestamp": "2024-05-16T03:21:34.518881+00:00",
    "validatedResources": null
  },
  "resourceGroup": "RG-SwedenCentral-ARM-5",
  "tags": null,
  "type": "Microsoft.Resources/deployments"
}
