Starting unprovisioning process
INFO: Command ran in 398.480 seconds (init: 0.187, invoke: 398.293)
{
  "id": "/subscriptions/f0afb0df-9549-4bb4-8af8-683201ed7aaa/resourceGroups/RG-EastUS-ARM-4/providers/Microsoft.Resources/deployments/cleanup",
  "location": null,
  "name": "cleanup",
  "properties": {
    "correlationId": "a2af146e-6d17-4cb8-b101-e5c7fa43e404",
    "debugSetting": null,
    "dependencies": [],
    "duration": "PT6M3.5657205S",
    "error": null,
    "mode": "Complete",
    "onErrorDeployment": null,
    "outputResources": [],
    "outputs": {},
    "parameters": {},
    "parametersLink": null,
    "providers": [],
    "provisioningState": "Succeeded",
    "templateHash": "11635883502557795404",
    "templateLink": null,
    "timestamp": "2024-05-20T19:54:52.939458+00:00",
    "validatedResources": null
  },
  "resourceGroup": "RG-EastUS-ARM-4",
  "tags": null,
  "type": "Microsoft.Resources/deployments"
}
