Starting unprovisioning process
INFO: Command ran in 710.623 seconds (init: 0.244, invoke: 710.379)
{
  "id": "/subscriptions/33f27ac9-52ef-43de-b518-ef0b994e7f1b/resourceGroups/RG-AustraliaEast-bicep-1/providers/Microsoft.Resources/deployments/cleanup",
  "location": null,
  "name": "cleanup",
  "properties": {
    "correlationId": "12b19c54-62b4-4878-8268-6553172dd4ef",
    "debugSetting": null,
    "dependencies": [],
    "duration": "PT11M9.3938749S",
    "error": null,
    "mode": "Complete",
    "onErrorDeployment": null,
    "outputResources": [],
    "outputs": null,
    "parameters": null,
    "parametersLink": null,
    "providers": [],
    "provisioningState": "Succeeded",
    "templateHash": "6609161197123188811",
    "templateLink": null,
    "timestamp": "2024-04-10T23:26:17.452313+00:00",
    "validatedResources": null
  },
  "resourceGroup": "RG-AustraliaEast-bicep-1",
  "tags": null,
  "type": "Microsoft.Resources/deployments"
}
