Starting unprovisioning process
module.module-01.random_string.azurerm_storage_account_name: Refreshing state... [id=kfgddidyzldwoalo]
module.module-01.random_password.admin_password: Refreshing state... [id=none]
module.module-01.azurerm_log_analytics_workspace.log_analytics_workspace_01: Refreshing state... [id=/subscriptions/33f27ac9-52ef-43de-b518-ef0b994e7f1b/resourceGroups/RG-EastUS-terraform-3/providers/Microsoft.OperationalInsights/workspaces/log-shared-terraform-01]
module.module-01.azurerm_key_vault.kv: Refreshing state... [id=/subscriptions/33f27ac9-52ef-43de-b518-ef0b994e7f1b/resourceGroups/RG-EastUS-terraform-3/providers/Microsoft.KeyVault/vaults/kv-kfgddidyzldwoalo]
module.module-01.azurerm_public_ip.bastion_host_01: Refreshing state... [id=/subscriptions/33f27ac9-52ef-43de-b518-ef0b994e7f1b/resourceGroups/RG-EastUS-terraform-3/providers/Microsoft.Network/publicIPAddresses/pip-bst-terraform-01]
module.module-01.azurerm_storage_account.st: Refreshing state... [id=/subscriptions/33f27ac9-52ef-43de-b518-ef0b994e7f1b/resourceGroups/RG-EastUS-terraform-3/providers/Microsoft.Storage/storageAccounts/stkfgddidyzldwoalo]
module.module-01.azurerm_virtual_network.vnet_shared_01: Refreshing state... [id=/subscriptions/33f27ac9-52ef-43de-b518-ef0b994e7f1b/resourceGroups/RG-EastUS-terraform-3/providers/Microsoft.Network/virtualNetworks/vnet-shared-01]
module.module-01.azurerm_subnet.vnet_shared_01_subnets["snet-adds-01"]: Refreshing state... [id=/subscriptions/33f27ac9-52ef-43de-b518-ef0b994e7f1b/resourceGroups/RG-EastUS-terraform-3/providers/Microsoft.Network/virtualNetworks/vnet-shared-01/subnets/snet-adds-01]
module.module-01.azurerm_subnet.vnet_shared_01_subnets["snet-misc-01"]: Refreshing state... [id=/subscriptions/33f27ac9-52ef-43de-b518-ef0b994e7f1b/resourceGroups/RG-EastUS-terraform-3/providers/Microsoft.Network/virtualNetworks/vnet-shared-01/subnets/snet-misc-01]
module.module-01.azurerm_subnet.vnet_shared_01_subnets["snet-misc-02"]: Refreshing state... [id=/subscriptions/33f27ac9-52ef-43de-b518-ef0b994e7f1b/resourceGroups/RG-EastUS-terraform-3/providers/Microsoft.Network/virtualNetworks/vnet-shared-01/subnets/snet-misc-02]
module.module-01.azurerm_subnet.vnet_shared_01_subnets["AzureBastionSubnet"]: Refreshing state... [id=/subscriptions/33f27ac9-52ef-43de-b518-ef0b994e7f1b/resourceGroups/RG-EastUS-terraform-3/providers/Microsoft.Network/virtualNetworks/vnet-shared-01/subnets/AzureBastionSubnet]
module.module-01.azurerm_network_security_group.network_security_groups_m1["AzureBastionSubnet"]: Refreshing state... [id=/subscriptions/33f27ac9-52ef-43de-b518-ef0b994e7f1b/resourceGroups/RG-EastUS-terraform-3/providers/Microsoft.Network/networkSecurityGroups/nsg-vnet-shared-01.AzureBastionSubnet]
module.module-01.azurerm_network_security_group.network_security_groups_m1["snet-adds-01"]: Refreshing state... [id=/subscriptions/33f27ac9-52ef-43de-b518-ef0b994e7f1b/resourceGroups/RG-EastUS-terraform-3/providers/Microsoft.Network/networkSecurityGroups/nsg-vnet-shared-01.snet-adds-01]
module.module-01.azurerm_network_security_group.network_security_groups_m1["snet-misc-01"]: Refreshing state... [id=/subscriptions/33f27ac9-52ef-43de-b518-ef0b994e7f1b/resourceGroups/RG-EastUS-terraform-3/providers/Microsoft.Network/networkSecurityGroups/nsg-vnet-shared-01.snet-misc-01]
module.module-01.azurerm_network_security_group.network_security_groups_m1["snet-misc-02"]: Refreshing state... [id=/subscriptions/33f27ac9-52ef-43de-b518-ef0b994e7f1b/resourceGroups/RG-EastUS-terraform-3/providers/Microsoft.Network/networkSecurityGroups/nsg-vnet-shared-01.snet-misc-02]
module.module-01.azurerm_network_interface.vm_adds_nic_01: Refreshing state... [id=/subscriptions/33f27ac9-52ef-43de-b518-ef0b994e7f1b/resourceGroups/RG-EastUS-terraform-3/providers/Microsoft.Network/networkInterfaces/nic-adds1-1]
module.module-01.azurerm_bastion_host.bastion_host_01: Refreshing state... [id=/subscriptions/33f27ac9-52ef-43de-b518-ef0b994e7f1b/resourceGroups/RG-EastUS-terraform-3/providers/Microsoft.Network/bastionHosts/bst-terraform-01]
module.module-01.azurerm_network_security_rule.network_security_rules_m1["AzureBastionSubnet.AllowGetSessionInformationOutbound"]: Refreshing state... [id=/subscriptions/33f27ac9-52ef-43de-b518-ef0b994e7f1b/resourceGroups/RG-EastUS-terraform-3/providers/Microsoft.Network/networkSecurityGroups/nsg-vnet-shared-01.AzureBastionSubnet/securityRules/AllowGetSessionInformationOutbound]
module.module-01.azurerm_network_security_rule.network_security_rules_m1["snet-misc-02.AllowVirtualNetworkInbound"]: Refreshing state... [id=/subscriptions/33f27ac9-52ef-43de-b518-ef0b994e7f1b/resourceGroups/RG-EastUS-terraform-3/providers/Microsoft.Network/networkSecurityGroups/nsg-vnet-shared-01.snet-misc-02/securityRules/AllowVirtualNetworkInbound]
module.module-01.azurerm_network_security_rule.network_security_rules_m1["snet-misc-01.AllowVirtualNetworkOutbound"]: Refreshing state... [id=/subscriptions/33f27ac9-52ef-43de-b518-ef0b994e7f1b/resourceGroups/RG-EastUS-terraform-3/providers/Microsoft.Network/networkSecurityGroups/nsg-vnet-shared-01.snet-misc-01/securityRules/AllowVirtualNetworkOutbound]
module.module-01.azurerm_network_security_rule.network_security_rules_m1["snet-misc-02.AllowInternetOutbound"]: Refreshing state... [id=/subscriptions/33f27ac9-52ef-43de-b518-ef0b994e7f1b/resourceGroups/RG-EastUS-terraform-3/providers/Microsoft.Network/networkSecurityGroups/nsg-vnet-shared-01.snet-misc-02/securityRules/AllowInternetOutbound]
module.module-01.azurerm_network_security_rule.network_security_rules_m1["AzureBastionSubnet.AllowGatewayManagerInbound"]: Refreshing state... [id=/subscriptions/33f27ac9-52ef-43de-b518-ef0b994e7f1b/resourceGroups/RG-EastUS-terraform-3/providers/Microsoft.Network/networkSecurityGroups/nsg-vnet-shared-01.AzureBastionSubnet/securityRules/AllowGatewayManagerInbound]
module.module-01.azurerm_network_security_rule.network_security_rules_m1["snet-misc-01.AllowInternetOutbound"]: Refreshing state... [id=/subscriptions/33f27ac9-52ef-43de-b518-ef0b994e7f1b/resourceGroups/RG-EastUS-terraform-3/providers/Microsoft.Network/networkSecurityGroups/nsg-vnet-shared-01.snet-misc-01/securityRules/AllowInternetOutbound]
module.module-01.azurerm_network_security_rule.network_security_rules_m1["AzureBastionSubnet.AllowAzureLoadBalancerInbound"]: Refreshing state... [id=/subscriptions/33f27ac9-52ef-43de-b518-ef0b994e7f1b/resourceGroups/RG-EastUS-terraform-3/providers/Microsoft.Network/networkSecurityGroups/nsg-vnet-shared-01.AzureBastionSubnet/securityRules/AllowAzureLoadBalancerInbound]
module.module-01.azurerm_network_security_rule.network_security_rules_m1["snet-misc-01.AllowVirtualNetworkInbound"]: Refreshing state... [id=/subscriptions/33f27ac9-52ef-43de-b518-ef0b994e7f1b/resourceGroups/RG-EastUS-terraform-3/providers/Microsoft.Network/networkSecurityGroups/nsg-vnet-shared-01.snet-misc-01/securityRules/AllowVirtualNetworkInbound]
module.module-01.azurerm_network_security_rule.network_security_rules_m1["AzureBastionSubnet.AllowHttpsInbound"]: Refreshing state... [id=/subscriptions/33f27ac9-52ef-43de-b518-ef0b994e7f1b/resourceGroups/RG-EastUS-terraform-3/providers/Microsoft.Network/networkSecurityGroups/nsg-vnet-shared-01.AzureBastionSubnet/securityRules/AllowHttpsInbound]
module.module-01.azurerm_network_security_rule.network_security_rules_m1["AzureBastionSubnet.AllowBastionCommunicationOutbound"]: Refreshing state... [id=/subscriptions/33f27ac9-52ef-43de-b518-ef0b994e7f1b/resourceGroups/RG-EastUS-terraform-3/providers/Microsoft.Network/networkSecurityGroups/nsg-vnet-shared-01.AzureBastionSubnet/securityRules/AllowBastionCommunicationOutbound]
module.module-01.azurerm_network_security_rule.network_security_rules_m1["AzureBastionSubnet.AllowSshRdpOutbound"]: Refreshing state... [id=/subscriptions/33f27ac9-52ef-43de-b518-ef0b994e7f1b/resourceGroups/RG-EastUS-terraform-3/providers/Microsoft.Network/networkSecurityGroups/nsg-vnet-shared-01.AzureBastionSubnet/securityRules/AllowSshRdpOutbound]
module.module-01.azurerm_network_security_rule.network_security_rules_m1["snet-misc-02.AllowVirtualNetworkOutbound"]: Refreshing state... [id=/subscriptions/33f27ac9-52ef-43de-b518-ef0b994e7f1b/resourceGroups/RG-EastUS-terraform-3/providers/Microsoft.Network/networkSecurityGroups/nsg-vnet-shared-01.snet-misc-02/securityRules/AllowVirtualNetworkOutbound]
module.module-01.azurerm_network_security_rule.network_security_rules_m1["snet-adds-01.AllowVirtualNetworkOutbound"]: Refreshing state... [id=/subscriptions/33f27ac9-52ef-43de-b518-ef0b994e7f1b/resourceGroups/RG-EastUS-terraform-3/providers/Microsoft.Network/networkSecurityGroups/nsg-vnet-shared-01.snet-adds-01/securityRules/AllowVirtualNetworkOutbound]
module.module-01.azurerm_network_security_rule.network_security_rules_m1["snet-adds-01.AllowInternetOutbound"]: Refreshing state... [id=/subscriptions/33f27ac9-52ef-43de-b518-ef0b994e7f1b/resourceGroups/RG-EastUS-terraform-3/providers/Microsoft.Network/networkSecurityGroups/nsg-vnet-shared-01.snet-adds-01/securityRules/AllowInternetOutbound]
module.module-01.azurerm_network_security_rule.network_security_rules_m1["AzureBastionSubnet.AllowBastionCommunicationInbound"]: Refreshing state... [id=/subscriptions/33f27ac9-52ef-43de-b518-ef0b994e7f1b/resourceGroups/RG-EastUS-terraform-3/providers/Microsoft.Network/networkSecurityGroups/nsg-vnet-shared-01.AzureBastionSubnet/securityRules/AllowBastionCommunicationInbound]
module.module-01.azurerm_network_security_rule.network_security_rules_m1["AzureBastionSubnet.AllowAzureCloudOutbound"]: Refreshing state... [id=/subscriptions/33f27ac9-52ef-43de-b518-ef0b994e7f1b/resourceGroups/RG-EastUS-terraform-3/providers/Microsoft.Network/networkSecurityGroups/nsg-vnet-shared-01.AzureBastionSubnet/securityRules/AllowAzureCloudOutbound]
module.module-01.azurerm_network_security_rule.network_security_rules_m1["snet-adds-01.AllowVirtualNetworkInbound"]: Refreshing state... [id=/subscriptions/33f27ac9-52ef-43de-b518-ef0b994e7f1b/resourceGroups/RG-EastUS-terraform-3/providers/Microsoft.Network/networkSecurityGroups/nsg-vnet-shared-01.snet-adds-01/securityRules/AllowVirtualNetworkInbound]
module.module-01.azurerm_subnet_network_security_group_association.nsg_subnet_associations_m1["snet-misc-02"]: Refreshing state... [id=/subscriptions/33f27ac9-52ef-43de-b518-ef0b994e7f1b/resourceGroups/RG-EastUS-terraform-3/providers/Microsoft.Network/virtualNetworks/vnet-shared-01/subnets/snet-misc-02]
module.module-01.azurerm_subnet_network_security_group_association.nsg_subnet_associations_m1["snet-adds-01"]: Refreshing state... [id=/subscriptions/33f27ac9-52ef-43de-b518-ef0b994e7f1b/resourceGroups/RG-EastUS-terraform-3/providers/Microsoft.Network/virtualNetworks/vnet-shared-01/subnets/snet-adds-01]
module.module-01.azurerm_subnet_network_security_group_association.nsg_subnet_associations_m1["AzureBastionSubnet"]: Refreshing state... [id=/subscriptions/33f27ac9-52ef-43de-b518-ef0b994e7f1b/resourceGroups/RG-EastUS-terraform-3/providers/Microsoft.Network/virtualNetworks/vnet-shared-01/subnets/AzureBastionSubnet]
module.module-01.azurerm_subnet_network_security_group_association.nsg_subnet_associations_m1["snet-misc-01"]: Refreshing state... [id=/subscriptions/33f27ac9-52ef-43de-b518-ef0b994e7f1b/resourceGroups/RG-EastUS-terraform-3/providers/Microsoft.Network/virtualNetworks/vnet-shared-01/subnets/snet-misc-01]
module.module-01.azurerm_key_vault_secret.adminuser: Refreshing state... [id=https://kv-kfgddidyzldwoalo.vault.azure.net/secrets/adminuser/d901eef8f0644823a6f4ad27268310cb]
module.module-01.azurerm_key_vault_secret.adminpassword: Refreshing state... [id=https://kv-kfgddidyzldwoalo.vault.azure.net/secrets/adminpassword/e4a0657e301e434fad947ea9f5d93588]
module.module-01.azurerm_key_vault_secret.log_analytics_workspace_01_primary_shared_key: Refreshing state... [id=https://kv-kfgddidyzldwoalo.vault.azure.net/secrets/c6bcec30-2587-422d-8bf4-378a35f63df6/43a30bedb2aa4c27b3655a1de521c84c]
module.module-01.azurerm_key_vault_secret.storage_account_access_key: Refreshing state... [id=https://kv-kfgddidyzldwoalo.vault.azure.net/secrets/stkfgddidyzldwoalo/402ae9bb4c484336a9808f860ff063b2]
module.module-01.azurerm_storage_container.st_container: Refreshing state... [id=https://stkfgddidyzldwoalo.blob.core.windows.net/scripts]
╷
│ Error: "admin_password" has to fulfill 3 out of these 4 conditions: Has lower characters, Has upper characters, Has a digit, Has a special character other than "_", fullfiled only 2 conditions
│ 
│   with module.module-01.azurerm_windows_virtual_machine.vm_adds,
│   on modules/module-01/module-01.tf line 202, in resource "azurerm_windows_virtual_machine" "vm_adds":
│  202:   admin_password           = azurerm_key_vault_secret.adminpassword.value
│ 
╵
Starting unprovisioning process
module.module-01.random_string.azurerm_storage_account_name: Refreshing state... [id=kfgddidyzldwoalo]
module.module-01.random_password.admin_password: Refreshing state... [id=none]
module.module-01.azurerm_virtual_network.vnet_shared_01: Refreshing state... [id=/subscriptions/33f27ac9-52ef-43de-b518-ef0b994e7f1b/resourceGroups/RG-EastUS-terraform-3/providers/Microsoft.Network/virtualNetworks/vnet-shared-01]
module.module-01.azurerm_log_analytics_workspace.log_analytics_workspace_01: Refreshing state... [id=/subscriptions/33f27ac9-52ef-43de-b518-ef0b994e7f1b/resourceGroups/RG-EastUS-terraform-3/providers/Microsoft.OperationalInsights/workspaces/log-shared-terraform-01]
module.module-01.azurerm_key_vault.kv: Refreshing state... [id=/subscriptions/33f27ac9-52ef-43de-b518-ef0b994e7f1b/resourceGroups/RG-EastUS-terraform-3/providers/Microsoft.KeyVault/vaults/kv-kfgddidyzldwoalo]
module.module-01.azurerm_storage_account.st: Refreshing state... [id=/subscriptions/33f27ac9-52ef-43de-b518-ef0b994e7f1b/resourceGroups/RG-EastUS-terraform-3/providers/Microsoft.Storage/storageAccounts/stkfgddidyzldwoalo]
module.module-01.azurerm_public_ip.bastion_host_01: Refreshing state... [id=/subscriptions/33f27ac9-52ef-43de-b518-ef0b994e7f1b/resourceGroups/RG-EastUS-terraform-3/providers/Microsoft.Network/publicIPAddresses/pip-bst-terraform-01]
module.module-01.azurerm_subnet.vnet_shared_01_subnets["snet-misc-02"]: Refreshing state... [id=/subscriptions/33f27ac9-52ef-43de-b518-ef0b994e7f1b/resourceGroups/RG-EastUS-terraform-3/providers/Microsoft.Network/virtualNetworks/vnet-shared-01/subnets/snet-misc-02]
module.module-01.azurerm_subnet.vnet_shared_01_subnets["AzureBastionSubnet"]: Refreshing state... [id=/subscriptions/33f27ac9-52ef-43de-b518-ef0b994e7f1b/resourceGroups/RG-EastUS-terraform-3/providers/Microsoft.Network/virtualNetworks/vnet-shared-01/subnets/AzureBastionSubnet]
module.module-01.azurerm_subnet.vnet_shared_01_subnets["snet-adds-01"]: Refreshing state... [id=/subscriptions/33f27ac9-52ef-43de-b518-ef0b994e7f1b/resourceGroups/RG-EastUS-terraform-3/providers/Microsoft.Network/virtualNetworks/vnet-shared-01/subnets/snet-adds-01]
module.module-01.azurerm_subnet.vnet_shared_01_subnets["snet-misc-01"]: Refreshing state... [id=/subscriptions/33f27ac9-52ef-43de-b518-ef0b994e7f1b/resourceGroups/RG-EastUS-terraform-3/providers/Microsoft.Network/virtualNetworks/vnet-shared-01/subnets/snet-misc-01]
module.module-01.azurerm_network_security_group.network_security_groups_m1["snet-adds-01"]: Refreshing state... [id=/subscriptions/33f27ac9-52ef-43de-b518-ef0b994e7f1b/resourceGroups/RG-EastUS-terraform-3/providers/Microsoft.Network/networkSecurityGroups/nsg-vnet-shared-01.snet-adds-01]
module.module-01.azurerm_network_interface.vm_adds_nic_01: Refreshing state... [id=/subscriptions/33f27ac9-52ef-43de-b518-ef0b994e7f1b/resourceGroups/RG-EastUS-terraform-3/providers/Microsoft.Network/networkInterfaces/nic-adds1-1]
module.module-01.azurerm_network_security_group.network_security_groups_m1["snet-misc-02"]: Refreshing state... [id=/subscriptions/33f27ac9-52ef-43de-b518-ef0b994e7f1b/resourceGroups/RG-EastUS-terraform-3/providers/Microsoft.Network/networkSecurityGroups/nsg-vnet-shared-01.snet-misc-02]
module.module-01.azurerm_network_security_group.network_security_groups_m1["snet-misc-01"]: Refreshing state... [id=/subscriptions/33f27ac9-52ef-43de-b518-ef0b994e7f1b/resourceGroups/RG-EastUS-terraform-3/providers/Microsoft.Network/networkSecurityGroups/nsg-vnet-shared-01.snet-misc-01]
module.module-01.azurerm_network_security_group.network_security_groups_m1["AzureBastionSubnet"]: Refreshing state... [id=/subscriptions/33f27ac9-52ef-43de-b518-ef0b994e7f1b/resourceGroups/RG-EastUS-terraform-3/providers/Microsoft.Network/networkSecurityGroups/nsg-vnet-shared-01.AzureBastionSubnet]
module.module-01.azurerm_bastion_host.bastion_host_01: Refreshing state... [id=/subscriptions/33f27ac9-52ef-43de-b518-ef0b994e7f1b/resourceGroups/RG-EastUS-terraform-3/providers/Microsoft.Network/bastionHosts/bst-terraform-01]
module.module-01.azurerm_network_security_rule.network_security_rules_m1["snet-adds-01.AllowVirtualNetworkInbound"]: Refreshing state... [id=/subscriptions/33f27ac9-52ef-43de-b518-ef0b994e7f1b/resourceGroups/RG-EastUS-terraform-3/providers/Microsoft.Network/networkSecurityGroups/nsg-vnet-shared-01.snet-adds-01/securityRules/AllowVirtualNetworkInbound]
module.module-01.azurerm_network_security_rule.network_security_rules_m1["snet-misc-01.AllowInternetOutbound"]: Refreshing state... [id=/subscriptions/33f27ac9-52ef-43de-b518-ef0b994e7f1b/resourceGroups/RG-EastUS-terraform-3/providers/Microsoft.Network/networkSecurityGroups/nsg-vnet-shared-01.snet-misc-01/securityRules/AllowInternetOutbound]
module.module-01.azurerm_network_security_rule.network_security_rules_m1["AzureBastionSubnet.AllowGetSessionInformationOutbound"]: Refreshing state... [id=/subscriptions/33f27ac9-52ef-43de-b518-ef0b994e7f1b/resourceGroups/RG-EastUS-terraform-3/providers/Microsoft.Network/networkSecurityGroups/nsg-vnet-shared-01.AzureBastionSubnet/securityRules/AllowGetSessionInformationOutbound]
module.module-01.azurerm_network_security_rule.network_security_rules_m1["snet-misc-01.AllowVirtualNetworkInbound"]: Refreshing state... [id=/subscriptions/33f27ac9-52ef-43de-b518-ef0b994e7f1b/resourceGroups/RG-EastUS-terraform-3/providers/Microsoft.Network/networkSecurityGroups/nsg-vnet-shared-01.snet-misc-01/securityRules/AllowVirtualNetworkInbound]
module.module-01.azurerm_network_security_rule.network_security_rules_m1["snet-misc-02.AllowInternetOutbound"]: Refreshing state... [id=/subscriptions/33f27ac9-52ef-43de-b518-ef0b994e7f1b/resourceGroups/RG-EastUS-terraform-3/providers/Microsoft.Network/networkSecurityGroups/nsg-vnet-shared-01.snet-misc-02/securityRules/AllowInternetOutbound]
module.module-01.azurerm_network_security_rule.network_security_rules_m1["snet-misc-02.AllowVirtualNetworkInbound"]: Refreshing state... [id=/subscriptions/33f27ac9-52ef-43de-b518-ef0b994e7f1b/resourceGroups/RG-EastUS-terraform-3/providers/Microsoft.Network/networkSecurityGroups/nsg-vnet-shared-01.snet-misc-02/securityRules/AllowVirtualNetworkInbound]
module.module-01.azurerm_network_security_rule.network_security_rules_m1["AzureBastionSubnet.AllowBastionCommunicationInbound"]: Refreshing state... [id=/subscriptions/33f27ac9-52ef-43de-b518-ef0b994e7f1b/resourceGroups/RG-EastUS-terraform-3/providers/Microsoft.Network/networkSecurityGroups/nsg-vnet-shared-01.AzureBastionSubnet/securityRules/AllowBastionCommunicationInbound]
module.module-01.azurerm_network_security_rule.network_security_rules_m1["AzureBastionSubnet.AllowGatewayManagerInbound"]: Refreshing state... [id=/subscriptions/33f27ac9-52ef-43de-b518-ef0b994e7f1b/resourceGroups/RG-EastUS-terraform-3/providers/Microsoft.Network/networkSecurityGroups/nsg-vnet-shared-01.AzureBastionSubnet/securityRules/AllowGatewayManagerInbound]
module.module-01.azurerm_network_security_rule.network_security_rules_m1["AzureBastionSubnet.AllowBastionCommunicationOutbound"]: Refreshing state... [id=/subscriptions/33f27ac9-52ef-43de-b518-ef0b994e7f1b/resourceGroups/RG-EastUS-terraform-3/providers/Microsoft.Network/networkSecurityGroups/nsg-vnet-shared-01.AzureBastionSubnet/securityRules/AllowBastionCommunicationOutbound]
module.module-01.azurerm_network_security_rule.network_security_rules_m1["snet-adds-01.AllowVirtualNetworkOutbound"]: Refreshing state... [id=/subscriptions/33f27ac9-52ef-43de-b518-ef0b994e7f1b/resourceGroups/RG-EastUS-terraform-3/providers/Microsoft.Network/networkSecurityGroups/nsg-vnet-shared-01.snet-adds-01/securityRules/AllowVirtualNetworkOutbound]
module.module-01.azurerm_network_security_rule.network_security_rules_m1["snet-adds-01.AllowInternetOutbound"]: Refreshing state... [id=/subscriptions/33f27ac9-52ef-43de-b518-ef0b994e7f1b/resourceGroups/RG-EastUS-terraform-3/providers/Microsoft.Network/networkSecurityGroups/nsg-vnet-shared-01.snet-adds-01/securityRules/AllowInternetOutbound]
module.module-01.azurerm_network_security_rule.network_security_rules_m1["AzureBastionSubnet.AllowAzureLoadBalancerInbound"]: Refreshing state... [id=/subscriptions/33f27ac9-52ef-43de-b518-ef0b994e7f1b/resourceGroups/RG-EastUS-terraform-3/providers/Microsoft.Network/networkSecurityGroups/nsg-vnet-shared-01.AzureBastionSubnet/securityRules/AllowAzureLoadBalancerInbound]
module.module-01.azurerm_network_security_rule.network_security_rules_m1["AzureBastionSubnet.AllowHttpsInbound"]: Refreshing state... [id=/subscriptions/33f27ac9-52ef-43de-b518-ef0b994e7f1b/resourceGroups/RG-EastUS-terraform-3/providers/Microsoft.Network/networkSecurityGroups/nsg-vnet-shared-01.AzureBastionSubnet/securityRules/AllowHttpsInbound]
module.module-01.azurerm_network_security_rule.network_security_rules_m1["snet-misc-01.AllowVirtualNetworkOutbound"]: Refreshing state... [id=/subscriptions/33f27ac9-52ef-43de-b518-ef0b994e7f1b/resourceGroups/RG-EastUS-terraform-3/providers/Microsoft.Network/networkSecurityGroups/nsg-vnet-shared-01.snet-misc-01/securityRules/AllowVirtualNetworkOutbound]
module.module-01.azurerm_network_security_rule.network_security_rules_m1["AzureBastionSubnet.AllowSshRdpOutbound"]: Refreshing state... [id=/subscriptions/33f27ac9-52ef-43de-b518-ef0b994e7f1b/resourceGroups/RG-EastUS-terraform-3/providers/Microsoft.Network/networkSecurityGroups/nsg-vnet-shared-01.AzureBastionSubnet/securityRules/AllowSshRdpOutbound]
module.module-01.azurerm_network_security_rule.network_security_rules_m1["AzureBastionSubnet.AllowAzureCloudOutbound"]: Refreshing state... [id=/subscriptions/33f27ac9-52ef-43de-b518-ef0b994e7f1b/resourceGroups/RG-EastUS-terraform-3/providers/Microsoft.Network/networkSecurityGroups/nsg-vnet-shared-01.AzureBastionSubnet/securityRules/AllowAzureCloudOutbound]
module.module-01.azurerm_network_security_rule.network_security_rules_m1["snet-misc-02.AllowVirtualNetworkOutbound"]: Refreshing state... [id=/subscriptions/33f27ac9-52ef-43de-b518-ef0b994e7f1b/resourceGroups/RG-EastUS-terraform-3/providers/Microsoft.Network/networkSecurityGroups/nsg-vnet-shared-01.snet-misc-02/securityRules/AllowVirtualNetworkOutbound]
module.module-01.azurerm_subnet_network_security_group_association.nsg_subnet_associations_m1["snet-adds-01"]: Refreshing state... [id=/subscriptions/33f27ac9-52ef-43de-b518-ef0b994e7f1b/resourceGroups/RG-EastUS-terraform-3/providers/Microsoft.Network/virtualNetworks/vnet-shared-01/subnets/snet-adds-01]
module.module-01.azurerm_subnet_network_security_group_association.nsg_subnet_associations_m1["snet-misc-02"]: Refreshing state... [id=/subscriptions/33f27ac9-52ef-43de-b518-ef0b994e7f1b/resourceGroups/RG-EastUS-terraform-3/providers/Microsoft.Network/virtualNetworks/vnet-shared-01/subnets/snet-misc-02]
module.module-01.azurerm_subnet_network_security_group_association.nsg_subnet_associations_m1["snet-misc-01"]: Refreshing state... [id=/subscriptions/33f27ac9-52ef-43de-b518-ef0b994e7f1b/resourceGroups/RG-EastUS-terraform-3/providers/Microsoft.Network/virtualNetworks/vnet-shared-01/subnets/snet-misc-01]
module.module-01.azurerm_subnet_network_security_group_association.nsg_subnet_associations_m1["AzureBastionSubnet"]: Refreshing state... [id=/subscriptions/33f27ac9-52ef-43de-b518-ef0b994e7f1b/resourceGroups/RG-EastUS-terraform-3/providers/Microsoft.Network/virtualNetworks/vnet-shared-01/subnets/AzureBastionSubnet]
module.module-01.azurerm_storage_container.st_container: Refreshing state... [id=https://stkfgddidyzldwoalo.blob.core.windows.net/scripts]
module.module-01.azurerm_key_vault_secret.adminuser: Refreshing state... [id=https://kv-kfgddidyzldwoalo.vault.azure.net/secrets/adminuser/d901eef8f0644823a6f4ad27268310cb]
module.module-01.azurerm_key_vault_secret.log_analytics_workspace_01_primary_shared_key: Refreshing state... [id=https://kv-kfgddidyzldwoalo.vault.azure.net/secrets/c6bcec30-2587-422d-8bf4-378a35f63df6/43a30bedb2aa4c27b3655a1de521c84c]
module.module-01.azurerm_key_vault_secret.adminpassword: Refreshing state... [id=https://kv-kfgddidyzldwoalo.vault.azure.net/secrets/adminpassword/e4a0657e301e434fad947ea9f5d93588]
module.module-01.azurerm_key_vault_secret.storage_account_access_key: Refreshing state... [id=https://kv-kfgddidyzldwoalo.vault.azure.net/secrets/stkfgddidyzldwoalo/402ae9bb4c484336a9808f860ff063b2]
╷
│ Error: "admin_password" has to fulfill 3 out of these 4 conditions: Has lower characters, Has upper characters, Has a digit, Has a special character other than "_", fullfiled only 2 conditions
│ 
│   with module.module-01.azurerm_windows_virtual_machine.vm_adds,
│   on modules/module-01/module-01.tf line 202, in resource "azurerm_windows_virtual_machine" "vm_adds":
│  202:   admin_password           = azurerm_key_vault_secret.adminpassword.value
│ 
╵
Starting unprovisioning process
module.module-01.random_string.azurerm_storage_account_name: Refreshing state... [id=kfgddidyzldwoalo]
module.module-01.random_password.admin_password: Refreshing state... [id=none]
module.module-01.azurerm_key_vault.kv: Refreshing state... [id=/subscriptions/33f27ac9-52ef-43de-b518-ef0b994e7f1b/resourceGroups/RG-EastUS-terraform-3/providers/Microsoft.KeyVault/vaults/kv-kfgddidyzldwoalo]
module.module-01.azurerm_log_analytics_workspace.log_analytics_workspace_01: Refreshing state... [id=/subscriptions/33f27ac9-52ef-43de-b518-ef0b994e7f1b/resourceGroups/RG-EastUS-terraform-3/providers/Microsoft.OperationalInsights/workspaces/log-shared-terraform-01]
module.module-01.azurerm_storage_account.st: Refreshing state... [id=/subscriptions/33f27ac9-52ef-43de-b518-ef0b994e7f1b/resourceGroups/RG-EastUS-terraform-3/providers/Microsoft.Storage/storageAccounts/stkfgddidyzldwoalo]
module.module-01.azurerm_public_ip.bastion_host_01: Refreshing state... [id=/subscriptions/33f27ac9-52ef-43de-b518-ef0b994e7f1b/resourceGroups/RG-EastUS-terraform-3/providers/Microsoft.Network/publicIPAddresses/pip-bst-terraform-01]
module.module-01.azurerm_virtual_network.vnet_shared_01: Refreshing state... [id=/subscriptions/33f27ac9-52ef-43de-b518-ef0b994e7f1b/resourceGroups/RG-EastUS-terraform-3/providers/Microsoft.Network/virtualNetworks/vnet-shared-01]
module.module-01.azurerm_subnet.vnet_shared_01_subnets["snet-misc-02"]: Refreshing state... [id=/subscriptions/33f27ac9-52ef-43de-b518-ef0b994e7f1b/resourceGroups/RG-EastUS-terraform-3/providers/Microsoft.Network/virtualNetworks/vnet-shared-01/subnets/snet-misc-02]
module.module-01.azurerm_subnet.vnet_shared_01_subnets["AzureBastionSubnet"]: Refreshing state... [id=/subscriptions/33f27ac9-52ef-43de-b518-ef0b994e7f1b/resourceGroups/RG-EastUS-terraform-3/providers/Microsoft.Network/virtualNetworks/vnet-shared-01/subnets/AzureBastionSubnet]
module.module-01.azurerm_subnet.vnet_shared_01_subnets["snet-adds-01"]: Refreshing state... [id=/subscriptions/33f27ac9-52ef-43de-b518-ef0b994e7f1b/resourceGroups/RG-EastUS-terraform-3/providers/Microsoft.Network/virtualNetworks/vnet-shared-01/subnets/snet-adds-01]
module.module-01.azurerm_subnet.vnet_shared_01_subnets["snet-misc-01"]: Refreshing state... [id=/subscriptions/33f27ac9-52ef-43de-b518-ef0b994e7f1b/resourceGroups/RG-EastUS-terraform-3/providers/Microsoft.Network/virtualNetworks/vnet-shared-01/subnets/snet-misc-01]
module.module-01.azurerm_network_security_group.network_security_groups_m1["snet-adds-01"]: Refreshing state... [id=/subscriptions/33f27ac9-52ef-43de-b518-ef0b994e7f1b/resourceGroups/RG-EastUS-terraform-3/providers/Microsoft.Network/networkSecurityGroups/nsg-vnet-shared-01.snet-adds-01]
module.module-01.azurerm_network_security_group.network_security_groups_m1["AzureBastionSubnet"]: Refreshing state... [id=/subscriptions/33f27ac9-52ef-43de-b518-ef0b994e7f1b/resourceGroups/RG-EastUS-terraform-3/providers/Microsoft.Network/networkSecurityGroups/nsg-vnet-shared-01.AzureBastionSubnet]
module.module-01.azurerm_network_security_group.network_security_groups_m1["snet-misc-02"]: Refreshing state... [id=/subscriptions/33f27ac9-52ef-43de-b518-ef0b994e7f1b/resourceGroups/RG-EastUS-terraform-3/providers/Microsoft.Network/networkSecurityGroups/nsg-vnet-shared-01.snet-misc-02]
module.module-01.azurerm_network_interface.vm_adds_nic_01: Refreshing state... [id=/subscriptions/33f27ac9-52ef-43de-b518-ef0b994e7f1b/resourceGroups/RG-EastUS-terraform-3/providers/Microsoft.Network/networkInterfaces/nic-adds1-1]
module.module-01.azurerm_bastion_host.bastion_host_01: Refreshing state... [id=/subscriptions/33f27ac9-52ef-43de-b518-ef0b994e7f1b/resourceGroups/RG-EastUS-terraform-3/providers/Microsoft.Network/bastionHosts/bst-terraform-01]
module.module-01.azurerm_network_security_group.network_security_groups_m1["snet-misc-01"]: Refreshing state... [id=/subscriptions/33f27ac9-52ef-43de-b518-ef0b994e7f1b/resourceGroups/RG-EastUS-terraform-3/providers/Microsoft.Network/networkSecurityGroups/nsg-vnet-shared-01.snet-misc-01]
module.module-01.azurerm_network_security_rule.network_security_rules_m1["AzureBastionSubnet.AllowAzureCloudOutbound"]: Refreshing state... [id=/subscriptions/33f27ac9-52ef-43de-b518-ef0b994e7f1b/resourceGroups/RG-EastUS-terraform-3/providers/Microsoft.Network/networkSecurityGroups/nsg-vnet-shared-01.AzureBastionSubnet/securityRules/AllowAzureCloudOutbound]
module.module-01.azurerm_network_security_rule.network_security_rules_m1["snet-misc-01.AllowVirtualNetworkInbound"]: Refreshing state... [id=/subscriptions/33f27ac9-52ef-43de-b518-ef0b994e7f1b/resourceGroups/RG-EastUS-terraform-3/providers/Microsoft.Network/networkSecurityGroups/nsg-vnet-shared-01.snet-misc-01/securityRules/AllowVirtualNetworkInbound]
module.module-01.azurerm_network_security_rule.network_security_rules_m1["snet-misc-01.AllowVirtualNetworkOutbound"]: Refreshing state... [id=/subscriptions/33f27ac9-52ef-43de-b518-ef0b994e7f1b/resourceGroups/RG-EastUS-terraform-3/providers/Microsoft.Network/networkSecurityGroups/nsg-vnet-shared-01.snet-misc-01/securityRules/AllowVirtualNetworkOutbound]
module.module-01.azurerm_network_security_rule.network_security_rules_m1["snet-adds-01.AllowInternetOutbound"]: Refreshing state... [id=/subscriptions/33f27ac9-52ef-43de-b518-ef0b994e7f1b/resourceGroups/RG-EastUS-terraform-3/providers/Microsoft.Network/networkSecurityGroups/nsg-vnet-shared-01.snet-adds-01/securityRules/AllowInternetOutbound]
module.module-01.azurerm_network_security_rule.network_security_rules_m1["snet-misc-02.AllowVirtualNetworkOutbound"]: Refreshing state... [id=/subscriptions/33f27ac9-52ef-43de-b518-ef0b994e7f1b/resourceGroups/RG-EastUS-terraform-3/providers/Microsoft.Network/networkSecurityGroups/nsg-vnet-shared-01.snet-misc-02/securityRules/AllowVirtualNetworkOutbound]
module.module-01.azurerm_network_security_rule.network_security_rules_m1["snet-adds-01.AllowVirtualNetworkOutbound"]: Refreshing state... [id=/subscriptions/33f27ac9-52ef-43de-b518-ef0b994e7f1b/resourceGroups/RG-EastUS-terraform-3/providers/Microsoft.Network/networkSecurityGroups/nsg-vnet-shared-01.snet-adds-01/securityRules/AllowVirtualNetworkOutbound]
module.module-01.azurerm_network_security_rule.network_security_rules_m1["AzureBastionSubnet.AllowAzureLoadBalancerInbound"]: Refreshing state... [id=/subscriptions/33f27ac9-52ef-43de-b518-ef0b994e7f1b/resourceGroups/RG-EastUS-terraform-3/providers/Microsoft.Network/networkSecurityGroups/nsg-vnet-shared-01.AzureBastionSubnet/securityRules/AllowAzureLoadBalancerInbound]
module.module-01.azurerm_network_security_rule.network_security_rules_m1["snet-misc-02.AllowVirtualNetworkInbound"]: Refreshing state... [id=/subscriptions/33f27ac9-52ef-43de-b518-ef0b994e7f1b/resourceGroups/RG-EastUS-terraform-3/providers/Microsoft.Network/networkSecurityGroups/nsg-vnet-shared-01.snet-misc-02/securityRules/AllowVirtualNetworkInbound]
module.module-01.azurerm_network_security_rule.network_security_rules_m1["AzureBastionSubnet.AllowSshRdpOutbound"]: Refreshing state... [id=/subscriptions/33f27ac9-52ef-43de-b518-ef0b994e7f1b/resourceGroups/RG-EastUS-terraform-3/providers/Microsoft.Network/networkSecurityGroups/nsg-vnet-shared-01.AzureBastionSubnet/securityRules/AllowSshRdpOutbound]
module.module-01.azurerm_network_security_rule.network_security_rules_m1["AzureBastionSubnet.AllowBastionCommunicationOutbound"]: Refreshing state... [id=/subscriptions/33f27ac9-52ef-43de-b518-ef0b994e7f1b/resourceGroups/RG-EastUS-terraform-3/providers/Microsoft.Network/networkSecurityGroups/nsg-vnet-shared-01.AzureBastionSubnet/securityRules/AllowBastionCommunicationOutbound]
module.module-01.azurerm_network_security_rule.network_security_rules_m1["AzureBastionSubnet.AllowBastionCommunicationInbound"]: Refreshing state... [id=/subscriptions/33f27ac9-52ef-43de-b518-ef0b994e7f1b/resourceGroups/RG-EastUS-terraform-3/providers/Microsoft.Network/networkSecurityGroups/nsg-vnet-shared-01.AzureBastionSubnet/securityRules/AllowBastionCommunicationInbound]
module.module-01.azurerm_network_security_rule.network_security_rules_m1["AzureBastionSubnet.AllowHttpsInbound"]: Refreshing state... [id=/subscriptions/33f27ac9-52ef-43de-b518-ef0b994e7f1b/resourceGroups/RG-EastUS-terraform-3/providers/Microsoft.Network/networkSecurityGroups/nsg-vnet-shared-01.AzureBastionSubnet/securityRules/AllowHttpsInbound]
module.module-01.azurerm_network_security_rule.network_security_rules_m1["snet-adds-01.AllowVirtualNetworkInbound"]: Refreshing state... [id=/subscriptions/33f27ac9-52ef-43de-b518-ef0b994e7f1b/resourceGroups/RG-EastUS-terraform-3/providers/Microsoft.Network/networkSecurityGroups/nsg-vnet-shared-01.snet-adds-01/securityRules/AllowVirtualNetworkInbound]
module.module-01.azurerm_network_security_rule.network_security_rules_m1["snet-misc-02.AllowInternetOutbound"]: Refreshing state... [id=/subscriptions/33f27ac9-52ef-43de-b518-ef0b994e7f1b/resourceGroups/RG-EastUS-terraform-3/providers/Microsoft.Network/networkSecurityGroups/nsg-vnet-shared-01.snet-misc-02/securityRules/AllowInternetOutbound]
module.module-01.azurerm_network_security_rule.network_security_rules_m1["AzureBastionSubnet.AllowGetSessionInformationOutbound"]: Refreshing state... [id=/subscriptions/33f27ac9-52ef-43de-b518-ef0b994e7f1b/resourceGroups/RG-EastUS-terraform-3/providers/Microsoft.Network/networkSecurityGroups/nsg-vnet-shared-01.AzureBastionSubnet/securityRules/AllowGetSessionInformationOutbound]
module.module-01.azurerm_network_security_rule.network_security_rules_m1["snet-misc-01.AllowInternetOutbound"]: Refreshing state... [id=/subscriptions/33f27ac9-52ef-43de-b518-ef0b994e7f1b/resourceGroups/RG-EastUS-terraform-3/providers/Microsoft.Network/networkSecurityGroups/nsg-vnet-shared-01.snet-misc-01/securityRules/AllowInternetOutbound]
module.module-01.azurerm_network_security_rule.network_security_rules_m1["AzureBastionSubnet.AllowGatewayManagerInbound"]: Refreshing state... [id=/subscriptions/33f27ac9-52ef-43de-b518-ef0b994e7f1b/resourceGroups/RG-EastUS-terraform-3/providers/Microsoft.Network/networkSecurityGroups/nsg-vnet-shared-01.AzureBastionSubnet/securityRules/AllowGatewayManagerInbound]
module.module-01.azurerm_subnet_network_security_group_association.nsg_subnet_associations_m1["snet-adds-01"]: Refreshing state... [id=/subscriptions/33f27ac9-52ef-43de-b518-ef0b994e7f1b/resourceGroups/RG-EastUS-terraform-3/providers/Microsoft.Network/virtualNetworks/vnet-shared-01/subnets/snet-adds-01]
module.module-01.azurerm_subnet_network_security_group_association.nsg_subnet_associations_m1["snet-misc-01"]: Refreshing state... [id=/subscriptions/33f27ac9-52ef-43de-b518-ef0b994e7f1b/resourceGroups/RG-EastUS-terraform-3/providers/Microsoft.Network/virtualNetworks/vnet-shared-01/subnets/snet-misc-01]
module.module-01.azurerm_subnet_network_security_group_association.nsg_subnet_associations_m1["snet-misc-02"]: Refreshing state... [id=/subscriptions/33f27ac9-52ef-43de-b518-ef0b994e7f1b/resourceGroups/RG-EastUS-terraform-3/providers/Microsoft.Network/virtualNetworks/vnet-shared-01/subnets/snet-misc-02]
module.module-01.azurerm_subnet_network_security_group_association.nsg_subnet_associations_m1["AzureBastionSubnet"]: Refreshing state... [id=/subscriptions/33f27ac9-52ef-43de-b518-ef0b994e7f1b/resourceGroups/RG-EastUS-terraform-3/providers/Microsoft.Network/virtualNetworks/vnet-shared-01/subnets/AzureBastionSubnet]
module.module-01.azurerm_storage_container.st_container: Refreshing state... [id=https://stkfgddidyzldwoalo.blob.core.windows.net/scripts]
module.module-01.azurerm_key_vault_secret.storage_account_access_key: Refreshing state... [id=https://kv-kfgddidyzldwoalo.vault.azure.net/secrets/stkfgddidyzldwoalo/402ae9bb4c484336a9808f860ff063b2]
module.module-01.azurerm_key_vault_secret.adminuser: Refreshing state... [id=https://kv-kfgddidyzldwoalo.vault.azure.net/secrets/adminuser/d901eef8f0644823a6f4ad27268310cb]
module.module-01.azurerm_key_vault_secret.log_analytics_workspace_01_primary_shared_key: Refreshing state... [id=https://kv-kfgddidyzldwoalo.vault.azure.net/secrets/c6bcec30-2587-422d-8bf4-378a35f63df6/43a30bedb2aa4c27b3655a1de521c84c]
module.module-01.azurerm_key_vault_secret.adminpassword: Refreshing state... [id=https://kv-kfgddidyzldwoalo.vault.azure.net/secrets/adminpassword/e4a0657e301e434fad947ea9f5d93588]
╷
│ Error: "admin_password" has to fulfill 3 out of these 4 conditions: Has lower characters, Has upper characters, Has a digit, Has a special character other than "_", fullfiled only 2 conditions
│ 
│   with module.module-01.azurerm_windows_virtual_machine.vm_adds,
│   on modules/module-01/module-01.tf line 202, in resource "azurerm_windows_virtual_machine" "vm_adds":
│  202:   admin_password           = azurerm_key_vault_secret.adminpassword.value
│ 
╵
