Starting unprovisioning process
WARNING: A new Bicep release is available: v0.27.1. Upgrade now by running "az bicep upgrade".
INFO: Command ran in 696.695 seconds (init: 0.183, invoke: 696.512)
{
  "id": "/subscriptions/f0afb0df-9549-4bb4-8af8-683201ed7aaa/resourceGroups/RG-EastUS-bicep-1/providers/Microsoft.Resources/deployments/cleanup",
  "location": null,
  "name": "cleanup",
  "properties": {
    "correlationId": "3eda69b0-dc03-4664-9b19-94d931ac5a70",
    "debugSetting": null,
    "dependencies": [],
    "duration": "PT11M2.9019728S",
    "error": null,
    "mode": "Complete",
    "onErrorDeployment": null,
    "outputResources": [],
    "outputs": null,
    "parameters": null,
    "parametersLink": null,
    "providers": [],
    "provisioningState": "Succeeded",
    "templateHash": "6609161197123188811",
    "templateLink": null,
    "timestamp": "2024-05-20T03:59:09.175109+00:00",
    "validatedResources": null
  },
  "resourceGroup": "RG-EastUS-bicep-1",
  "tags": null,
  "type": "Microsoft.Resources/deployments"
}
