Starting unprovisioning process
WARNING: A new Bicep release is available: v0.27.1. Upgrade now by running "az bicep upgrade".
INFO: Command ran in 1169.585 seconds (init: 0.182, invoke: 1169.403)
{
  "id": "/subscriptions/f0afb0df-9549-4bb4-8af8-683201ed7aaa/resourceGroups/RG-SwedenCentral-bicep-5/providers/Microsoft.Resources/deployments/cleanup",
  "location": null,
  "name": "cleanup",
  "properties": {
    "correlationId": "d3723f6e-4a52-431c-af76-5cc4c09c332c",
    "debugSetting": null,
    "dependencies": [],
    "duration": "PT19M19.4479356S",
    "error": null,
    "mode": "Complete",
    "onErrorDeployment": null,
    "outputResources": [],
    "outputs": null,
    "parameters": null,
    "parametersLink": null,
    "providers": [],
    "provisioningState": "Succeeded",
    "templateHash": "6609161197123188811",
    "templateLink": null,
    "timestamp": "2024-05-16T05:00:16.178484+00:00",
    "validatedResources": null
  },
  "resourceGroup": "RG-SwedenCentral-bicep-5",
  "tags": null,
  "type": "Microsoft.Resources/deployments"
}
