Starting unprovisioning process
INFO: Command ran in 694.573 seconds (init: 0.182, invoke: 694.391)
{
  "id": "/subscriptions/f0afb0df-9549-4bb4-8af8-683201ed7aaa/resourceGroups/RG-EastUS-ARM-1/providers/Microsoft.Resources/deployments/cleanup",
  "location": null,
  "name": "cleanup",
  "properties": {
    "correlationId": "94f6e651-b203-42fc-bd14-dee20f4b2037",
    "debugSetting": null,
    "dependencies": [],
    "duration": "PT11M3.1275428S",
    "error": null,
    "mode": "Complete",
    "onErrorDeployment": null,
    "outputResources": [],
    "outputs": {},
    "parameters": {},
    "parametersLink": null,
    "providers": [],
    "provisioningState": "Succeeded",
    "templateHash": "11635883502557795404",
    "templateLink": null,
    "timestamp": "2024-05-16T13:51:07.449881+00:00",
    "validatedResources": null
  },
  "resourceGroup": "RG-EastUS-ARM-1",
  "tags": null,
  "type": "Microsoft.Resources/deployments"
}
