Starting unprovisioning process
INFO: Command ran in 701.899 seconds (init: 0.226, invoke: 701.673)
{
  "id": "/subscriptions/33f27ac9-52ef-43de-b518-ef0b994e7f1b/resourceGroups/RG-AustraliaEast-ARM-3/providers/Microsoft.Resources/deployments/cleanup",
  "location": null,
  "name": "cleanup",
  "properties": {
    "correlationId": "a7fbdbcb-303a-4410-9d8e-8e78049dc8b6",
    "debugSetting": null,
    "dependencies": [],
    "duration": "PT11M10.9532706S",
    "error": null,
    "mode": "Complete",
    "onErrorDeployment": null,
    "outputResources": [],
    "outputs": {},
    "parameters": {},
    "parametersLink": null,
    "providers": [],
    "provisioningState": "Succeeded",
    "templateHash": "11635883502557795404",
    "templateLink": null,
    "timestamp": "2024-04-20T09:27:49.882490+00:00",
    "validatedResources": null
  },
  "resourceGroup": "RG-AustraliaEast-ARM-3",
  "tags": null,
  "type": "Microsoft.Resources/deployments"
}
