Starting provisioning process
ERROR: {"status":"Failed","error":{"code":"DeploymentFailed","target":"/subscriptions/f0afb0df-9549-4bb4-8af8-683201ed7aaa/resourceGroups/RG-EastUS-ARM-4/providers/Microsoft.Resources/deployments/root","message":"At least one resource deployment operation failed. Please list deployment operations for details. Please see https://aka.ms/arm-deployment-operations for usage details.","details":[{"code":"ResourceDeploymentFailure","target":"/subscriptions/f0afb0df-9549-4bb4-8af8-683201ed7aaa/resourceGroups/RG-EastUS-ARM-4/providers/Microsoft.Resources/deployments/module01","message":"The resource write operation failed to complete successfully, because it reached terminal provisioning state 'Failed'.","details":[{"code":"DeploymentFailed","target":"/subscriptions/f0afb0df-9549-4bb4-8af8-683201ed7aaa/resourceGroups/RG-EastUS-ARM-4/providers/Microsoft.Resources/deployments/module01","message":"At least one resource deployment operation failed. Please list deployment operations for details. Please see https://aka.ms/arm-deployment-operations for usage details.","details":[{"code":"ResourceDeploymentFailure","target":"/subscriptions/f0afb0df-9549-4bb4-8af8-683201ed7aaa/resourceGroups/RG-EastUS-ARM-4/providers/Microsoft.Compute/virtualMachines/adds1","message":"The resource write operation failed to complete successfully, because it reached terminal provisioning state 'Failed'.","details":[{"code":"RetryableError","message":"A retryable error occurred."}]}]}]}]}}
INFO: Command ran in 576.655 seconds (init: 0.180, invoke: 576.475)
Starting provisioning process
ERROR: {"status":"Failed","error":{"code":"DeploymentFailed","target":"/subscriptions/f0afb0df-9549-4bb4-8af8-683201ed7aaa/resourceGroups/RG-EastUS-ARM-4/providers/Microsoft.Resources/deployments/root","message":"At least one resource deployment operation failed. Please list deployment operations for details. Please see https://aka.ms/arm-deployment-operations for usage details.","details":[{"code":"ResourceDeploymentFailure","target":"/subscriptions/f0afb0df-9549-4bb4-8af8-683201ed7aaa/resourceGroups/RG-EastUS-ARM-4/providers/Microsoft.Resources/deployments/module01","message":"The resource write operation failed to complete successfully, because it reached terminal provisioning state 'Failed'.","details":[{"code":"DeploymentFailed","target":"/subscriptions/f0afb0df-9549-4bb4-8af8-683201ed7aaa/resourceGroups/RG-EastUS-ARM-4/providers/Microsoft.Resources/deployments/module01","message":"At least one resource deployment operation failed. Please list deployment operations for details. Please see https://aka.ms/arm-deployment-operations for usage details.","details":[{"code":"ResourceDeploymentFailure","target":"/subscriptions/f0afb0df-9549-4bb4-8af8-683201ed7aaa/resourceGroups/RG-EastUS-ARM-4/providers/Microsoft.Compute/virtualMachines/adds1","message":"The resource write operation failed to complete successfully, because it reached terminal provisioning state 'Failed'.","details":[{"code":"RetryableError","message":"A retryable error occurred."}]}]}]}]}}
INFO: Command ran in 547.560 seconds (init: 0.183, invoke: 547.377)
Starting provisioning process
INFO: Command ran in 576.377 seconds (init: 0.180, invoke: 576.197)
{
  "id": "/subscriptions/f0afb0df-9549-4bb4-8af8-683201ed7aaa/resourceGroups/RG-EastUS-ARM-4/providers/Microsoft.Resources/deployments/root",
  "location": null,
  "name": "root",
  "properties": {
    "correlationId": "f2b57739-de1d-4929-b482-60f0abeb9c3e",
    "debugSetting": null,
    "dependencies": [],
    "duration": "PT9M28.3297652S",
    "error": null,
    "mode": "Incremental",
    "onErrorDeployment": null,
    "outputResources": [
      {
        "id": "/subscriptions/f0afb0df-9549-4bb4-8af8-683201ed7aaa/resourceGroups/RG-EastUS-ARM-4/providers/Microsoft.Compute/virtualMachines/adds1",
        "resourceGroup": "RG-EastUS-ARM-4"
      },
      {
        "id": "/subscriptions/f0afb0df-9549-4bb4-8af8-683201ed7aaa/resourceGroups/RG-EastUS-ARM-4/providers/Microsoft.KeyVault/vaults/kv-m46q3cbtam5c2",
        "resourceGroup": "RG-EastUS-ARM-4"
      },
      {
        "id": "/subscriptions/f0afb0df-9549-4bb4-8af8-683201ed7aaa/resourceGroups/RG-EastUS-ARM-4/providers/Microsoft.KeyVault/vaults/kv-m46q3cbtam5c2/secrets/adminpassword",
        "resourceGroup": "RG-EastUS-ARM-4"
      },
      {
        "id": "/subscriptions/f0afb0df-9549-4bb4-8af8-683201ed7aaa/resourceGroups/RG-EastUS-ARM-4/providers/Microsoft.KeyVault/vaults/kv-m46q3cbtam5c2/secrets/adminuser",
        "resourceGroup": "RG-EastUS-ARM-4"
      },
      {
        "id": "/subscriptions/f0afb0df-9549-4bb4-8af8-683201ed7aaa/resourceGroups/RG-EastUS-ARM-4/providers/Microsoft.KeyVault/vaults/kv-m46q3cbtam5c2/secrets/log-shared-arm-01-ID",
        "resourceGroup": "RG-EastUS-ARM-4"
      },
      {
        "id": "/subscriptions/f0afb0df-9549-4bb4-8af8-683201ed7aaa/resourceGroups/RG-EastUS-ARM-4/providers/Microsoft.KeyVault/vaults/kv-m46q3cbtam5c2/secrets/stm46q3cbtam5c2",
        "resourceGroup": "RG-EastUS-ARM-4"
      },
      {
        "id": "/subscriptions/f0afb0df-9549-4bb4-8af8-683201ed7aaa/resourceGroups/RG-EastUS-ARM-4/providers/Microsoft.Network/bastionHosts/bst-ARM-01",
        "resourceGroup": "RG-EastUS-ARM-4"
      },
      {
        "id": "/subscriptions/f0afb0df-9549-4bb4-8af8-683201ed7aaa/resourceGroups/RG-EastUS-ARM-4/providers/Microsoft.Network/networkInterfaces/nic-adds11",
        "resourceGroup": "RG-EastUS-ARM-4"
      },
      {
        "id": "/subscriptions/f0afb0df-9549-4bb4-8af8-683201ed7aaa/resourceGroups/RG-EastUS-ARM-4/providers/Microsoft.Network/networkSecurityGroups/nsg-vnet-shared-01.AzureBastionSubnet",
        "resourceGroup": "RG-EastUS-ARM-4"
      },
      {
        "id": "/subscriptions/f0afb0df-9549-4bb4-8af8-683201ed7aaa/resourceGroups/RG-EastUS-ARM-4/providers/Microsoft.Network/networkSecurityGroups/nsg-vnet-shared-01.snet-adds-01",
        "resourceGroup": "RG-EastUS-ARM-4"
      },
      {
        "id": "/subscriptions/f0afb0df-9549-4bb4-8af8-683201ed7aaa/resourceGroups/RG-EastUS-ARM-4/providers/Microsoft.Network/networkSecurityGroups/nsg-vnet-shared-01.snet-misc-01",
        "resourceGroup": "RG-EastUS-ARM-4"
      },
      {
        "id": "/subscriptions/f0afb0df-9549-4bb4-8af8-683201ed7aaa/resourceGroups/RG-EastUS-ARM-4/providers/Microsoft.Network/networkSecurityGroups/nsg-vnet-shared-01.snet-misc-02",
        "resourceGroup": "RG-EastUS-ARM-4"
      },
      {
        "id": "/subscriptions/f0afb0df-9549-4bb4-8af8-683201ed7aaa/resourceGroups/RG-EastUS-ARM-4/providers/Microsoft.Network/publicIPAddresses/pip-bst-ARM-01",
        "resourceGroup": "RG-EastUS-ARM-4"
      },
      {
        "id": "/subscriptions/f0afb0df-9549-4bb4-8af8-683201ed7aaa/resourceGroups/RG-EastUS-ARM-4/providers/Microsoft.Network/virtualNetworks/vnet-shared-01",
        "resourceGroup": "RG-EastUS-ARM-4"
      },
      {
        "id": "/subscriptions/f0afb0df-9549-4bb4-8af8-683201ed7aaa/resourceGroups/RG-EastUS-ARM-4/providers/Microsoft.OperationalInsights/workspaces/log-shared-arm-01",
        "resourceGroup": "RG-EastUS-ARM-4"
      },
      {
        "id": "/subscriptions/f0afb0df-9549-4bb4-8af8-683201ed7aaa/resourceGroups/RG-EastUS-ARM-4/providers/Microsoft.Storage/storageAccounts/stm46q3cbtam5c2",
        "resourceGroup": "RG-EastUS-ARM-4"
      },
      {
        "id": "/subscriptions/f0afb0df-9549-4bb4-8af8-683201ed7aaa/resourceGroups/RG-EastUS-ARM-4/providers/Microsoft.Storage/storageAccounts/stm46q3cbtam5c2/blobServices/default/containers/scripts",
        "resourceGroup": "RG-EastUS-ARM-4"
      }
    ],
    "outputs": null,
    "parameters": {
      "adminUsername": {
        "type": "String",
        "value": "bootstrapadmin"
      },
      "armClientObjectId": {
        "type": "String",
        "value": "385d2034-9ca3-4b02-99ca-5edc4654f183"
      },
      "dnsServers": {
        "type": "Array",
        "value": [
          "10.1.1.4",
          "168.63.129.16"
        ]
      },
      "location": {
        "type": "String",
        "value": "eastus"
      },
      "ownerObjectId": {
        "type": "String",
        "value": "d007f379-1e9f-4e5a-8758-5a424f73c1f5"
      },
      "resourceGroupName": {
        "type": "String",
        "value": "RG-EastUS-ARM-4"
      },
      "subscriptionId": {
        "type": "String",
        "value": "f0afb0df-9549-4bb4-8af8-683201ed7aaa"
      }
    },
    "parametersLink": null,
    "providers": [
      {
        "id": null,
        "namespace": "Microsoft.Resources",
        "providerAuthorizationConsentState": null,
        "registrationPolicy": null,
        "registrationState": null,
        "resourceTypes": [
          {
            "aliases": null,
            "apiProfiles": null,
            "apiVersions": null,
            "capabilities": null,
            "defaultApiVersion": null,
            "locationMappings": null,
            "locations": [
              null
            ],
            "properties": null,
            "resourceType": "deployments",
            "zoneMappings": null
          }
        ]
      }
    ],
    "provisioningState": "Succeeded",
    "templateHash": "6586550861175567386",
    "templateLink": null,
    "timestamp": "2024-05-14T20:12:41.890046+00:00",
    "validatedResources": null
  },
  "resourceGroup": "RG-EastUS-ARM-4",
  "tags": null,
  "type": "Microsoft.Resources/deployments"
}
