Starting unprovisioning process
INFO: Command ran in 753.027 seconds (init: 0.183, invoke: 752.844)
{
  "id": "/subscriptions/f0afb0df-9549-4bb4-8af8-683201ed7aaa/resourceGroups/RG-EastUS-ARM-4/providers/Microsoft.Resources/deployments/cleanup",
  "location": null,
  "name": "cleanup",
  "properties": {
    "correlationId": "f5ab8360-0058-4972-a4da-435a3aff6bd8",
    "debugSetting": null,
    "dependencies": [],
    "duration": "PT12M3.3147125S",
    "error": null,
    "mode": "Complete",
    "onErrorDeployment": null,
    "outputResources": [],
    "outputs": {},
    "parameters": {},
    "parametersLink": null,
    "providers": [],
    "provisioningState": "Succeeded",
    "templateHash": "11635883502557795404",
    "templateLink": null,
    "timestamp": "2024-05-14T20:25:14.998551+00:00",
    "validatedResources": null
  },
  "resourceGroup": "RG-EastUS-ARM-4",
  "tags": null,
  "type": "Microsoft.Resources/deployments"
}
