Starting provisioning process
{
  "id": "/subscriptions/f0afb0df-9549-4bb4-8af8-683201ed7aaa/resourceGroups/RG-AustraliaEast-ARM-1/providers/Microsoft.Resources/deployments/root",
  "location": null,
  "name": "root",
  "properties": {
    "correlationId": "4e178574-2450-4054-ba1b-8ca60516d989",
    "debugSetting": null,
    "dependencies": [
      {
        "dependsOn": [
          {
            "id": "/subscriptions/f0afb0df-9549-4bb4-8af8-683201ed7aaa/resourceGroups/RG-AustraliaEast-ARM-1/providers/Microsoft.Resources/deployments/module01",
            "resourceGroup": "RG-AustraliaEast-ARM-1",
            "resourceName": "module01",
            "resourceType": "Microsoft.Resources/deployments"
          }
        ],
        "id": "/subscriptions/f0afb0df-9549-4bb4-8af8-683201ed7aaa/resourceGroups/RG-AustraliaEast-ARM-1/providers/Microsoft.Resources/deployments/module02",
        "resourceGroup": "RG-AustraliaEast-ARM-1",
        "resourceName": "module02",
        "resourceType": "Microsoft.Resources/deployments"
      }
    ],
    "duration": "PT14M16.0746499S",
    "error": null,
    "mode": "Incremental",
    "onErrorDeployment": null,
    "outputResources": [
      {
        "id": "/subscriptions/f0afb0df-9549-4bb4-8af8-683201ed7aaa/resourceGroups/RG-AustraliaEast-ARM-1/providers/Microsoft.Compute/virtualMachines/adds1",
        "resourceGroup": "RG-AustraliaEast-ARM-1"
      },
      {
        "id": "/subscriptions/f0afb0df-9549-4bb4-8af8-683201ed7aaa/resourceGroups/RG-AustraliaEast-ARM-1/providers/Microsoft.Compute/virtualMachines/jumplinux1",
        "resourceGroup": "RG-AustraliaEast-ARM-1"
      },
      {
        "id": "/subscriptions/f0afb0df-9549-4bb4-8af8-683201ed7aaa/resourceGroups/RG-AustraliaEast-ARM-1/providers/Microsoft.KeyVault/vaults/kv-j3blbzirxyf6k",
        "resourceGroup": "RG-AustraliaEast-ARM-1"
      },
      {
        "id": "/subscriptions/f0afb0df-9549-4bb4-8af8-683201ed7aaa/resourceGroups/RG-AustraliaEast-ARM-1/providers/Microsoft.KeyVault/vaults/kv-j3blbzirxyf6k/accessPolicies/add",
        "resourceGroup": "RG-AustraliaEast-ARM-1"
      },
      {
        "id": "/subscriptions/f0afb0df-9549-4bb4-8af8-683201ed7aaa/resourceGroups/RG-AustraliaEast-ARM-1/providers/Microsoft.KeyVault/vaults/kv-j3blbzirxyf6k/secrets/adminpassword",
        "resourceGroup": "RG-AustraliaEast-ARM-1"
      },
      {
        "id": "/subscriptions/f0afb0df-9549-4bb4-8af8-683201ed7aaa/resourceGroups/RG-AustraliaEast-ARM-1/providers/Microsoft.KeyVault/vaults/kv-j3blbzirxyf6k/secrets/adminuser",
        "resourceGroup": "RG-AustraliaEast-ARM-1"
      },
      {
        "id": "/subscriptions/f0afb0df-9549-4bb4-8af8-683201ed7aaa/resourceGroups/RG-AustraliaEast-ARM-1/providers/Microsoft.KeyVault/vaults/kv-j3blbzirxyf6k/secrets/log-shared-arm-01-ID",
        "resourceGroup": "RG-AustraliaEast-ARM-1"
      },
      {
        "id": "/subscriptions/f0afb0df-9549-4bb4-8af8-683201ed7aaa/resourceGroups/RG-AustraliaEast-ARM-1/providers/Microsoft.KeyVault/vaults/kv-j3blbzirxyf6k/secrets/stj3blbzirxyf6k",
        "resourceGroup": "RG-AustraliaEast-ARM-1"
      },
      {
        "id": "/subscriptions/f0afb0df-9549-4bb4-8af8-683201ed7aaa/resourceGroups/RG-AustraliaEast-ARM-1/providers/Microsoft.Network/bastionHosts/bst-ARM-01",
        "resourceGroup": "RG-AustraliaEast-ARM-1"
      },
      {
        "id": "/subscriptions/f0afb0df-9549-4bb4-8af8-683201ed7aaa/resourceGroups/RG-AustraliaEast-ARM-1/providers/Microsoft.Network/networkInterfaces/nic-adds11",
        "resourceGroup": "RG-AustraliaEast-ARM-1"
      },
      {
        "id": "/subscriptions/f0afb0df-9549-4bb4-8af8-683201ed7aaa/resourceGroups/RG-AustraliaEast-ARM-1/providers/Microsoft.Network/networkInterfaces/nic-jumplinux1-1",
        "resourceGroup": "RG-AustraliaEast-ARM-1"
      },
      {
        "id": "/subscriptions/f0afb0df-9549-4bb4-8af8-683201ed7aaa/resourceGroups/RG-AustraliaEast-ARM-1/providers/Microsoft.Network/networkInterfaces/nic-jumpwin1-1",
        "resourceGroup": "RG-AustraliaEast-ARM-1"
      },
      {
        "id": "/subscriptions/f0afb0df-9549-4bb4-8af8-683201ed7aaa/resourceGroups/RG-AustraliaEast-ARM-1/providers/Microsoft.Network/networkSecurityGroups/nsg-vnet-app-01.snet-app-01",
        "resourceGroup": "RG-AustraliaEast-ARM-1"
      },
      {
        "id": "/subscriptions/f0afb0df-9549-4bb4-8af8-683201ed7aaa/resourceGroups/RG-AustraliaEast-ARM-1/providers/Microsoft.Network/networkSecurityGroups/nsg-vnet-app-01.snet-db-01",
        "resourceGroup": "RG-AustraliaEast-ARM-1"
      },
      {
        "id": "/subscriptions/f0afb0df-9549-4bb4-8af8-683201ed7aaa/resourceGroups/RG-AustraliaEast-ARM-1/providers/Microsoft.Network/networkSecurityGroups/nsg-vnet-app-01.snet-misc-03",
        "resourceGroup": "RG-AustraliaEast-ARM-1"
      },
      {
        "id": "/subscriptions/f0afb0df-9549-4bb4-8af8-683201ed7aaa/resourceGroups/RG-AustraliaEast-ARM-1/providers/Microsoft.Network/networkSecurityGroups/nsg-vnet-app-01.snet-privatelink-01",
        "resourceGroup": "RG-AustraliaEast-ARM-1"
      },
      {
        "id": "/subscriptions/f0afb0df-9549-4bb4-8af8-683201ed7aaa/resourceGroups/RG-AustraliaEast-ARM-1/providers/Microsoft.Network/networkSecurityGroups/nsg-vnet-shared-01.AzureBastionSubnet",
        "resourceGroup": "RG-AustraliaEast-ARM-1"
      },
      {
        "id": "/subscriptions/f0afb0df-9549-4bb4-8af8-683201ed7aaa/resourceGroups/RG-AustraliaEast-ARM-1/providers/Microsoft.Network/networkSecurityGroups/nsg-vnet-shared-01.snet-adds-01",
        "resourceGroup": "RG-AustraliaEast-ARM-1"
      },
      {
        "id": "/subscriptions/f0afb0df-9549-4bb4-8af8-683201ed7aaa/resourceGroups/RG-AustraliaEast-ARM-1/providers/Microsoft.Network/networkSecurityGroups/nsg-vnet-shared-01.snet-misc-01",
        "resourceGroup": "RG-AustraliaEast-ARM-1"
      },
      {
        "id": "/subscriptions/f0afb0df-9549-4bb4-8af8-683201ed7aaa/resourceGroups/RG-AustraliaEast-ARM-1/providers/Microsoft.Network/networkSecurityGroups/nsg-vnet-shared-01.snet-misc-02",
        "resourceGroup": "RG-AustraliaEast-ARM-1"
      },
      {
        "id": "/subscriptions/f0afb0df-9549-4bb4-8af8-683201ed7aaa/resourceGroups/RG-AustraliaEast-ARM-1/providers/Microsoft.Network/privateDnsZones/privatelink.database.windows.net",
        "resourceGroup": "RG-AustraliaEast-ARM-1"
      },
      {
        "id": "/subscriptions/f0afb0df-9549-4bb4-8af8-683201ed7aaa/resourceGroups/RG-AustraliaEast-ARM-1/providers/Microsoft.Network/privateDnsZones/privatelink.database.windows.net/virtualNetworkLinks/pdnslink-privatelink.database.windows.net-vnet-app-01",
        "resourceGroup": "RG-AustraliaEast-ARM-1"
      },
      {
        "id": "/subscriptions/f0afb0df-9549-4bb4-8af8-683201ed7aaa/resourceGroups/RG-AustraliaEast-ARM-1/providers/Microsoft.Network/privateDnsZones/privatelink.database.windows.net/virtualNetworkLinks/pdnslink-privatelink.database.windows.net-vnet-shared-01",
        "resourceGroup": "RG-AustraliaEast-ARM-1"
      },
      {
        "id": "/subscriptions/f0afb0df-9549-4bb4-8af8-683201ed7aaa/resourceGroups/RG-AustraliaEast-ARM-1/providers/Microsoft.Network/privateDnsZones/privatelink.file.core.windows.net",
        "resourceGroup": "RG-AustraliaEast-ARM-1"
      },
      {
        "id": "/subscriptions/f0afb0df-9549-4bb4-8af8-683201ed7aaa/resourceGroups/RG-AustraliaEast-ARM-1/providers/Microsoft.Network/privateDnsZones/privatelink.file.core.windows.net/A/stj3blbzirxyf6k",
        "resourceGroup": "RG-AustraliaEast-ARM-1"
      },
      {
        "id": "/subscriptions/f0afb0df-9549-4bb4-8af8-683201ed7aaa/resourceGroups/RG-AustraliaEast-ARM-1/providers/Microsoft.Network/privateDnsZones/privatelink.file.core.windows.net/virtualNetworkLinks/pdnslink-privatelink.file.core.windows.net-vnet-app-01",
        "resourceGroup": "RG-AustraliaEast-ARM-1"
      },
      {
        "id": "/subscriptions/f0afb0df-9549-4bb4-8af8-683201ed7aaa/resourceGroups/RG-AustraliaEast-ARM-1/providers/Microsoft.Network/privateDnsZones/privatelink.file.core.windows.net/virtualNetworkLinks/pdnslink-privatelink.file.core.windows.net-vnet-shared-01",
        "resourceGroup": "RG-AustraliaEast-ARM-1"
      },
      {
        "id": "/subscriptions/f0afb0df-9549-4bb4-8af8-683201ed7aaa/resourceGroups/RG-AustraliaEast-ARM-1/providers/Microsoft.Network/privateDnsZones/privatelink.mysql.database.azure.com",
        "resourceGroup": "RG-AustraliaEast-ARM-1"
      },
      {
        "id": "/subscriptions/f0afb0df-9549-4bb4-8af8-683201ed7aaa/resourceGroups/RG-AustraliaEast-ARM-1/providers/Microsoft.Network/privateDnsZones/privatelink.mysql.database.azure.com/virtualNetworkLinks/pdnslink-privatelink.mysql.database.azure.com-vnet-app-01",
        "resourceGroup": "RG-AustraliaEast-ARM-1"
      },
      {
        "id": "/subscriptions/f0afb0df-9549-4bb4-8af8-683201ed7aaa/resourceGroups/RG-AustraliaEast-ARM-1/providers/Microsoft.Network/privateDnsZones/privatelink.mysql.database.azure.com/virtualNetworkLinks/pdnslink-privatelink.mysql.database.azure.com-vnet-shared-01",
        "resourceGroup": "RG-AustraliaEast-ARM-1"
      },
      {
        "id": "/subscriptions/f0afb0df-9549-4bb4-8af8-683201ed7aaa/resourceGroups/RG-AustraliaEast-ARM-1/providers/Microsoft.Network/privateEndpoints/pend-stj3blbzirxyf6k-file",
        "resourceGroup": "RG-AustraliaEast-ARM-1"
      },
      {
        "id": "/subscriptions/f0afb0df-9549-4bb4-8af8-683201ed7aaa/resourceGroups/RG-AustraliaEast-ARM-1/providers/Microsoft.Network/publicIPAddresses/pip-bst-ARM-01",
        "resourceGroup": "RG-AustraliaEast-ARM-1"
      },
      {
        "id": "/subscriptions/f0afb0df-9549-4bb4-8af8-683201ed7aaa/resourceGroups/RG-AustraliaEast-ARM-1/providers/Microsoft.Network/virtualNetworks/vnet-app-01",
        "resourceGroup": "RG-AustraliaEast-ARM-1"
      },
      {
        "id": "/subscriptions/f0afb0df-9549-4bb4-8af8-683201ed7aaa/resourceGroups/RG-AustraliaEast-ARM-1/providers/Microsoft.Network/virtualNetworks/vnet-app-01/virtualNetworkPeerings/vnet_app_01_to_vnet_shared_01_peering",
        "resourceGroup": "RG-AustraliaEast-ARM-1"
      },
      {
        "id": "/subscriptions/f0afb0df-9549-4bb4-8af8-683201ed7aaa/resourceGroups/RG-AustraliaEast-ARM-1/providers/Microsoft.Network/virtualNetworks/vnet-shared-01",
        "resourceGroup": "RG-AustraliaEast-ARM-1"
      },
      {
        "id": "/subscriptions/f0afb0df-9549-4bb4-8af8-683201ed7aaa/resourceGroups/RG-AustraliaEast-ARM-1/providers/Microsoft.Network/virtualNetworks/vnet-shared-01/virtualNetworkPeerings/vnet_shared_01_to_vnet_app_01_peering",
        "resourceGroup": "RG-AustraliaEast-ARM-1"
      },
      {
        "id": "/subscriptions/f0afb0df-9549-4bb4-8af8-683201ed7aaa/resourceGroups/RG-AustraliaEast-ARM-1/providers/Microsoft.OperationalInsights/workspaces/log-shared-arm-01",
        "resourceGroup": "RG-AustraliaEast-ARM-1"
      },
      {
        "id": "/subscriptions/f0afb0df-9549-4bb4-8af8-683201ed7aaa/resourceGroups/RG-AustraliaEast-ARM-1/providers/Microsoft.Storage/storageAccounts/stj3blbzirxyf6k",
        "resourceGroup": "RG-AustraliaEast-ARM-1"
      },
      {
        "id": "/subscriptions/f0afb0df-9549-4bb4-8af8-683201ed7aaa/resourceGroups/RG-AustraliaEast-ARM-1/providers/Microsoft.Storage/storageAccounts/stj3blbzirxyf6k/blobServices/default/containers/scripts",
        "resourceGroup": "RG-AustraliaEast-ARM-1"
      },
      {
        "id": "/subscriptions/f0afb0df-9549-4bb4-8af8-683201ed7aaa/resourceGroups/RG-AustraliaEast-ARM-1/providers/Microsoft.Storage/storageAccounts/stj3blbzirxyf6k/fileServices/default/shares/myfileshare",
        "resourceGroup": "RG-AustraliaEast-ARM-1"
      }
    ],
    "outputs": null,
    "parameters": {
      "adminUsername": {
        "type": "String",
        "value": "bootstrapadmin"
      },
      "armClientObjectId": {
        "type": "String",
        "value": "385d2034-9ca3-4b02-99ca-5edc4654f183"
      },
      "dnsServers": {
        "type": "Array",
        "value": [
          "10.1.1.4",
          "168.63.129.16"
        ]
      },
      "location": {
        "type": "String",
        "value": "australiaeast"
      },
      "ownerObjectId": {
        "type": "String",
        "value": "d007f379-1e9f-4e5a-8758-5a424f73c1f5"
      },
      "resourceGroupName": {
        "type": "String",
        "value": "RG-AustraliaEast-ARM-1"
      },
      "subscriptionId": {
        "type": "String",
        "value": "f0afb0df-9549-4bb4-8af8-683201ed7aaa"
      }
    },
    "parametersLink": null,
    "providers": [
      {
        "id": null,
        "namespace": "Microsoft.Resources",
        "providerAuthorizationConsentState": null,
        "registrationPolicy": null,
        "registrationState": null,
        "resourceTypes": [
          {
            "aliases": null,
            "apiProfiles": null,
            "apiVersions": null,
            "capabilities": null,
            "defaultApiVersion": null,
            "locationMappings": null,
            "locations": [
              null
            ],
            "properties": null,
            "resourceType": "deployments",
            "zoneMappings": null
          }
        ]
      }
    ],
    "provisioningState": "Succeeded",
    "templateHash": "12215132700357445030",
    "templateLink": null,
    "timestamp": "2024-05-15T10:25:53.078638+00:00",
    "validatedResources": null
  },
  "resourceGroup": "RG-AustraliaEast-ARM-1",
  "tags": null,
  "type": "Microsoft.Resources/deployments"
}
INFO: Command ran in 887.167 seconds (init: 0.179, invoke: 886.988)
