Starting unprovisioning process
WARNING: A new Bicep release is available: v0.27.1. Upgrade now by running "az bicep upgrade".
INFO: Command ran in 695.708 seconds (init: 0.180, invoke: 695.528)
{
  "id": "/subscriptions/f0afb0df-9549-4bb4-8af8-683201ed7aaa/resourceGroups/RG-AustraliaEast-bicep-4/providers/Microsoft.Resources/deployments/cleanup",
  "location": null,
  "name": "cleanup",
  "properties": {
    "correlationId": "8169d684-37a0-4f5d-922a-323862202e93",
    "debugSetting": null,
    "dependencies": [],
    "duration": "PT11M9.1432677S",
    "error": null,
    "mode": "Complete",
    "onErrorDeployment": null,
    "outputResources": [],
    "outputs": null,
    "parameters": null,
    "parametersLink": null,
    "providers": [],
    "provisioningState": "Succeeded",
    "templateHash": "6609161197123188811",
    "templateLink": null,
    "timestamp": "2024-05-18T22:32:04.167157+00:00",
    "validatedResources": null
  },
  "resourceGroup": "RG-AustraliaEast-bicep-4",
  "tags": null,
  "type": "Microsoft.Resources/deployments"
}
