Starting unprovisioning process
INFO: Command ran in 693.248 seconds (init: 0.177, invoke: 693.071)
{
  "id": "/subscriptions/f0afb0df-9549-4bb4-8af8-683201ed7aaa/resourceGroups/RG-EastUS-ARM-5/providers/Microsoft.Resources/deployments/cleanup",
  "location": null,
  "name": "cleanup",
  "properties": {
    "correlationId": "0e861442-b807-42ca-95ac-08ca15299ea1",
    "debugSetting": null,
    "dependencies": [],
    "duration": "PT11M2.9650312S",
    "error": null,
    "mode": "Complete",
    "onErrorDeployment": null,
    "outputResources": [],
    "outputs": {},
    "parameters": {},
    "parametersLink": null,
    "providers": [],
    "provisioningState": "Succeeded",
    "templateHash": "11635883502557795404",
    "templateLink": null,
    "timestamp": "2024-05-16T02:58:24.074769+00:00",
    "validatedResources": null
  },
  "resourceGroup": "RG-EastUS-ARM-5",
  "tags": null,
  "type": "Microsoft.Resources/deployments"
}
