Starting unprovisioning process
WARNING: A new Bicep release is available: v0.27.1. Upgrade now by running "az bicep upgrade".
INFO: Command ran in 696.632 seconds (init: 0.186, invoke: 696.446)
{
  "id": "/subscriptions/f0afb0df-9549-4bb4-8af8-683201ed7aaa/resourceGroups/RG-EastUS-bicep-3/providers/Microsoft.Resources/deployments/cleanup",
  "location": null,
  "name": "cleanup",
  "properties": {
    "correlationId": "7d467271-c735-4035-9c5e-af9382413b8b",
    "debugSetting": null,
    "dependencies": [],
    "duration": "PT11M2.5090953S",
    "error": null,
    "mode": "Complete",
    "onErrorDeployment": null,
    "outputResources": [],
    "outputs": null,
    "parameters": null,
    "parametersLink": null,
    "providers": [],
    "provisioningState": "Succeeded",
    "templateHash": "6609161197123188811",
    "templateLink": null,
    "timestamp": "2024-05-20T15:41:53.745344+00:00",
    "validatedResources": null
  },
  "resourceGroup": "RG-EastUS-bicep-3",
  "tags": null,
  "type": "Microsoft.Resources/deployments"
}
