Starting unprovisioning process
INFO: Command ran in 401.759 seconds (init: 0.181, invoke: 401.578)
{
  "id": "/subscriptions/f0afb0df-9549-4bb4-8af8-683201ed7aaa/resourceGroups/RG-SwedenCentral-ARM-4/providers/Microsoft.Resources/deployments/cleanup",
  "location": null,
  "name": "cleanup",
  "properties": {
    "correlationId": "5c454c51-0920-4738-a37d-4f9e124c3e55",
    "debugSetting": null,
    "dependencies": [],
    "duration": "PT6M6.0776728S",
    "error": null,
    "mode": "Complete",
    "onErrorDeployment": null,
    "outputResources": [],
    "outputs": {},
    "parameters": {},
    "parametersLink": null,
    "providers": [],
    "provisioningState": "Succeeded",
    "templateHash": "11635883502557795404",
    "templateLink": null,
    "timestamp": "2024-05-20T21:49:15.721955+00:00",
    "validatedResources": null
  },
  "resourceGroup": "RG-SwedenCentral-ARM-4",
  "tags": null,
  "type": "Microsoft.Resources/deployments"
}
