Starting unprovisioning process
WARNING: A new Bicep release is available: v0.26.170. Upgrade now by running "az bicep upgrade".
INFO: Command ran in 704.192 seconds (init: 0.223, invoke: 703.969)
{
  "id": "/subscriptions/33f27ac9-52ef-43de-b518-ef0b994e7f1b/resourceGroups/RG-AustraliaEast-bicep-3/providers/Microsoft.Resources/deployments/cleanup",
  "location": null,
  "name": "cleanup",
  "properties": {
    "correlationId": "52d5082d-71d4-4efe-9085-19155c5e1958",
    "debugSetting": null,
    "dependencies": [],
    "duration": "PT11M10.3755611S",
    "error": null,
    "mode": "Complete",
    "onErrorDeployment": null,
    "outputResources": [],
    "outputs": null,
    "parameters": null,
    "parametersLink": null,
    "providers": [],
    "provisioningState": "Succeeded",
    "templateHash": "6609161197123188811",
    "templateLink": null,
    "timestamp": "2024-04-21T12:31:57.184930+00:00",
    "validatedResources": null
  },
  "resourceGroup": "RG-AustraliaEast-bicep-3",
  "tags": null,
  "type": "Microsoft.Resources/deployments"
}
