Starting unprovisioning process
INFO: Command ran in 704.445 seconds (init: 0.205, invoke: 704.240)
{
  "id": "/subscriptions/f0afb0df-9549-4bb4-8af8-683201ed7aaa/resourceGroups/RG-AustraliaEast-bicep-3/providers/Microsoft.Resources/deployments/cleanup",
  "location": null,
  "name": "cleanup",
  "properties": {
    "correlationId": "32942574-f509-4643-b6ee-980ff50c06f9",
    "debugSetting": null,
    "dependencies": [],
    "duration": "PT11M17.6381266S",
    "error": null,
    "mode": "Complete",
    "onErrorDeployment": null,
    "outputResources": [],
    "outputs": {},
    "parameters": {},
    "parametersLink": null,
    "providers": [],
    "provisioningState": "Succeeded",
    "templateHash": "11635883502557795404",
    "templateLink": null,
    "timestamp": "2024-06-01T18:03:36.959895+00:00",
    "validatedResources": null
  },
  "resourceGroup": "RG-AustraliaEast-bicep-3",
  "tags": null,
  "type": "Microsoft.Resources/deployments"
}
