Starting provisioning process
{
  "id": "/subscriptions/f0afb0df-9549-4bb4-8af8-683201ed7aaa/resourceGroups/RG-AustraliaEast-ARM-4/providers/Microsoft.Resources/deployments/root",
  "location": null,
  "name": "root",
  "properties": {
    "correlationId": "f30592ee-658d-4278-bb77-0da5dd3373f8",
    "debugSetting": null,
    "dependencies": [
      {
        "dependsOn": [
          {
            "id": "/subscriptions/f0afb0df-9549-4bb4-8af8-683201ed7aaa/resourceGroups/RG-AustraliaEast-ARM-4/providers/Microsoft.Resources/deployments/module01",
            "resourceGroup": "RG-AustraliaEast-ARM-4",
            "resourceName": "module01",
            "resourceType": "Microsoft.Resources/deployments"
          }
        ],
        "id": "/subscriptions/f0afb0df-9549-4bb4-8af8-683201ed7aaa/resourceGroups/RG-AustraliaEast-ARM-4/providers/Microsoft.Resources/deployments/module02",
        "resourceGroup": "RG-AustraliaEast-ARM-4",
        "resourceName": "module02",
        "resourceType": "Microsoft.Resources/deployments"
      },
      {
        "dependsOn": [
          {
            "id": "/subscriptions/f0afb0df-9549-4bb4-8af8-683201ed7aaa/resourceGroups/RG-AustraliaEast-ARM-4/providers/Microsoft.Resources/deployments/module01",
            "resourceGroup": "RG-AustraliaEast-ARM-4",
            "resourceName": "module01",
            "resourceType": "Microsoft.Resources/deployments"
          },
          {
            "id": "/subscriptions/f0afb0df-9549-4bb4-8af8-683201ed7aaa/resourceGroups/RG-AustraliaEast-ARM-4/providers/Microsoft.Resources/deployments/module02",
            "resourceGroup": "RG-AustraliaEast-ARM-4",
            "resourceName": "module02",
            "resourceType": "Microsoft.Resources/deployments"
          }
        ],
        "id": "/subscriptions/f0afb0df-9549-4bb4-8af8-683201ed7aaa/resourceGroups/RG-AustraliaEast-ARM-4/providers/Microsoft.Resources/deployments/module03",
        "resourceGroup": "RG-AustraliaEast-ARM-4",
        "resourceName": "module03",
        "resourceType": "Microsoft.Resources/deployments"
      },
      {
        "dependsOn": [
          {
            "id": "/subscriptions/f0afb0df-9549-4bb4-8af8-683201ed7aaa/resourceGroups/RG-AustraliaEast-ARM-4/providers/Microsoft.Resources/deployments/module01",
            "resourceGroup": "RG-AustraliaEast-ARM-4",
            "resourceName": "module01",
            "resourceType": "Microsoft.Resources/deployments"
          },
          {
            "id": "/subscriptions/f0afb0df-9549-4bb4-8af8-683201ed7aaa/resourceGroups/RG-AustraliaEast-ARM-4/providers/Microsoft.Resources/deployments/module02",
            "resourceGroup": "RG-AustraliaEast-ARM-4",
            "resourceName": "module02",
            "resourceType": "Microsoft.Resources/deployments"
          }
        ],
        "id": "/subscriptions/f0afb0df-9549-4bb4-8af8-683201ed7aaa/resourceGroups/RG-AustraliaEast-ARM-4/providers/Microsoft.Resources/deployments/module04",
        "resourceGroup": "RG-AustraliaEast-ARM-4",
        "resourceName": "module04",
        "resourceType": "Microsoft.Resources/deployments"
      }
    ],
    "duration": "PT25M19.2534468S",
    "error": null,
    "mode": "Incremental",
    "onErrorDeployment": null,
    "outputResources": [
      {
        "id": "/subscriptions/f0afb0df-9549-4bb4-8af8-683201ed7aaa/resourceGroups/RG-AustraliaEast-ARM-4/providers/Microsoft.Compute/disks/disk-mssqlwin1vol_sqldata_M",
        "resourceGroup": "RG-AustraliaEast-ARM-4"
      },
      {
        "id": "/subscriptions/f0afb0df-9549-4bb4-8af8-683201ed7aaa/resourceGroups/RG-AustraliaEast-ARM-4/providers/Microsoft.Compute/disks/disk-mssqlwin1vol_sqllog_L",
        "resourceGroup": "RG-AustraliaEast-ARM-4"
      },
      {
        "id": "/subscriptions/f0afb0df-9549-4bb4-8af8-683201ed7aaa/resourceGroups/RG-AustraliaEast-ARM-4/providers/Microsoft.Compute/virtualMachines/adds1",
        "resourceGroup": "RG-AustraliaEast-ARM-4"
      },
      {
        "id": "/subscriptions/f0afb0df-9549-4bb4-8af8-683201ed7aaa/resourceGroups/RG-AustraliaEast-ARM-4/providers/Microsoft.Compute/virtualMachines/jumplinux1",
        "resourceGroup": "RG-AustraliaEast-ARM-4"
      },
      {
        "id": "/subscriptions/f0afb0df-9549-4bb4-8af8-683201ed7aaa/resourceGroups/RG-AustraliaEast-ARM-4/providers/Microsoft.Compute/virtualMachines/mssqlwin1",
        "resourceGroup": "RG-AustraliaEast-ARM-4"
      },
      {
        "id": "/subscriptions/f0afb0df-9549-4bb4-8af8-683201ed7aaa/resourceGroups/RG-AustraliaEast-ARM-4/providers/Microsoft.DBforMySQL/flexibleServers/mysql-ttkueew3ipf3y",
        "resourceGroup": "RG-AustraliaEast-ARM-4"
      },
      {
        "id": "/subscriptions/f0afb0df-9549-4bb4-8af8-683201ed7aaa/resourceGroups/RG-AustraliaEast-ARM-4/providers/Microsoft.DBforMySQL/flexibleServers/mysql-ttkueew3ipf3y/databases/testdb",
        "resourceGroup": "RG-AustraliaEast-ARM-4"
      },
      {
        "id": "/subscriptions/f0afb0df-9549-4bb4-8af8-683201ed7aaa/resourceGroups/RG-AustraliaEast-ARM-4/providers/Microsoft.KeyVault/vaults/kv-ttkueew3ipf3y",
        "resourceGroup": "RG-AustraliaEast-ARM-4"
      },
      {
        "id": "/subscriptions/f0afb0df-9549-4bb4-8af8-683201ed7aaa/resourceGroups/RG-AustraliaEast-ARM-4/providers/Microsoft.KeyVault/vaults/kv-ttkueew3ipf3y/accessPolicies/add",
        "resourceGroup": "RG-AustraliaEast-ARM-4"
      },
      {
        "id": "/subscriptions/f0afb0df-9549-4bb4-8af8-683201ed7aaa/resourceGroups/RG-AustraliaEast-ARM-4/providers/Microsoft.KeyVault/vaults/kv-ttkueew3ipf3y/secrets/adminpassword",
        "resourceGroup": "RG-AustraliaEast-ARM-4"
      },
      {
        "id": "/subscriptions/f0afb0df-9549-4bb4-8af8-683201ed7aaa/resourceGroups/RG-AustraliaEast-ARM-4/providers/Microsoft.KeyVault/vaults/kv-ttkueew3ipf3y/secrets/adminuser",
        "resourceGroup": "RG-AustraliaEast-ARM-4"
      },
      {
        "id": "/subscriptions/f0afb0df-9549-4bb4-8af8-683201ed7aaa/resourceGroups/RG-AustraliaEast-ARM-4/providers/Microsoft.KeyVault/vaults/kv-ttkueew3ipf3y/secrets/log-shared-arm-01-ID",
        "resourceGroup": "RG-AustraliaEast-ARM-4"
      },
      {
        "id": "/subscriptions/f0afb0df-9549-4bb4-8af8-683201ed7aaa/resourceGroups/RG-AustraliaEast-ARM-4/providers/Microsoft.KeyVault/vaults/kv-ttkueew3ipf3y/secrets/stttkueew3ipf3y",
        "resourceGroup": "RG-AustraliaEast-ARM-4"
      },
      {
        "id": "/subscriptions/f0afb0df-9549-4bb4-8af8-683201ed7aaa/resourceGroups/RG-AustraliaEast-ARM-4/providers/Microsoft.Network/bastionHosts/bst-ARM-01",
        "resourceGroup": "RG-AustraliaEast-ARM-4"
      },
      {
        "id": "/subscriptions/f0afb0df-9549-4bb4-8af8-683201ed7aaa/resourceGroups/RG-AustraliaEast-ARM-4/providers/Microsoft.Network/networkInterfaces/nic-adds11",
        "resourceGroup": "RG-AustraliaEast-ARM-4"
      },
      {
        "id": "/subscriptions/f0afb0df-9549-4bb4-8af8-683201ed7aaa/resourceGroups/RG-AustraliaEast-ARM-4/providers/Microsoft.Network/networkInterfaces/nic-jumplinux1-1",
        "resourceGroup": "RG-AustraliaEast-ARM-4"
      },
      {
        "id": "/subscriptions/f0afb0df-9549-4bb4-8af8-683201ed7aaa/resourceGroups/RG-AustraliaEast-ARM-4/providers/Microsoft.Network/networkInterfaces/nic-jumpwin1-1",
        "resourceGroup": "RG-AustraliaEast-ARM-4"
      },
      {
        "id": "/subscriptions/f0afb0df-9549-4bb4-8af8-683201ed7aaa/resourceGroups/RG-AustraliaEast-ARM-4/providers/Microsoft.Network/networkInterfaces/nic-mssqlwin1-1",
        "resourceGroup": "RG-AustraliaEast-ARM-4"
      },
      {
        "id": "/subscriptions/f0afb0df-9549-4bb4-8af8-683201ed7aaa/resourceGroups/RG-AustraliaEast-ARM-4/providers/Microsoft.Network/networkSecurityGroups/nsg-vnet-app-01.snet-app-01",
        "resourceGroup": "RG-AustraliaEast-ARM-4"
      },
      {
        "id": "/subscriptions/f0afb0df-9549-4bb4-8af8-683201ed7aaa/resourceGroups/RG-AustraliaEast-ARM-4/providers/Microsoft.Network/networkSecurityGroups/nsg-vnet-app-01.snet-db-01",
        "resourceGroup": "RG-AustraliaEast-ARM-4"
      },
      {
        "id": "/subscriptions/f0afb0df-9549-4bb4-8af8-683201ed7aaa/resourceGroups/RG-AustraliaEast-ARM-4/providers/Microsoft.Network/networkSecurityGroups/nsg-vnet-app-01.snet-misc-03",
        "resourceGroup": "RG-AustraliaEast-ARM-4"
      },
      {
        "id": "/subscriptions/f0afb0df-9549-4bb4-8af8-683201ed7aaa/resourceGroups/RG-AustraliaEast-ARM-4/providers/Microsoft.Network/networkSecurityGroups/nsg-vnet-app-01.snet-privatelink-01",
        "resourceGroup": "RG-AustraliaEast-ARM-4"
      },
      {
        "id": "/subscriptions/f0afb0df-9549-4bb4-8af8-683201ed7aaa/resourceGroups/RG-AustraliaEast-ARM-4/providers/Microsoft.Network/networkSecurityGroups/nsg-vnet-shared-01.AzureBastionSubnet",
        "resourceGroup": "RG-AustraliaEast-ARM-4"
      },
      {
        "id": "/subscriptions/f0afb0df-9549-4bb4-8af8-683201ed7aaa/resourceGroups/RG-AustraliaEast-ARM-4/providers/Microsoft.Network/networkSecurityGroups/nsg-vnet-shared-01.snet-adds-01",
        "resourceGroup": "RG-AustraliaEast-ARM-4"
      },
      {
        "id": "/subscriptions/f0afb0df-9549-4bb4-8af8-683201ed7aaa/resourceGroups/RG-AustraliaEast-ARM-4/providers/Microsoft.Network/networkSecurityGroups/nsg-vnet-shared-01.snet-misc-01",
        "resourceGroup": "RG-AustraliaEast-ARM-4"
      },
      {
        "id": "/subscriptions/f0afb0df-9549-4bb4-8af8-683201ed7aaa/resourceGroups/RG-AustraliaEast-ARM-4/providers/Microsoft.Network/networkSecurityGroups/nsg-vnet-shared-01.snet-misc-02",
        "resourceGroup": "RG-AustraliaEast-ARM-4"
      },
      {
        "id": "/subscriptions/f0afb0df-9549-4bb4-8af8-683201ed7aaa/resourceGroups/RG-AustraliaEast-ARM-4/providers/Microsoft.Network/privateDnsZones/privatelink.database.windows.net",
        "resourceGroup": "RG-AustraliaEast-ARM-4"
      },
      {
        "id": "/subscriptions/f0afb0df-9549-4bb4-8af8-683201ed7aaa/resourceGroups/RG-AustraliaEast-ARM-4/providers/Microsoft.Network/privateDnsZones/privatelink.database.windows.net/virtualNetworkLinks/pdnslink-privatelink.database.windows.net-vnet-app-01",
        "resourceGroup": "RG-AustraliaEast-ARM-4"
      },
      {
        "id": "/subscriptions/f0afb0df-9549-4bb4-8af8-683201ed7aaa/resourceGroups/RG-AustraliaEast-ARM-4/providers/Microsoft.Network/privateDnsZones/privatelink.database.windows.net/virtualNetworkLinks/pdnslink-privatelink.database.windows.net-vnet-shared-01",
        "resourceGroup": "RG-AustraliaEast-ARM-4"
      },
      {
        "id": "/subscriptions/f0afb0df-9549-4bb4-8af8-683201ed7aaa/resourceGroups/RG-AustraliaEast-ARM-4/providers/Microsoft.Network/privateDnsZones/privatelink.file.core.windows.net",
        "resourceGroup": "RG-AustraliaEast-ARM-4"
      },
      {
        "id": "/subscriptions/f0afb0df-9549-4bb4-8af8-683201ed7aaa/resourceGroups/RG-AustraliaEast-ARM-4/providers/Microsoft.Network/privateDnsZones/privatelink.file.core.windows.net/A/stttkueew3ipf3y",
        "resourceGroup": "RG-AustraliaEast-ARM-4"
      },
      {
        "id": "/subscriptions/f0afb0df-9549-4bb4-8af8-683201ed7aaa/resourceGroups/RG-AustraliaEast-ARM-4/providers/Microsoft.Network/privateDnsZones/privatelink.file.core.windows.net/virtualNetworkLinks/pdnslink-privatelink.file.core.windows.net-vnet-app-01",
        "resourceGroup": "RG-AustraliaEast-ARM-4"
      },
      {
        "id": "/subscriptions/f0afb0df-9549-4bb4-8af8-683201ed7aaa/resourceGroups/RG-AustraliaEast-ARM-4/providers/Microsoft.Network/privateDnsZones/privatelink.file.core.windows.net/virtualNetworkLinks/pdnslink-privatelink.file.core.windows.net-vnet-shared-01",
        "resourceGroup": "RG-AustraliaEast-ARM-4"
      },
      {
        "id": "/subscriptions/f0afb0df-9549-4bb4-8af8-683201ed7aaa/resourceGroups/RG-AustraliaEast-ARM-4/providers/Microsoft.Network/privateDnsZones/privatelink.mysql.database.azure.com",
        "resourceGroup": "RG-AustraliaEast-ARM-4"
      },
      {
        "id": "/subscriptions/f0afb0df-9549-4bb4-8af8-683201ed7aaa/resourceGroups/RG-AustraliaEast-ARM-4/providers/Microsoft.Network/privateDnsZones/privatelink.mysql.database.azure.com/A/mysql-ttkueew3ipf3y",
        "resourceGroup": "RG-AustraliaEast-ARM-4"
      },
      {
        "id": "/subscriptions/f0afb0df-9549-4bb4-8af8-683201ed7aaa/resourceGroups/RG-AustraliaEast-ARM-4/providers/Microsoft.Network/privateDnsZones/privatelink.mysql.database.azure.com/virtualNetworkLinks/pdnslink-privatelink.mysql.database.azure.com-vnet-app-01",
        "resourceGroup": "RG-AustraliaEast-ARM-4"
      },
      {
        "id": "/subscriptions/f0afb0df-9549-4bb4-8af8-683201ed7aaa/resourceGroups/RG-AustraliaEast-ARM-4/providers/Microsoft.Network/privateDnsZones/privatelink.mysql.database.azure.com/virtualNetworkLinks/pdnslink-privatelink.mysql.database.azure.com-vnet-shared-01",
        "resourceGroup": "RG-AustraliaEast-ARM-4"
      },
      {
        "id": "/subscriptions/f0afb0df-9549-4bb4-8af8-683201ed7aaa/resourceGroups/RG-AustraliaEast-ARM-4/providers/Microsoft.Network/privateEndpoints/pend-mysql-ttkueew3ipf3y",
        "resourceGroup": "RG-AustraliaEast-ARM-4"
      },
      {
        "id": "/subscriptions/f0afb0df-9549-4bb4-8af8-683201ed7aaa/resourceGroups/RG-AustraliaEast-ARM-4/providers/Microsoft.Network/privateEndpoints/pend-stttkueew3ipf3y-file",
        "resourceGroup": "RG-AustraliaEast-ARM-4"
      },
      {
        "id": "/subscriptions/f0afb0df-9549-4bb4-8af8-683201ed7aaa/resourceGroups/RG-AustraliaEast-ARM-4/providers/Microsoft.Network/publicIPAddresses/pip-bst-ARM-01",
        "resourceGroup": "RG-AustraliaEast-ARM-4"
      },
      {
        "id": "/subscriptions/f0afb0df-9549-4bb4-8af8-683201ed7aaa/resourceGroups/RG-AustraliaEast-ARM-4/providers/Microsoft.Network/virtualNetworks/vnet-app-01",
        "resourceGroup": "RG-AustraliaEast-ARM-4"
      },
      {
        "id": "/subscriptions/f0afb0df-9549-4bb4-8af8-683201ed7aaa/resourceGroups/RG-AustraliaEast-ARM-4/providers/Microsoft.Network/virtualNetworks/vnet-app-01/virtualNetworkPeerings/vnet_app_01_to_vnet_shared_01_peering",
        "resourceGroup": "RG-AustraliaEast-ARM-4"
      },
      {
        "id": "/subscriptions/f0afb0df-9549-4bb4-8af8-683201ed7aaa/resourceGroups/RG-AustraliaEast-ARM-4/providers/Microsoft.Network/virtualNetworks/vnet-shared-01",
        "resourceGroup": "RG-AustraliaEast-ARM-4"
      },
      {
        "id": "/subscriptions/f0afb0df-9549-4bb4-8af8-683201ed7aaa/resourceGroups/RG-AustraliaEast-ARM-4/providers/Microsoft.Network/virtualNetworks/vnet-shared-01/virtualNetworkPeerings/vnet_shared_01_to_vnet_app_01_peering",
        "resourceGroup": "RG-AustraliaEast-ARM-4"
      },
      {
        "id": "/subscriptions/f0afb0df-9549-4bb4-8af8-683201ed7aaa/resourceGroups/RG-AustraliaEast-ARM-4/providers/Microsoft.OperationalInsights/workspaces/log-shared-arm-01",
        "resourceGroup": "RG-AustraliaEast-ARM-4"
      },
      {
        "id": "/subscriptions/f0afb0df-9549-4bb4-8af8-683201ed7aaa/resourceGroups/RG-AustraliaEast-ARM-4/providers/Microsoft.Storage/storageAccounts/stttkueew3ipf3y",
        "resourceGroup": "RG-AustraliaEast-ARM-4"
      },
      {
        "id": "/subscriptions/f0afb0df-9549-4bb4-8af8-683201ed7aaa/resourceGroups/RG-AustraliaEast-ARM-4/providers/Microsoft.Storage/storageAccounts/stttkueew3ipf3y/blobServices/default/containers/scripts",
        "resourceGroup": "RG-AustraliaEast-ARM-4"
      },
      {
        "id": "/subscriptions/f0afb0df-9549-4bb4-8af8-683201ed7aaa/resourceGroups/RG-AustraliaEast-ARM-4/providers/Microsoft.Storage/storageAccounts/stttkueew3ipf3y/fileServices/default/shares/myfileshare",
        "resourceGroup": "RG-AustraliaEast-ARM-4"
      }
    ],
    "outputs": null,
    "parameters": {
      "adminUsername": {
        "type": "String",
        "value": "bootstrapadmin"
      },
      "armClientObjectId": {
        "type": "String",
        "value": "385d2034-9ca3-4b02-99ca-5edc4654f183"
      },
      "dnsServers": {
        "type": "Array",
        "value": [
          "10.1.1.4",
          "168.63.129.16"
        ]
      },
      "location": {
        "type": "String",
        "value": "australiaeast"
      },
      "ownerObjectId": {
        "type": "String",
        "value": "d007f379-1e9f-4e5a-8758-5a424f73c1f5"
      },
      "resourceGroupName": {
        "type": "String",
        "value": "RG-AustraliaEast-ARM-4"
      },
      "subscriptionId": {
        "type": "String",
        "value": "f0afb0df-9549-4bb4-8af8-683201ed7aaa"
      }
    },
    "parametersLink": null,
    "providers": [
      {
        "id": null,
        "namespace": "Microsoft.Resources",
        "providerAuthorizationConsentState": null,
        "registrationPolicy": null,
        "registrationState": null,
        "resourceTypes": [
          {
            "aliases": null,
            "apiProfiles": null,
            "apiVersions": null,
            "capabilities": null,
            "defaultApiVersion": null,
            "locationMappings": null,
            "locations": [
              null
            ],
            "properties": null,
            "resourceType": "deployments",
            "zoneMappings": null
          }
        ]
      }
    ],
    "provisioningState": "Succeeded",
    "templateHash": "4817322005004378776",
    "templateLink": null,
    "timestamp": "2024-05-18T20:22:35.442796+00:00",
    "validatedResources": null
  },
  "resourceGroup": "RG-AustraliaEast-ARM-4",
  "tags": null,
  "type": "Microsoft.Resources/deployments"
}
INFO: Command ran in 1565.804 seconds (init: 0.195, invoke: 1565.608)
