Starting unprovisioning process
WARNING: A new Bicep release is available: v0.27.1. Upgrade now by running "az bicep upgrade".
INFO: Command ran in 706.458 seconds (init: 0.181, invoke: 706.277)
{
  "id": "/subscriptions/f0afb0df-9549-4bb4-8af8-683201ed7aaa/resourceGroups/RG-SwedenCentral-bicep-5/providers/Microsoft.Resources/deployments/cleanup",
  "location": null,
  "name": "cleanup",
  "properties": {
    "correlationId": "4457b6f4-8b3d-4540-b837-bac549fefdee",
    "debugSetting": null,
    "dependencies": [],
    "duration": "PT11M14.1551203S",
    "error": null,
    "mode": "Complete",
    "onErrorDeployment": null,
    "outputResources": [],
    "outputs": null,
    "parameters": null,
    "parametersLink": null,
    "providers": [],
    "provisioningState": "Succeeded",
    "templateHash": "6609161197123188811",
    "templateLink": null,
    "timestamp": "2024-05-21T05:36:05.564767+00:00",
    "validatedResources": null
  },
  "resourceGroup": "RG-SwedenCentral-bicep-5",
  "tags": null,
  "type": "Microsoft.Resources/deployments"
}
