Starting unprovisioning process
WARNING: A new Bicep release is available: v0.27.1. Upgrade now by running "az bicep upgrade".
INFO: Command ran in 526.600 seconds (init: 0.182, invoke: 526.418)
{
  "id": "/subscriptions/f0afb0df-9549-4bb4-8af8-683201ed7aaa/resourceGroups/RG-SwedenCentral-bicep-1/providers/Microsoft.Resources/deployments/cleanup",
  "location": null,
  "name": "cleanup",
  "properties": {
    "correlationId": "4461e733-7445-40fc-8d6d-50329f661a80",
    "debugSetting": null,
    "dependencies": [],
    "duration": "PT8M8.0869248S",
    "error": null,
    "mode": "Complete",
    "onErrorDeployment": null,
    "outputResources": [],
    "outputs": null,
    "parameters": null,
    "parametersLink": null,
    "providers": [],
    "provisioningState": "Succeeded",
    "templateHash": "6609161197123188811",
    "templateLink": null,
    "timestamp": "2024-05-20T04:27:36.330108+00:00",
    "validatedResources": null
  },
  "resourceGroup": "RG-SwedenCentral-bicep-1",
  "tags": null,
  "type": "Microsoft.Resources/deployments"
}
