Starting unprovisioning process
INFO: Command ran in 523.033 seconds (init: 0.180, invoke: 522.852)
{
  "id": "/subscriptions/f0afb0df-9549-4bb4-8af8-683201ed7aaa/resourceGroups/RG-SwedenCentral-ARM-4/providers/Microsoft.Resources/deployments/cleanup",
  "location": null,
  "name": "cleanup",
  "properties": {
    "correlationId": "fd609f7e-99ff-4ee2-93fe-bb7cde8cafa2",
    "debugSetting": null,
    "dependencies": [],
    "duration": "PT8M12.0997277S",
    "error": null,
    "mode": "Complete",
    "onErrorDeployment": null,
    "outputResources": [],
    "outputs": {},
    "parameters": {},
    "parametersLink": null,
    "providers": [],
    "provisioningState": "Succeeded",
    "templateHash": "11635883502557795404",
    "templateLink": null,
    "timestamp": "2024-05-15T23:42:23.343665+00:00",
    "validatedResources": null
  },
  "resourceGroup": "RG-SwedenCentral-ARM-4",
  "tags": null,
  "type": "Microsoft.Resources/deployments"
}
