Starting unprovisioning process
WARNING: A new Bicep release is available: v0.27.1. Upgrade now by running "az bicep upgrade".
INFO: Command ran in 706.638 seconds (init: 0.181, invoke: 706.457)
{
  "id": "/subscriptions/f0afb0df-9549-4bb4-8af8-683201ed7aaa/resourceGroups/RG-AustraliaEast-bicep-5/providers/Microsoft.Resources/deployments/cleanup",
  "location": null,
  "name": "cleanup",
  "properties": {
    "correlationId": "fef3473a-8ed2-40ff-a3ac-96be93143091",
    "debugSetting": null,
    "dependencies": [],
    "duration": "PT11M14.4147024S",
    "error": null,
    "mode": "Complete",
    "onErrorDeployment": null,
    "outputResources": [],
    "outputs": null,
    "parameters": null,
    "parametersLink": null,
    "providers": [],
    "provisioningState": "Succeeded",
    "templateHash": "6609161197123188811",
    "templateLink": null,
    "timestamp": "2024-05-21T06:13:02.567565+00:00",
    "validatedResources": null
  },
  "resourceGroup": "RG-AustraliaEast-bicep-5",
  "tags": null,
  "type": "Microsoft.Resources/deployments"
}
