Starting unprovisioning process
INFO: Command ran in 690.857 seconds (init: 0.183, invoke: 690.673)
{
  "id": "/subscriptions/f0afb0df-9549-4bb4-8af8-683201ed7aaa/resourceGroups/RG-AustraliaEast-ARM-2/providers/Microsoft.Resources/deployments/cleanup",
  "location": null,
  "name": "cleanup",
  "properties": {
    "correlationId": "e1a59150-fd5d-4ad3-aa70-2476ba935d95",
    "debugSetting": null,
    "dependencies": [],
    "duration": "PT11M6.1917001S",
    "error": null,
    "mode": "Complete",
    "onErrorDeployment": null,
    "outputResources": [],
    "outputs": {},
    "parameters": {},
    "parametersLink": null,
    "providers": [],
    "provisioningState": "Succeeded",
    "templateHash": "11635883502557795404",
    "templateLink": null,
    "timestamp": "2024-05-14T13:48:23.266118+00:00",
    "validatedResources": null
  },
  "resourceGroup": "RG-AustraliaEast-ARM-2",
  "tags": null,
  "type": "Microsoft.Resources/deployments"
}
