Starting unprovisioning process
WARNING: A new Bicep release is available: v0.27.1. Upgrade now by running "az bicep upgrade".
INFO: Command ran in 697.377 seconds (init: 0.180, invoke: 697.197)
{
  "id": "/subscriptions/f0afb0df-9549-4bb4-8af8-683201ed7aaa/resourceGroups/RG-AustraliaEast-bicep-5/providers/Microsoft.Resources/deployments/cleanup",
  "location": null,
  "name": "cleanup",
  "properties": {
    "correlationId": "ee191106-2acc-40ca-a940-0d915fe58128",
    "debugSetting": null,
    "dependencies": [],
    "duration": "PT11M9.5035902S",
    "error": null,
    "mode": "Complete",
    "onErrorDeployment": null,
    "outputResources": [],
    "outputs": null,
    "parameters": null,
    "parametersLink": null,
    "providers": [],
    "provisioningState": "Succeeded",
    "templateHash": "6609161197123188811",
    "templateLink": null,
    "timestamp": "2024-05-15T01:07:18.246974+00:00",
    "validatedResources": null
  },
  "resourceGroup": "RG-AustraliaEast-bicep-5",
  "tags": null,
  "type": "Microsoft.Resources/deployments"
}
