Starting unprovisioning process
WARNING: A new Bicep release is available: v0.27.1. Upgrade now by running "az bicep upgrade".
INFO: Command ran in 696.138 seconds (init: 0.183, invoke: 695.956)
{
  "id": "/subscriptions/f0afb0df-9549-4bb4-8af8-683201ed7aaa/resourceGroups/RG-AustraliaEast-bicep-5/providers/Microsoft.Resources/deployments/cleanup",
  "location": null,
  "name": "cleanup",
  "properties": {
    "correlationId": "8eca670b-6407-41a4-9ea5-91bb57969680",
    "debugSetting": null,
    "dependencies": [],
    "duration": "PT11M8.8752725S",
    "error": null,
    "mode": "Complete",
    "onErrorDeployment": null,
    "outputResources": [],
    "outputs": null,
    "parameters": null,
    "parametersLink": null,
    "providers": [],
    "provisioningState": "Succeeded",
    "templateHash": "6609161197123188811",
    "templateLink": null,
    "timestamp": "2024-05-17T10:21:08.602601+00:00",
    "validatedResources": null
  },
  "resourceGroup": "RG-AustraliaEast-bicep-5",
  "tags": null,
  "type": "Microsoft.Resources/deployments"
}
