Starting unprovisioning process
WARNING: A new Bicep release is available: v0.27.1. Upgrade now by running "az bicep upgrade".
INFO: Command ran in 697.319 seconds (init: 0.183, invoke: 697.136)
{
  "id": "/subscriptions/f0afb0df-9549-4bb4-8af8-683201ed7aaa/resourceGroups/RG-EastUS-bicep-1/providers/Microsoft.Resources/deployments/cleanup",
  "location": null,
  "name": "cleanup",
  "properties": {
    "correlationId": "0d523346-5016-4fb0-a048-3b2b04a06cce",
    "debugSetting": null,
    "dependencies": [],
    "duration": "PT11M2.8006644S",
    "error": null,
    "mode": "Complete",
    "onErrorDeployment": null,
    "outputResources": [],
    "outputs": null,
    "parameters": null,
    "parametersLink": null,
    "providers": [],
    "provisioningState": "Succeeded",
    "templateHash": "6609161197123188811",
    "templateLink": null,
    "timestamp": "2024-05-14T11:12:36.832321+00:00",
    "validatedResources": null
  },
  "resourceGroup": "RG-EastUS-bicep-1",
  "tags": null,
  "type": "Microsoft.Resources/deployments"
}
