Starting unprovisioning process
INFO: Command ran in 509.759 seconds (init: 0.183, invoke: 509.576)
{
  "id": "/subscriptions/f0afb0df-9549-4bb4-8af8-683201ed7aaa/resourceGroups/RG-AustraliaEast-ARM-2/providers/Microsoft.Resources/deployments/cleanup",
  "location": null,
  "name": "cleanup",
  "properties": {
    "correlationId": "75c6d6a2-564f-4393-ae08-76b170fa5903",
    "debugSetting": null,
    "dependencies": [],
    "duration": "PT8M8.3375831S",
    "error": null,
    "mode": "Complete",
    "onErrorDeployment": null,
    "outputResources": [],
    "outputs": {},
    "parameters": {},
    "parametersLink": null,
    "providers": [],
    "provisioningState": "Succeeded",
    "templateHash": "11635883502557795404",
    "templateLink": null,
    "timestamp": "2024-05-15T14:10:32.746151+00:00",
    "validatedResources": null
  },
  "resourceGroup": "RG-AustraliaEast-ARM-2",
  "tags": null,
  "type": "Microsoft.Resources/deployments"
}
