Starting unprovisioning process
INFO: Command ran in 702.595 seconds (init: 0.181, invoke: 702.414)
{
  "id": "/subscriptions/f0afb0df-9549-4bb4-8af8-683201ed7aaa/resourceGroups/RG-SwedenCentral-ARM-3/providers/Microsoft.Resources/deployments/cleanup",
  "location": null,
  "name": "cleanup",
  "properties": {
    "correlationId": "60afd988-4538-4a6d-9888-447959adf16c",
    "debugSetting": null,
    "dependencies": [],
    "duration": "PT11M14.0430682S",
    "error": null,
    "mode": "Complete",
    "onErrorDeployment": null,
    "outputResources": [],
    "outputs": {},
    "parameters": {},
    "parametersLink": null,
    "providers": [],
    "provisioningState": "Succeeded",
    "templateHash": "11635883502557795404",
    "templateLink": null,
    "timestamp": "2024-05-20T14:35:49.035544+00:00",
    "validatedResources": null
  },
  "resourceGroup": "RG-SwedenCentral-ARM-3",
  "tags": null,
  "type": "Microsoft.Resources/deployments"
}
