Starting unprovisioning process
WARNING: A new Bicep release is available: v0.27.1. Upgrade now by running "az bicep upgrade".
INFO: Command ran in 945.529 seconds (init: 0.183, invoke: 945.346)
{
  "id": "/subscriptions/f0afb0df-9549-4bb4-8af8-683201ed7aaa/resourceGroups/RG-AustraliaEast-bicep-3/providers/Microsoft.Resources/deployments/cleanup",
  "location": null,
  "name": "cleanup",
  "properties": {
    "correlationId": "9c5a5935-1450-40eb-b2b4-7f71546caab9",
    "debugSetting": null,
    "dependencies": [],
    "duration": "PT15M13.1870451S",
    "error": null,
    "mode": "Complete",
    "onErrorDeployment": null,
    "outputResources": [],
    "outputs": null,
    "parameters": null,
    "parametersLink": null,
    "providers": [],
    "provisioningState": "Succeeded",
    "templateHash": "6609161197123188811",
    "templateLink": null,
    "timestamp": "2024-05-18T16:24:37.682689+00:00",
    "validatedResources": null
  },
  "resourceGroup": "RG-AustraliaEast-bicep-3",
  "tags": null,
  "type": "Microsoft.Resources/deployments"
}
