Starting unprovisioning process
WARNING: A new Bicep release is available: v0.27.1. Upgrade now by running "az bicep upgrade".
INFO: Command ran in 707.082 seconds (init: 0.181, invoke: 706.901)
{
  "id": "/subscriptions/f0afb0df-9549-4bb4-8af8-683201ed7aaa/resourceGroups/RG-SwedenCentral-bicep-3/providers/Microsoft.Resources/deployments/cleanup",
  "location": null,
  "name": "cleanup",
  "properties": {
    "correlationId": "077351c8-1b2d-4525-b34f-3761e51cfff2",
    "debugSetting": null,
    "dependencies": [],
    "duration": "PT11M14.0198433S",
    "error": null,
    "mode": "Complete",
    "onErrorDeployment": null,
    "outputResources": [],
    "outputs": null,
    "parameters": null,
    "parametersLink": null,
    "providers": [],
    "provisioningState": "Succeeded",
    "templateHash": "6609161197123188811",
    "templateLink": null,
    "timestamp": "2024-05-18T15:48:53.033873+00:00",
    "validatedResources": null
  },
  "resourceGroup": "RG-SwedenCentral-bicep-3",
  "tags": null,
  "type": "Microsoft.Resources/deployments"
}
