Starting unprovisioning process
WARNING: A new Bicep release is available: v0.27.1. Upgrade now by running "az bicep upgrade".
INFO: Command ran in 707.664 seconds (init: 0.180, invoke: 707.484)
{
  "id": "/subscriptions/f0afb0df-9549-4bb4-8af8-683201ed7aaa/resourceGroups/RG-SwedenCentral-bicep-4/providers/Microsoft.Resources/deployments/cleanup",
  "location": null,
  "name": "cleanup",
  "properties": {
    "correlationId": "3319fcc8-a7ad-4812-b692-eee48a473c2b",
    "debugSetting": null,
    "dependencies": [],
    "duration": "PT11M10.6047717S",
    "error": null,
    "mode": "Complete",
    "onErrorDeployment": null,
    "outputResources": [],
    "outputs": null,
    "parameters": null,
    "parametersLink": null,
    "providers": [],
    "provisioningState": "Succeeded",
    "templateHash": "6609161197123188811",
    "templateLink": null,
    "timestamp": "2024-05-16T00:51:37.429367+00:00",
    "validatedResources": null
  },
  "resourceGroup": "RG-SwedenCentral-bicep-4",
  "tags": null,
  "type": "Microsoft.Resources/deployments"
}
