Starting unprovisioning process
INFO: Command ran in 1189.851 seconds (init: 0.184, invoke: 1189.666)
{
  "id": "/subscriptions/f0afb0df-9549-4bb4-8af8-683201ed7aaa/resourceGroups/RG-SwedenCentral-ARM-2/providers/Microsoft.Resources/deployments/cleanup",
  "location": null,
  "name": "cleanup",
  "properties": {
    "correlationId": "a534df14-3bf9-4ba1-b480-54ae11394d4b",
    "debugSetting": null,
    "dependencies": [],
    "duration": "PT19M21.7534468S",
    "error": null,
    "mode": "Complete",
    "onErrorDeployment": null,
    "outputResources": [],
    "outputs": {},
    "parameters": {},
    "parametersLink": null,
    "providers": [],
    "provisioningState": "Succeeded",
    "templateHash": "11635883502557795404",
    "templateLink": null,
    "timestamp": "2024-05-16T18:45:29.701903+00:00",
    "validatedResources": null
  },
  "resourceGroup": "RG-SwedenCentral-ARM-2",
  "tags": null,
  "type": "Microsoft.Resources/deployments"
}
