Starting unprovisioning process
WARNING: A new Bicep release is available: v0.26.170. Upgrade now by running "az bicep upgrade".
INFO: Command ran in 713.134 seconds (init: 0.220, invoke: 712.913)
{
  "id": "/subscriptions/33f27ac9-52ef-43de-b518-ef0b994e7f1b/resourceGroups/RG-SwedenCentral-bicep-1/providers/Microsoft.Resources/deployments/cleanup",
  "location": null,
  "name": "cleanup",
  "properties": {
    "correlationId": "4d9af009-d694-4076-9eea-89fda15561f7",
    "debugSetting": null,
    "dependencies": [],
    "duration": "PT11M13.1467347S",
    "error": null,
    "mode": "Complete",
    "onErrorDeployment": null,
    "outputResources": [],
    "outputs": null,
    "parameters": null,
    "parametersLink": null,
    "providers": [],
    "provisioningState": "Succeeded",
    "templateHash": "6609161197123188811",
    "templateLink": null,
    "timestamp": "2024-04-17T02:12:21.567949+00:00",
    "validatedResources": null
  },
  "resourceGroup": "RG-SwedenCentral-bicep-1",
  "tags": null,
  "type": "Microsoft.Resources/deployments"
}
