Starting unprovisioning process
WARNING: A new Bicep release is available: v0.27.1. Upgrade now by running "az bicep upgrade".
INFO: Command ran in 707.019 seconds (init: 0.180, invoke: 706.840)
{
  "id": "/subscriptions/f0afb0df-9549-4bb4-8af8-683201ed7aaa/resourceGroups/RG-SwedenCentral-bicep-5/providers/Microsoft.Resources/deployments/cleanup",
  "location": null,
  "name": "cleanup",
  "properties": {
    "correlationId": "d4de0e04-fbea-4b7c-a0b3-0e456c673ac8",
    "debugSetting": null,
    "dependencies": [],
    "duration": "PT11M17.7360461S",
    "error": null,
    "mode": "Complete",
    "onErrorDeployment": null,
    "outputResources": [],
    "outputs": null,
    "parameters": null,
    "parametersLink": null,
    "providers": [],
    "provisioningState": "Succeeded",
    "templateHash": "6609161197123188811",
    "templateLink": null,
    "timestamp": "2024-05-17T09:53:16.739962+00:00",
    "validatedResources": null
  },
  "resourceGroup": "RG-SwedenCentral-bicep-5",
  "tags": null,
  "type": "Microsoft.Resources/deployments"
}
