Starting unprovisioning process
INFO: Command ran in 707.916 seconds (init: 0.186, invoke: 707.730)
{
  "id": "/subscriptions/f0afb0df-9549-4bb4-8af8-683201ed7aaa/resourceGroups/RG-SwedenCentral-bicep-2/providers/Microsoft.Resources/deployments/cleanup",
  "location": null,
  "name": "cleanup",
  "properties": {
    "correlationId": "85864e4c-72dd-430a-ba48-4d0f78960399",
    "debugSetting": null,
    "dependencies": [],
    "duration": "PT11M12.8717805S",
    "error": null,
    "mode": "Complete",
    "onErrorDeployment": null,
    "outputResources": [],
    "outputs": {},
    "parameters": {},
    "parametersLink": null,
    "providers": [],
    "provisioningState": "Succeeded",
    "templateHash": "11635883502557795404",
    "templateLink": null,
    "timestamp": "2024-06-01T15:53:10.808099+00:00",
    "validatedResources": null
  },
  "resourceGroup": "RG-SwedenCentral-bicep-2",
  "tags": null,
  "type": "Microsoft.Resources/deployments"
}
