Starting unprovisioning process
INFO: Command ran in 700.984 seconds (init: 0.230, invoke: 700.754)
{
  "id": "/subscriptions/33f27ac9-52ef-43de-b518-ef0b994e7f1b/resourceGroups/RG-AustraliaEast-ARM-1/providers/Microsoft.Resources/deployments/cleanup",
  "location": null,
  "name": "cleanup",
  "properties": {
    "correlationId": "7654aa38-3d45-43f3-9573-ec3ae3b0915a",
    "debugSetting": null,
    "dependencies": [],
    "duration": "PT11M22.5048141S",
    "error": null,
    "mode": "Complete",
    "onErrorDeployment": null,
    "outputResources": [],
    "outputs": {},
    "parameters": {},
    "parametersLink": null,
    "providers": [],
    "provisioningState": "Succeeded",
    "templateHash": "11635883502557795404",
    "templateLink": null,
    "timestamp": "2024-04-21T01:05:40.069671+00:00",
    "validatedResources": null
  },
  "resourceGroup": "RG-AustraliaEast-ARM-1",
  "tags": null,
  "type": "Microsoft.Resources/deployments"
}
