Starting unprovisioning process
INFO: Command ran in 521.277 seconds (init: 0.183, invoke: 521.095)
{
  "id": "/subscriptions/f0afb0df-9549-4bb4-8af8-683201ed7aaa/resourceGroups/RG-SwedenCentral-ARM-4/providers/Microsoft.Resources/deployments/cleanup",
  "location": null,
  "name": "cleanup",
  "properties": {
    "correlationId": "6315b65f-67a4-4763-8826-5283c9ea5e39",
    "debugSetting": null,
    "dependencies": [],
    "duration": "PT8M11.4457425S",
    "error": null,
    "mode": "Complete",
    "onErrorDeployment": null,
    "outputResources": [],
    "outputs": {},
    "parameters": {},
    "parametersLink": null,
    "providers": [],
    "provisioningState": "Succeeded",
    "templateHash": "11635883502557795404",
    "templateLink": null,
    "timestamp": "2024-05-14T20:42:24.439046+00:00",
    "validatedResources": null
  },
  "resourceGroup": "RG-SwedenCentral-ARM-4",
  "tags": null,
  "type": "Microsoft.Resources/deployments"
}
