Starting unprovisioning process
INFO: Command ran in 704.526 seconds (init: 0.185, invoke: 704.341)
{
  "id": "/subscriptions/f0afb0df-9549-4bb4-8af8-683201ed7aaa/resourceGroups/RG-SwedenCentral-ARM-1/providers/Microsoft.Resources/deployments/cleanup",
  "location": null,
  "name": "cleanup",
  "properties": {
    "correlationId": "60bb1f41-8733-4618-b511-5da97417910d",
    "debugSetting": null,
    "dependencies": [],
    "duration": "PT11M15.2136324S",
    "error": null,
    "mode": "Complete",
    "onErrorDeployment": null,
    "outputResources": [],
    "outputs": {},
    "parameters": {},
    "parametersLink": null,
    "providers": [],
    "provisioningState": "Succeeded",
    "templateHash": "11635883502557795404",
    "templateLink": null,
    "timestamp": "2024-05-16T14:16:23.285891+00:00",
    "validatedResources": null
  },
  "resourceGroup": "RG-SwedenCentral-ARM-1",
  "tags": null,
  "type": "Microsoft.Resources/deployments"
}
