Starting unprovisioning process
INFO: Command ran in 944.928 seconds (init: 0.257, invoke: 944.671)
{
  "id": "/subscriptions/33f27ac9-52ef-43de-b518-ef0b994e7f1b/resourceGroups/RG-AustraliaEast-ARM-1/providers/Microsoft.Resources/deployments/cleanup",
  "location": null,
  "name": "cleanup",
  "properties": {
    "correlationId": "6d434880-9a99-4cce-be2e-8ac6b2864d0f",
    "debugSetting": null,
    "dependencies": [],
    "duration": "PT15M9.7604086S",
    "error": null,
    "mode": "Complete",
    "onErrorDeployment": null,
    "outputResources": [],
    "outputs": {},
    "parameters": {},
    "parametersLink": null,
    "providers": [],
    "provisioningState": "Succeeded",
    "templateHash": "11635883502557795404",
    "templateLink": null,
    "timestamp": "2024-04-19T21:41:02.068072+00:00",
    "validatedResources": null
  },
  "resourceGroup": "RG-AustraliaEast-ARM-1",
  "tags": null,
  "type": "Microsoft.Resources/deployments"
}
