Starting unprovisioning process
INFO: Command ran in 692.847 seconds (init: 0.179, invoke: 692.668)
{
  "id": "/subscriptions/f0afb0df-9549-4bb4-8af8-683201ed7aaa/resourceGroups/RG-EastUS-ARM-1/providers/Microsoft.Resources/deployments/cleanup",
  "location": null,
  "name": "cleanup",
  "properties": {
    "correlationId": "db458b0a-46bf-430a-9aba-7bb2ebc61c15",
    "debugSetting": null,
    "dependencies": [],
    "duration": "PT11M2.8624531S",
    "error": null,
    "mode": "Complete",
    "onErrorDeployment": null,
    "outputResources": [],
    "outputs": {},
    "parameters": {},
    "parametersLink": null,
    "providers": [],
    "provisioningState": "Succeeded",
    "templateHash": "11635883502557795404",
    "templateLink": null,
    "timestamp": "2024-05-14T10:07:39.620052+00:00",
    "validatedResources": null
  },
  "resourceGroup": "RG-EastUS-ARM-1",
  "tags": null,
  "type": "Microsoft.Resources/deployments"
}
