Starting unprovisioning process
WARNING: A new Bicep release is available: v0.27.1. Upgrade now by running "az bicep upgrade".
INFO: Command ran in 696.119 seconds (init: 0.182, invoke: 695.936)
{
  "id": "/subscriptions/f0afb0df-9549-4bb4-8af8-683201ed7aaa/resourceGroups/RG-EastUS-bicep-5/providers/Microsoft.Resources/deployments/cleanup",
  "location": null,
  "name": "cleanup",
  "properties": {
    "correlationId": "3cc75aaa-64b2-4222-b09d-f171bacc82d0",
    "debugSetting": null,
    "dependencies": [],
    "duration": "PT11M2.6774553S",
    "error": null,
    "mode": "Complete",
    "onErrorDeployment": null,
    "outputResources": [],
    "outputs": null,
    "parameters": null,
    "parametersLink": null,
    "providers": [],
    "provisioningState": "Succeeded",
    "templateHash": "6609161197123188811",
    "templateLink": null,
    "timestamp": "2024-05-17T09:28:46.485445+00:00",
    "validatedResources": null
  },
  "resourceGroup": "RG-EastUS-bicep-5",
  "tags": null,
  "type": "Microsoft.Resources/deployments"
}
