Starting unprovisioning process
WARNING: A new Bicep release is available: v0.27.1. Upgrade now by running "az bicep upgrade".
INFO: Command ran in 938.268 seconds (init: 0.179, invoke: 938.089)
{
  "id": "/subscriptions/f0afb0df-9549-4bb4-8af8-683201ed7aaa/resourceGroups/RG-AustraliaEast-bicep-5/providers/Microsoft.Resources/deployments/cleanup",
  "location": null,
  "name": "cleanup",
  "properties": {
    "correlationId": "28138cc0-a7d6-4cf1-9e86-3720821f7319",
    "debugSetting": null,
    "dependencies": [],
    "duration": "PT15M11.1118836S",
    "error": null,
    "mode": "Complete",
    "onErrorDeployment": null,
    "outputResources": [],
    "outputs": null,
    "parameters": null,
    "parametersLink": null,
    "providers": [],
    "provisioningState": "Succeeded",
    "templateHash": "6609161197123188811",
    "templateLink": null,
    "timestamp": "2024-05-16T05:27:44.702874+00:00",
    "validatedResources": null
  },
  "resourceGroup": "RG-AustraliaEast-bicep-5",
  "tags": null,
  "type": "Microsoft.Resources/deployments"
}
