Starting unprovisioning process
WARNING: A new Bicep release is available: v0.26.170. Upgrade now by running "az bicep upgrade".
INFO: Command ran in 526.035 seconds (init: 0.236, invoke: 525.800)
{
  "id": "/subscriptions/33f27ac9-52ef-43de-b518-ef0b994e7f1b/resourceGroups/RG-AustraliaEast-bicep-3/providers/Microsoft.Resources/deployments/cleanup",
  "location": null,
  "name": "cleanup",
  "properties": {
    "correlationId": "6047844d-9792-4672-bc5f-521ac77500dd",
    "debugSetting": null,
    "dependencies": [],
    "duration": "PT8M6.9123126S",
    "error": null,
    "mode": "Complete",
    "onErrorDeployment": null,
    "outputResources": [],
    "outputs": null,
    "parameters": null,
    "parametersLink": null,
    "providers": [],
    "provisioningState": "Succeeded",
    "templateHash": "6609161197123188811",
    "templateLink": null,
    "timestamp": "2024-04-17T09:35:52.933047+00:00",
    "validatedResources": null
  },
  "resourceGroup": "RG-AustraliaEast-bicep-3",
  "tags": null,
  "type": "Microsoft.Resources/deployments"
}
