Starting unprovisioning process
WARNING: A new Bicep release is available: v0.27.1. Upgrade now by running "az bicep upgrade".
INFO: Command ran in 696.616 seconds (init: 0.180, invoke: 696.436)
{
  "id": "/subscriptions/f0afb0df-9549-4bb4-8af8-683201ed7aaa/resourceGroups/RG-EastUS-bicep-5/providers/Microsoft.Resources/deployments/cleanup",
  "location": null,
  "name": "cleanup",
  "properties": {
    "correlationId": "257396a4-0ad4-41e1-805b-6768cdae0821",
    "debugSetting": null,
    "dependencies": [],
    "duration": "PT11M3.3687425S",
    "error": null,
    "mode": "Complete",
    "onErrorDeployment": null,
    "outputResources": [],
    "outputs": null,
    "parameters": null,
    "parametersLink": null,
    "providers": [],
    "provisioningState": "Succeeded",
    "templateHash": "6609161197123188811",
    "templateLink": null,
    "timestamp": "2024-05-19T02:45:44.486256+00:00",
    "validatedResources": null
  },
  "resourceGroup": "RG-EastUS-bicep-5",
  "tags": null,
  "type": "Microsoft.Resources/deployments"
}
