Starting unprovisioning process
INFO: Command ran in 754.849 seconds (init: 0.184, invoke: 754.665)
{
  "id": "/subscriptions/f0afb0df-9549-4bb4-8af8-683201ed7aaa/resourceGroups/RG-AustraliaEast-bicep-2/providers/Microsoft.Resources/deployments/cleanup",
  "location": null,
  "name": "cleanup",
  "properties": {
    "correlationId": "d5ddc912-9f74-4bab-aca3-ecc4214c022e",
    "debugSetting": null,
    "dependencies": [],
    "duration": "PT12M14.7061104S",
    "error": null,
    "mode": "Complete",
    "onErrorDeployment": null,
    "outputResources": [],
    "outputs": {},
    "parameters": {},
    "parametersLink": null,
    "providers": [],
    "provisioningState": "Succeeded",
    "templateHash": "11635883502557795404",
    "templateLink": null,
    "timestamp": "2024-06-01T16:28:24.064909+00:00",
    "validatedResources": null
  },
  "resourceGroup": "RG-AustraliaEast-bicep-2",
  "tags": null,
  "type": "Microsoft.Resources/deployments"
}
