Starting unprovisioning process
INFO: Command ran in 693.176 seconds (init: 0.181, invoke: 692.994)
{
  "id": "/subscriptions/f0afb0df-9549-4bb4-8af8-683201ed7aaa/resourceGroups/RG-AustraliaEast-ARM-1/providers/Microsoft.Resources/deployments/cleanup",
  "location": null,
  "name": "cleanup",
  "properties": {
    "correlationId": "44362f94-ea4a-4bfb-9d28-de3c17cade24",
    "debugSetting": null,
    "dependencies": [],
    "duration": "PT11M10.6076546S",
    "error": null,
    "mode": "Complete",
    "onErrorDeployment": null,
    "outputResources": [],
    "outputs": {},
    "parameters": {},
    "parametersLink": null,
    "providers": [],
    "provisioningState": "Succeeded",
    "templateHash": "11635883502557795404",
    "templateLink": null,
    "timestamp": "2024-05-20T02:46:42.634315+00:00",
    "validatedResources": null
  },
  "resourceGroup": "RG-AustraliaEast-ARM-1",
  "tags": null,
  "type": "Microsoft.Resources/deployments"
}
