Starting unprovisioning process
INFO: Command ran in 693.409 seconds (init: 0.209, invoke: 693.200)
{
  "id": "/subscriptions/f0afb0df-9549-4bb4-8af8-683201ed7aaa/resourceGroups/RG-AustraliaEast-ARM-2/providers/Microsoft.Resources/deployments/cleanup",
  "location": null,
  "name": "cleanup",
  "properties": {
    "correlationId": "fc2e6a41-7c98-45f1-83d5-1b7a2e0f393a",
    "debugSetting": null,
    "dependencies": [],
    "duration": "PT11M12.5018595S",
    "error": null,
    "mode": "Complete",
    "onErrorDeployment": null,
    "outputResources": [],
    "outputs": {},
    "parameters": {},
    "parametersLink": null,
    "providers": [],
    "provisioningState": "Succeeded",
    "templateHash": "11635883502557795404",
    "templateLink": null,
    "timestamp": "2024-05-18T08:59:59.015206+00:00",
    "validatedResources": null
  },
  "resourceGroup": "RG-AustraliaEast-ARM-2",
  "tags": null,
  "type": "Microsoft.Resources/deployments"
}
