Starting unprovisioning process
WARNING: A new Bicep release is available: v0.26.170. Upgrade now by running "az bicep upgrade".
INFO: Command ran in 702.978 seconds (init: 0.255, invoke: 702.722)
{
  "id": "/subscriptions/33f27ac9-52ef-43de-b518-ef0b994e7f1b/resourceGroups/RG-AustraliaEast-bicep-1/providers/Microsoft.Resources/deployments/cleanup",
  "location": null,
  "name": "cleanup",
  "properties": {
    "correlationId": "cf9419c7-50d5-45c5-a8a2-bf68dcb4aea1",
    "debugSetting": null,
    "dependencies": [],
    "duration": "PT11M8.5562836S",
    "error": null,
    "mode": "Complete",
    "onErrorDeployment": null,
    "outputResources": [],
    "outputs": null,
    "parameters": null,
    "parametersLink": null,
    "providers": [],
    "provisioningState": "Succeeded",
    "templateHash": "6609161197123188811",
    "templateLink": null,
    "timestamp": "2024-04-17T17:40:25.714921+00:00",
    "validatedResources": null
  },
  "resourceGroup": "RG-AustraliaEast-bicep-1",
  "tags": null,
  "type": "Microsoft.Resources/deployments"
}
