Starting unprovisioning process
INFO: Command ran in 931.738 seconds (init: 0.228, invoke: 931.510)
{
  "id": "/subscriptions/33f27ac9-52ef-43de-b518-ef0b994e7f1b/resourceGroups/RG-SwedenCentral-ARM-2/providers/Microsoft.Resources/deployments/cleanup",
  "location": null,
  "name": "cleanup",
  "properties": {
    "correlationId": "a4354e77-a937-4b60-9b66-346ac9351d74",
    "debugSetting": null,
    "dependencies": [],
    "duration": "PT15M15.4035747S",
    "error": null,
    "mode": "Complete",
    "onErrorDeployment": null,
    "outputResources": [],
    "outputs": {},
    "parameters": {},
    "parametersLink": null,
    "providers": [],
    "provisioningState": "Succeeded",
    "templateHash": "11635883502557795404",
    "templateLink": null,
    "timestamp": "2024-04-17T04:32:39.656794+00:00",
    "validatedResources": null
  },
  "resourceGroup": "RG-SwedenCentral-ARM-2",
  "tags": null,
  "type": "Microsoft.Resources/deployments"
}
