Starting unprovisioning process
INFO: Command ran in 693.910 seconds (init: 0.181, invoke: 693.729)
{
  "id": "/subscriptions/f0afb0df-9549-4bb4-8af8-683201ed7aaa/resourceGroups/RG-EastUS-ARM-2/providers/Microsoft.Resources/deployments/cleanup",
  "location": null,
  "name": "cleanup",
  "properties": {
    "correlationId": "52f156b7-7e90-4637-a358-a14ebcff51bb",
    "debugSetting": null,
    "dependencies": [],
    "duration": "PT11M2.580661S",
    "error": null,
    "mode": "Complete",
    "onErrorDeployment": null,
    "outputResources": [],
    "outputs": {},
    "parameters": {},
    "parametersLink": null,
    "providers": [],
    "provisioningState": "Succeeded",
    "templateHash": "11635883502557795404",
    "templateLink": null,
    "timestamp": "2024-05-14T13:06:07.396303+00:00",
    "validatedResources": null
  },
  "resourceGroup": "RG-EastUS-ARM-2",
  "tags": null,
  "type": "Microsoft.Resources/deployments"
}
