Starting unprovisioning process
WARNING: A new Bicep release is available: v0.27.1. Upgrade now by running "az bicep upgrade".
INFO: Command ran in 709.550 seconds (init: 0.188, invoke: 709.362)
{
  "id": "/subscriptions/f0afb0df-9549-4bb4-8af8-683201ed7aaa/resourceGroups/RG-SwedenCentral-bicep-1/providers/Microsoft.Resources/deployments/cleanup",
  "location": null,
  "name": "cleanup",
  "properties": {
    "correlationId": "56cea60b-63fc-42d2-ae2d-0c322b9493e0",
    "debugSetting": null,
    "dependencies": [],
    "duration": "PT11M13.6101067S",
    "error": null,
    "mode": "Complete",
    "onErrorDeployment": null,
    "outputResources": [],
    "outputs": null,
    "parameters": null,
    "parametersLink": null,
    "providers": [],
    "provisioningState": "Succeeded",
    "templateHash": "6609161197123188811",
    "templateLink": null,
    "timestamp": "2024-05-18T04:20:11.072485+00:00",
    "validatedResources": null
  },
  "resourceGroup": "RG-SwedenCentral-bicep-1",
  "tags": null,
  "type": "Microsoft.Resources/deployments"
}
