Starting unprovisioning process
WARNING: A new Bicep release is available: v0.27.1. Upgrade now by running "az bicep upgrade".
INFO: Command ran in 695.747 seconds (init: 0.181, invoke: 695.566)
{
  "id": "/subscriptions/f0afb0df-9549-4bb4-8af8-683201ed7aaa/resourceGroups/RG-AustraliaEast-bicep-1/providers/Microsoft.Resources/deployments/cleanup",
  "location": null,
  "name": "cleanup",
  "properties": {
    "correlationId": "d0026ad4-8303-4c6b-907a-9be89f0be5a7",
    "debugSetting": null,
    "dependencies": [],
    "duration": "PT11M9.3330756S",
    "error": null,
    "mode": "Complete",
    "onErrorDeployment": null,
    "outputResources": [],
    "outputs": null,
    "parameters": null,
    "parametersLink": null,
    "providers": [],
    "provisioningState": "Succeeded",
    "templateHash": "6609161197123188811",
    "templateLink": null,
    "timestamp": "2024-05-15T11:49:44.601580+00:00",
    "validatedResources": null
  },
  "resourceGroup": "RG-AustraliaEast-bicep-1",
  "tags": null,
  "type": "Microsoft.Resources/deployments"
}
