Starting unprovisioning process
WARNING: A new Bicep release is available: v0.27.1. Upgrade now by running "az bicep upgrade".
INFO: Command ran in 692.210 seconds (init: 0.180, invoke: 692.030)
{
  "id": "/subscriptions/f0afb0df-9549-4bb4-8af8-683201ed7aaa/resourceGroups/RG-AustraliaEast-bicep-4/providers/Microsoft.Resources/deployments/cleanup",
  "location": null,
  "name": "cleanup",
  "properties": {
    "correlationId": "f599cbef-59fc-401d-8dd2-f31e0676759a",
    "debugSetting": null,
    "dependencies": [],
    "duration": "PT11M11.8607392S",
    "error": null,
    "mode": "Complete",
    "onErrorDeployment": null,
    "outputResources": [],
    "outputs": null,
    "parameters": null,
    "parametersLink": null,
    "providers": [],
    "provisioningState": "Succeeded",
    "templateHash": "6609161197123188811",
    "templateLink": null,
    "timestamp": "2024-05-16T01:15:04.471922+00:00",
    "validatedResources": null
  },
  "resourceGroup": "RG-AustraliaEast-bicep-4",
  "tags": null,
  "type": "Microsoft.Resources/deployments"
}
