Starting unprovisioning process
WARNING: A new Bicep release is available: v0.27.1. Upgrade now by running "az bicep upgrade".
INFO: Command ran in 708.390 seconds (init: 0.196, invoke: 708.194)
{
  "id": "/subscriptions/f0afb0df-9549-4bb4-8af8-683201ed7aaa/resourceGroups/RG-SwedenCentral-bicep-4/providers/Microsoft.Resources/deployments/cleanup",
  "location": null,
  "name": "cleanup",
  "properties": {
    "correlationId": "a83cba9e-e2c9-4899-82be-43f354930fee",
    "debugSetting": null,
    "dependencies": [],
    "duration": "PT11M12.8539282S",
    "error": null,
    "mode": "Complete",
    "onErrorDeployment": null,
    "outputResources": [],
    "outputs": null,
    "parameters": null,
    "parametersLink": null,
    "providers": [],
    "provisioningState": "Succeeded",
    "templateHash": "6609161197123188811",
    "templateLink": null,
    "timestamp": "2024-05-21T00:05:50.117760+00:00",
    "validatedResources": null
  },
  "resourceGroup": "RG-SwedenCentral-bicep-4",
  "tags": null,
  "type": "Microsoft.Resources/deployments"
}
