Starting unprovisioning process
INFO: Command ran in 692.424 seconds (init: 0.181, invoke: 692.243)
{
  "id": "/subscriptions/f0afb0df-9549-4bb4-8af8-683201ed7aaa/resourceGroups/RG-AustraliaEast-ARM-5/providers/Microsoft.Resources/deployments/cleanup",
  "location": null,
  "name": "cleanup",
  "properties": {
    "correlationId": "42236b66-49de-4afc-93e5-d6335bc82e76",
    "debugSetting": null,
    "dependencies": [],
    "duration": "PT11M12.7119614S",
    "error": null,
    "mode": "Complete",
    "onErrorDeployment": null,
    "outputResources": [],
    "outputs": {},
    "parameters": {},
    "parametersLink": null,
    "providers": [],
    "provisioningState": "Succeeded",
    "templateHash": "11635883502557795404",
    "templateLink": null,
    "timestamp": "2024-05-17T09:03:38.451987+00:00",
    "validatedResources": null
  },
  "resourceGroup": "RG-AustraliaEast-ARM-5",
  "tags": null,
  "type": "Microsoft.Resources/deployments"
}
