Starting unprovisioning process
INFO: Command ran in 695.519 seconds (init: 0.180, invoke: 695.339)
{
  "id": "/subscriptions/f0afb0df-9549-4bb4-8af8-683201ed7aaa/resourceGroups/RG-AustraliaEast-ARM-3/providers/Microsoft.Resources/deployments/cleanup",
  "location": null,
  "name": "cleanup",
  "properties": {
    "correlationId": "9a6c399b-9439-4a06-9fd8-3beb98c5ee58",
    "debugSetting": null,
    "dependencies": [],
    "duration": "PT11M10.3296871S",
    "error": null,
    "mode": "Complete",
    "onErrorDeployment": null,
    "outputResources": [],
    "outputs": {},
    "parameters": {},
    "parametersLink": null,
    "providers": [],
    "provisioningState": "Succeeded",
    "templateHash": "11635883502557795404",
    "templateLink": null,
    "timestamp": "2024-05-16T23:19:54.597271+00:00",
    "validatedResources": null
  },
  "resourceGroup": "RG-AustraliaEast-ARM-3",
  "tags": null,
  "type": "Microsoft.Resources/deployments"
}
