Starting unprovisioning process
WARNING: A new Bicep release is available: v0.27.1. Upgrade now by running "az bicep upgrade".
INFO: Command ran in 698.656 seconds (init: 0.182, invoke: 698.474)
{
  "id": "/subscriptions/f0afb0df-9549-4bb4-8af8-683201ed7aaa/resourceGroups/RG-AustraliaEast-bicep-2/providers/Microsoft.Resources/deployments/cleanup",
  "location": null,
  "name": "cleanup",
  "properties": {
    "correlationId": "d9031239-461c-4e25-a0f0-cef7be7ced3c",
    "debugSetting": null,
    "dependencies": [],
    "duration": "PT11M8.4548103S",
    "error": null,
    "mode": "Complete",
    "onErrorDeployment": null,
    "outputResources": [],
    "outputs": null,
    "parameters": null,
    "parametersLink": null,
    "providers": [],
    "provisioningState": "Succeeded",
    "templateHash": "6609161197123188811",
    "templateLink": null,
    "timestamp": "2024-05-14T15:17:39.508462+00:00",
    "validatedResources": null
  },
  "resourceGroup": "RG-AustraliaEast-bicep-2",
  "tags": null,
  "type": "Microsoft.Resources/deployments"
}
