Starting unprovisioning process
WARNING: A new Bicep release is available: v0.27.1. Upgrade now by running "az bicep upgrade".
INFO: Command ran in 527.866 seconds (init: 0.181, invoke: 527.685)
{
  "id": "/subscriptions/f0afb0df-9549-4bb4-8af8-683201ed7aaa/resourceGroups/RG-SwedenCentral-bicep-4/providers/Microsoft.Resources/deployments/cleanup",
  "location": null,
  "name": "cleanup",
  "properties": {
    "correlationId": "e16fd7a0-67ed-436f-b13a-e9b9901df3ba",
    "debugSetting": null,
    "dependencies": [],
    "duration": "PT8M9.7400225S",
    "error": null,
    "mode": "Complete",
    "onErrorDeployment": null,
    "outputResources": [],
    "outputs": null,
    "parameters": null,
    "parametersLink": null,
    "providers": [],
    "provisioningState": "Succeeded",
    "templateHash": "6609161197123188811",
    "templateLink": null,
    "timestamp": "2024-05-14T21:40:24.352148+00:00",
    "validatedResources": null
  },
  "resourceGroup": "RG-SwedenCentral-bicep-4",
  "tags": null,
  "type": "Microsoft.Resources/deployments"
}
