Starting unprovisioning process
INFO: Command ran in 703.883 seconds (init: 0.184, invoke: 703.699)
{
  "id": "/subscriptions/f0afb0df-9549-4bb4-8af8-683201ed7aaa/resourceGroups/RG-SwedenCentral-ARM-3/providers/Microsoft.Resources/deployments/cleanup",
  "location": null,
  "name": "cleanup",
  "properties": {
    "correlationId": "f470450c-b67d-4ec8-922a-8f8264e8eb41",
    "debugSetting": null,
    "dependencies": [],
    "duration": "PT11M15.2083918S",
    "error": null,
    "mode": "Complete",
    "onErrorDeployment": null,
    "outputResources": [],
    "outputs": {},
    "parameters": {},
    "parametersLink": null,
    "providers": [],
    "provisioningState": "Succeeded",
    "templateHash": "11635883502557795404",
    "templateLink": null,
    "timestamp": "2024-05-18T13:41:09.556381+00:00",
    "validatedResources": null
  },
  "resourceGroup": "RG-SwedenCentral-ARM-3",
  "tags": null,
  "type": "Microsoft.Resources/deployments"
}
