Starting unprovisioning process
WARNING: A new Bicep release is available: v0.27.1. Upgrade now by running "az bicep upgrade".
INFO: Command ran in 710.685 seconds (init: 0.188, invoke: 710.497)
{
  "id": "/subscriptions/f0afb0df-9549-4bb4-8af8-683201ed7aaa/resourceGroups/RG-SwedenCentral-bicep-2/providers/Microsoft.Resources/deployments/cleanup",
  "location": null,
  "name": "cleanup",
  "properties": {
    "correlationId": "d13545fa-6b65-4bd3-8340-d08cb6b8ac3a",
    "debugSetting": null,
    "dependencies": [],
    "duration": "PT11M13.4389233S",
    "error": null,
    "mode": "Complete",
    "onErrorDeployment": null,
    "outputResources": [],
    "outputs": null,
    "parameters": null,
    "parametersLink": null,
    "providers": [],
    "provisioningState": "Succeeded",
    "templateHash": "6609161197123188811",
    "templateLink": null,
    "timestamp": "2024-05-15T15:05:33.834180+00:00",
    "validatedResources": null
  },
  "resourceGroup": "RG-SwedenCentral-bicep-2",
  "tags": null,
  "type": "Microsoft.Resources/deployments"
}
