Starting unprovisioning process
WARNING: A new Bicep release is available: v0.26.170. Upgrade now by running "az bicep upgrade".
INFO: Command ran in 679.979 seconds (init: 0.235, invoke: 679.744)
{
  "id": "/subscriptions/33f27ac9-52ef-43de-b518-ef0b994e7f1b/resourceGroups/RG-EastUS-bicep-1/providers/Microsoft.Resources/deployments/cleanup",
  "location": null,
  "name": "cleanup",
  "properties": {
    "correlationId": "106e1dd0-fc67-44cc-b5db-d0a61fc27267",
    "debugSetting": null,
    "dependencies": [],
    "duration": "PT11M3.8193036S",
    "error": null,
    "mode": "Complete",
    "onErrorDeployment": null,
    "outputResources": [],
    "outputs": null,
    "parameters": null,
    "parametersLink": null,
    "providers": [],
    "provisioningState": "Succeeded",
    "templateHash": "6609161197123188811",
    "templateLink": null,
    "timestamp": "2024-04-16T02:02:02.289262+00:00",
    "validatedResources": null
  },
  "resourceGroup": "RG-EastUS-bicep-1",
  "tags": null,
  "type": "Microsoft.Resources/deployments"
}
